Random seed set as 941
Args in experiment:
Namespace(random_seed=941, is_training=1, model_id='336_192', model='PatchTST', data='ETTh1', root_path='./datasets/ETDataset/ETT-small/', data_path='ETTh1.csv', features='M', target='OT', freq='h', checkpoints='./runs/checkpoints/', seq_len=336, label_len=48, pred_len=192, fc_dropout=0.3, head_dropout=0.0, patch_len=16, stride=8, padding_patch='end', revin=1, affine=0, subtract_last=0, decomposition=0, kernel_size=25, individual=0, embed_type=0, enc_in=7, dec_in=7, c_out=7, d_model=16, n_heads=4, e_layers=3, d_layers=1, d_ff=128, moving_avg=25, factor=1, distil=True, dropout=0.3, embed='timeF', activation='gelu', output_attention=False, do_predict=False, num_workers=10, itr=1, train_epochs=100, batch_size=128, patience=100, learning_rate=0.0001, des='Exp', loss='mse', lradj='type3', pct_start=0.3, use_amp=False, use_gpu=True, gpu=0, use_multi_gpu=False, devices='0,1,2,3', test_flop=False)
Use GPU: cuda:0
>>>>>>>start training : 336_192_PatchTST_ETTh1_ftM_sl336_ll48_pl192_dm16_nh4_el3_dl1_df128_fc1_ebtimeF_dtTrue_Exp_0>>>>>>>>>>>>>>>>>>>>>>>>>>
train 8113
val 2689
test 2689
Epoch: 1 cost time: 28.37178659439087
Epoch: 1, Steps: 63 | Train Loss: 0.7532515 Vali Loss: 1.5924559 Test Loss: 0.7868302
Validation loss decreased (inf --> 1.592456).  Saving model ...
Updating learning rate to 0.0001
Epoch: 2 cost time: 27.999454975128174
Epoch: 2, Steps: 63 | Train Loss: 0.6001145 Vali Loss: 1.0907773 Test Loss: 0.5322437
Validation loss decreased (1.592456 --> 1.090777).  Saving model ...
Updating learning rate to 0.0001
Epoch: 3 cost time: 28.054036140441895
Epoch: 3, Steps: 63 | Train Loss: 0.5010113 Vali Loss: 0.9857405 Test Loss: 0.4772597
Validation loss decreased (1.090777 --> 0.985740).  Saving model ...
Updating learning rate to 0.0001
Epoch: 4 cost time: 27.81631827354431
Epoch: 4, Steps: 63 | Train Loss: 0.4649582 Vali Loss: 0.9588710 Test Loss: 0.4491449
Validation loss decreased (0.985740 --> 0.958871).  Saving model ...
Updating learning rate to 9e-05
Epoch: 5 cost time: 28.198841094970703
Epoch: 5, Steps: 63 | Train Loss: 0.4484070 Vali Loss: 0.9419675 Test Loss: 0.4371985
Validation loss decreased (0.958871 --> 0.941968).  Saving model ...
Updating learning rate to 8.1e-05
Epoch: 6 cost time: 27.994009256362915
Epoch: 6, Steps: 63 | Train Loss: 0.4396365 Vali Loss: 0.9362568 Test Loss: 0.4311261
Validation loss decreased (0.941968 --> 0.936257).  Saving model ...
Updating learning rate to 7.290000000000001e-05
Epoch: 7 cost time: 27.9893159866333
Epoch: 7, Steps: 63 | Train Loss: 0.4336049 Vali Loss: 0.9322856 Test Loss: 0.4276969
Validation loss decreased (0.936257 --> 0.932286).  Saving model ...
Updating learning rate to 6.561e-05
Epoch: 8 cost time: 27.99714970588684
Epoch: 8, Steps: 63 | Train Loss: 0.4301793 Vali Loss: 0.9285722 Test Loss: 0.4249725
Validation loss decreased (0.932286 --> 0.928572).  Saving model ...
Updating learning rate to 5.904900000000001e-05
Epoch: 9 cost time: 28.226888179779053
Epoch: 9, Steps: 63 | Train Loss: 0.4273251 Vali Loss: 0.9277786 Test Loss: 0.4228617
Validation loss decreased (0.928572 --> 0.927779).  Saving model ...
Updating learning rate to 5.3144100000000005e-05
Epoch: 10 cost time: 27.9936580657959
Epoch: 10, Steps: 63 | Train Loss: 0.4247761 Vali Loss: 0.9282795 Test Loss: 0.4215827
EarlyStopping counter: 1 out of 100
Updating learning rate to 4.782969000000001e-05
Epoch: 11 cost time: 28.193978309631348
Epoch: 11, Steps: 63 | Train Loss: 0.4229446 Vali Loss: 0.9259256 Test Loss: 0.4204010
Validation loss decreased (0.927779 --> 0.925926).  Saving model ...
Updating learning rate to 4.304672100000001e-05
Epoch: 12 cost time: 27.967131853103638
Epoch: 12, Steps: 63 | Train Loss: 0.4221492 Vali Loss: 0.9247422 Test Loss: 0.4191577
Validation loss decreased (0.925926 --> 0.924742).  Saving model ...
Updating learning rate to 3.874204890000001e-05
Epoch: 13 cost time: 27.802133560180664
Epoch: 13, Steps: 63 | Train Loss: 0.4208157 Vali Loss: 0.9251873 Test Loss: 0.4184032
EarlyStopping counter: 1 out of 100
Updating learning rate to 3.486784401000001e-05
Epoch: 14 cost time: 28.010596990585327
Epoch: 14, Steps: 63 | Train Loss: 0.4198093 Vali Loss: 0.9246946 Test Loss: 0.4177125
Validation loss decreased (0.924742 --> 0.924695).  Saving model ...
Updating learning rate to 3.138105960900001e-05
Epoch: 15 cost time: 28.210313081741333
Epoch: 15, Steps: 63 | Train Loss: 0.4187944 Vali Loss: 0.9234595 Test Loss: 0.4169987
Validation loss decreased (0.924695 --> 0.923459).  Saving model ...
Updating learning rate to 2.824295364810001e-05
Epoch: 16 cost time: 27.987749814987183
Epoch: 16, Steps: 63 | Train Loss: 0.4181801 Vali Loss: 0.9236071 Test Loss: 0.4165094
EarlyStopping counter: 1 out of 100
Updating learning rate to 2.541865828329001e-05
Epoch: 17 cost time: 27.799636363983154
Epoch: 17, Steps: 63 | Train Loss: 0.4171236 Vali Loss: 0.9227448 Test Loss: 0.4160531
Validation loss decreased (0.923459 --> 0.922745).  Saving model ...
Updating learning rate to 2.287679245496101e-05
Epoch: 18 cost time: 28.02821636199951
Epoch: 18, Steps: 63 | Train Loss: 0.4169660 Vali Loss: 0.9212862 Test Loss: 0.4155985
Validation loss decreased (0.922745 --> 0.921286).  Saving model ...
Updating learning rate to 2.0589113209464907e-05
Epoch: 19 cost time: 27.819770097732544
Epoch: 19, Steps: 63 | Train Loss: 0.4159908 Vali Loss: 0.9219376 Test Loss: 0.4152567
EarlyStopping counter: 1 out of 100
Updating learning rate to 1.8530201888518416e-05
Epoch: 20 cost time: 28.04044771194458
Epoch: 20, Steps: 63 | Train Loss: 0.4157257 Vali Loss: 0.9214353 Test Loss: 0.4151000
EarlyStopping counter: 2 out of 100
Updating learning rate to 1.6677181699666577e-05
Epoch: 21 cost time: 28.213823080062866
Epoch: 21, Steps: 63 | Train Loss: 0.4152354 Vali Loss: 0.9208812 Test Loss: 0.4147719
Validation loss decreased (0.921286 --> 0.920881).  Saving model ...
Updating learning rate to 1.5009463529699919e-05
Epoch: 22 cost time: 28.199517250061035
Epoch: 22, Steps: 63 | Train Loss: 0.4155973 Vali Loss: 0.9213796 Test Loss: 0.4145333
EarlyStopping counter: 1 out of 100
Updating learning rate to 1.3508517176729929e-05
Epoch: 23 cost time: 28.00860595703125
Epoch: 23, Steps: 63 | Train Loss: 0.4150765 Vali Loss: 0.9206839 Test Loss: 0.4143992
Validation loss decreased (0.920881 --> 0.920684).  Saving model ...
Updating learning rate to 1.2157665459056936e-05
Epoch: 24 cost time: 27.997125387191772
Epoch: 24, Steps: 63 | Train Loss: 0.4151004 Vali Loss: 0.9205256 Test Loss: 0.4141920
Validation loss decreased (0.920684 --> 0.920526).  Saving model ...
Updating learning rate to 1.0941898913151242e-05
Epoch: 25 cost time: 28.183560371398926
Epoch: 25, Steps: 63 | Train Loss: 0.4135402 Vali Loss: 0.9197319 Test Loss: 0.4141333
Validation loss decreased (0.920526 --> 0.919732).  Saving model ...
Updating learning rate to 9.847709021836118e-06
Epoch: 26 cost time: 28.182805061340332
Epoch: 26, Steps: 63 | Train Loss: 0.4140077 Vali Loss: 0.9205376 Test Loss: 0.4139545
EarlyStopping counter: 1 out of 100
Updating learning rate to 8.862938119652508e-06
Epoch: 27 cost time: 28.003164768218994
Epoch: 27, Steps: 63 | Train Loss: 0.4139685 Vali Loss: 0.9201208 Test Loss: 0.4139181
EarlyStopping counter: 2 out of 100
Updating learning rate to 7.976644307687255e-06
Epoch: 28 cost time: 27.820295333862305
Epoch: 28, Steps: 63 | Train Loss: 0.4134782 Vali Loss: 0.9202861 Test Loss: 0.4136932
EarlyStopping counter: 3 out of 100
Updating learning rate to 7.178979876918531e-06
Epoch: 29 cost time: 27.842849016189575
Epoch: 29, Steps: 63 | Train Loss: 0.4136906 Vali Loss: 0.9197225 Test Loss: 0.4137620
Validation loss decreased (0.919732 --> 0.919722).  Saving model ...
Updating learning rate to 6.4610818892266776e-06
Epoch: 30 cost time: 27.997600317001343
Epoch: 30, Steps: 63 | Train Loss: 0.4132310 Vali Loss: 0.9197909 Test Loss: 0.4135627
EarlyStopping counter: 1 out of 100
Updating learning rate to 5.8149737003040096e-06
Epoch: 31 cost time: 27.80298638343811
Epoch: 31, Steps: 63 | Train Loss: 0.4128869 Vali Loss: 0.9193396 Test Loss: 0.4135278
Validation loss decreased (0.919722 --> 0.919340).  Saving model ...
Updating learning rate to 5.23347633027361e-06
Epoch: 32 cost time: 27.82965874671936
Epoch: 32, Steps: 63 | Train Loss: 0.4134066 Vali Loss: 0.9200246 Test Loss: 0.4134504
EarlyStopping counter: 1 out of 100
Updating learning rate to 4.710128697246249e-06
Epoch: 33 cost time: 27.995386838912964
Epoch: 33, Steps: 63 | Train Loss: 0.4129882 Vali Loss: 0.9202697 Test Loss: 0.4133985
EarlyStopping counter: 2 out of 100
Updating learning rate to 4.239115827521624e-06
Epoch: 34 cost time: 27.984753370285034
Epoch: 34, Steps: 63 | Train Loss: 0.4131270 Vali Loss: 0.9201362 Test Loss: 0.4134122
EarlyStopping counter: 3 out of 100
Updating learning rate to 3.815204244769462e-06
Epoch: 35 cost time: 27.812381744384766
Epoch: 35, Steps: 63 | Train Loss: 0.4128009 Vali Loss: 0.9199399 Test Loss: 0.4133701
EarlyStopping counter: 4 out of 100
Updating learning rate to 3.4336838202925152e-06
Epoch: 36 cost time: 27.816647052764893
Epoch: 36, Steps: 63 | Train Loss: 0.4130522 Vali Loss: 0.9199890 Test Loss: 0.4132271
EarlyStopping counter: 5 out of 100
Updating learning rate to 3.090315438263264e-06
Epoch: 37 cost time: 28.218799114227295
Epoch: 37, Steps: 63 | Train Loss: 0.4133251 Vali Loss: 0.9202260 Test Loss: 0.4132126
EarlyStopping counter: 6 out of 100
Updating learning rate to 2.7812838944369375e-06
Epoch: 38 cost time: 27.81173014640808
Epoch: 38, Steps: 63 | Train Loss: 0.4126262 Vali Loss: 0.9201298 Test Loss: 0.4131768
EarlyStopping counter: 7 out of 100
Updating learning rate to 2.503155504993244e-06
Epoch: 39 cost time: 28.216724157333374
Epoch: 39, Steps: 63 | Train Loss: 0.4128139 Vali Loss: 0.9197495 Test Loss: 0.4131395
EarlyStopping counter: 8 out of 100
Updating learning rate to 2.2528399544939195e-06
Epoch: 40 cost time: 28.04470944404602
Epoch: 40, Steps: 63 | Train Loss: 0.4124673 Vali Loss: 0.9200814 Test Loss: 0.4131799
EarlyStopping counter: 9 out of 100
Updating learning rate to 2.0275559590445276e-06
Epoch: 41 cost time: 28.200015783309937
Epoch: 41, Steps: 63 | Train Loss: 0.4125374 Vali Loss: 0.9199845 Test Loss: 0.4131794
EarlyStopping counter: 10 out of 100
Updating learning rate to 1.8248003631400751e-06
Epoch: 42 cost time: 28.011300325393677
Epoch: 42, Steps: 63 | Train Loss: 0.4127733 Vali Loss: 0.9201363 Test Loss: 0.4130851
EarlyStopping counter: 11 out of 100
Updating learning rate to 1.6423203268260676e-06
Epoch: 43 cost time: 27.835095167160034
Epoch: 43, Steps: 63 | Train Loss: 0.4128576 Vali Loss: 0.9199239 Test Loss: 0.4130980
EarlyStopping counter: 12 out of 100
Updating learning rate to 1.4780882941434609e-06
Epoch: 44 cost time: 28.0319185256958
Epoch: 44, Steps: 63 | Train Loss: 0.4123878 Vali Loss: 0.9195184 Test Loss: 0.4130144
EarlyStopping counter: 13 out of 100
Updating learning rate to 1.3302794647291146e-06
Epoch: 45 cost time: 27.782350540161133
Epoch: 45, Steps: 63 | Train Loss: 0.4126491 Vali Loss: 0.9199661 Test Loss: 0.4130692
EarlyStopping counter: 14 out of 100
Updating learning rate to 1.1972515182562034e-06
Epoch: 46 cost time: 27.982011318206787
Epoch: 46, Steps: 63 | Train Loss: 0.4128026 Vali Loss: 0.9197093 Test Loss: 0.4130380
EarlyStopping counter: 15 out of 100
Updating learning rate to 1.077526366430583e-06
Epoch: 47 cost time: 27.588671445846558
Epoch: 47, Steps: 63 | Train Loss: 0.4128447 Vali Loss: 0.9193987 Test Loss: 0.4130485
EarlyStopping counter: 16 out of 100
Updating learning rate to 9.697737297875248e-07
Epoch: 48 cost time: 27.82183337211609
Epoch: 48, Steps: 63 | Train Loss: 0.4121739 Vali Loss: 0.9195440 Test Loss: 0.4130518
EarlyStopping counter: 17 out of 100
Updating learning rate to 8.727963568087723e-07
Epoch: 49 cost time: 27.833447217941284
Epoch: 49, Steps: 63 | Train Loss: 0.4124106 Vali Loss: 0.9194725 Test Loss: 0.4130442
EarlyStopping counter: 18 out of 100
Updating learning rate to 7.855167211278951e-07
Epoch: 50 cost time: 27.80958843231201
Epoch: 50, Steps: 63 | Train Loss: 0.4128532 Vali Loss: 0.9197478 Test Loss: 0.4130453
EarlyStopping counter: 19 out of 100
Updating learning rate to 7.069650490151056e-07
Epoch: 51 cost time: 28.004270315170288
Epoch: 51, Steps: 63 | Train Loss: 0.4117288 Vali Loss: 0.9194430 Test Loss: 0.4130187
EarlyStopping counter: 20 out of 100
Updating learning rate to 6.36268544113595e-07
Epoch: 52 cost time: 28.148509740829468
Epoch: 52, Steps: 63 | Train Loss: 0.4123324 Vali Loss: 0.9187660 Test Loss: 0.4130494
Validation loss decreased (0.919340 --> 0.918766).  Saving model ...
Updating learning rate to 5.726416897022355e-07
Epoch: 53 cost time: 27.955320358276367
Epoch: 53, Steps: 63 | Train Loss: 0.4122169 Vali Loss: 0.9197780 Test Loss: 0.4130466
EarlyStopping counter: 1 out of 100
Updating learning rate to 5.15377520732012e-07
Epoch: 54 cost time: 28.037659883499146
Epoch: 54, Steps: 63 | Train Loss: 0.4127667 Vali Loss: 0.9195718 Test Loss: 0.4129939
EarlyStopping counter: 2 out of 100
Updating learning rate to 4.6383976865881085e-07
Epoch: 55 cost time: 28.010071277618408
Epoch: 55, Steps: 63 | Train Loss: 0.4125722 Vali Loss: 0.9197760 Test Loss: 0.4130128
EarlyStopping counter: 3 out of 100
Updating learning rate to 4.174557917929298e-07
Epoch: 56 cost time: 27.997143030166626
Epoch: 56, Steps: 63 | Train Loss: 0.4124667 Vali Loss: 0.9191508 Test Loss: 0.4130850
EarlyStopping counter: 4 out of 100
Updating learning rate to 3.7571021261363677e-07
Epoch: 57 cost time: 28.223127841949463
Epoch: 57, Steps: 63 | Train Loss: 0.4125662 Vali Loss: 0.9195206 Test Loss: 0.4130110
EarlyStopping counter: 5 out of 100
Updating learning rate to 3.381391913522731e-07
Epoch: 58 cost time: 28.61966347694397
Epoch: 58, Steps: 63 | Train Loss: 0.4123741 Vali Loss: 0.9196496 Test Loss: 0.4130317
EarlyStopping counter: 6 out of 100
Updating learning rate to 3.043252722170458e-07
Epoch: 59 cost time: 27.61704397201538
Epoch: 59, Steps: 63 | Train Loss: 0.4121637 Vali Loss: 0.9196418 Test Loss: 0.4129836
EarlyStopping counter: 7 out of 100
Updating learning rate to 2.7389274499534124e-07
Epoch: 60 cost time: 28.422917366027832
Epoch: 60, Steps: 63 | Train Loss: 0.4123805 Vali Loss: 0.9197093 Test Loss: 0.4129770
EarlyStopping counter: 8 out of 100
Updating learning rate to 2.465034704958071e-07
Epoch: 61 cost time: 27.826329708099365
Epoch: 61, Steps: 63 | Train Loss: 0.4125133 Vali Loss: 0.9198211 Test Loss: 0.4129550
EarlyStopping counter: 9 out of 100
Updating learning rate to 2.218531234462264e-07
Epoch: 62 cost time: 28.101310968399048
Epoch: 62, Steps: 63 | Train Loss: 0.4128880 Vali Loss: 0.9195295 Test Loss: 0.4130599
EarlyStopping counter: 10 out of 100
Updating learning rate to 1.9966781110160376e-07
Epoch: 63 cost time: 28.218546152114868
Epoch: 63, Steps: 63 | Train Loss: 0.4128371 Vali Loss: 0.9198686 Test Loss: 0.4129619
EarlyStopping counter: 11 out of 100
Updating learning rate to 1.797010299914434e-07
Epoch: 64 cost time: 28.459919214248657
Epoch: 64, Steps: 63 | Train Loss: 0.4124430 Vali Loss: 0.9198405 Test Loss: 0.4129420
EarlyStopping counter: 12 out of 100
Updating learning rate to 1.6173092699229907e-07
Epoch: 65 cost time: 28.930360794067383
Epoch: 65, Steps: 63 | Train Loss: 0.4121934 Vali Loss: 0.9193915 Test Loss: 0.4129708
EarlyStopping counter: 13 out of 100
Updating learning rate to 1.4555783429306916e-07
Epoch: 66 cost time: 28.588317155838013
Epoch: 66, Steps: 63 | Train Loss: 0.4122950 Vali Loss: 0.9193835 Test Loss: 0.4130194
EarlyStopping counter: 14 out of 100
Updating learning rate to 1.3100205086376224e-07
Epoch: 67 cost time: 28.808743715286255
Epoch: 67, Steps: 63 | Train Loss: 0.4120540 Vali Loss: 0.9193610 Test Loss: 0.4129815
EarlyStopping counter: 15 out of 100
Updating learning rate to 1.1790184577738603e-07
Epoch: 68 cost time: 28.22060775756836
Epoch: 68, Steps: 63 | Train Loss: 0.4121973 Vali Loss: 0.9197095 Test Loss: 0.4130142
EarlyStopping counter: 16 out of 100
Updating learning rate to 1.0611166119964742e-07
Epoch: 69 cost time: 28.6135470867157
Epoch: 69, Steps: 63 | Train Loss: 0.4129972 Vali Loss: 0.9191922 Test Loss: 0.4130005
EarlyStopping counter: 17 out of 100
Updating learning rate to 9.550049507968268e-08
Epoch: 70 cost time: 28.63815188407898
Epoch: 70, Steps: 63 | Train Loss: 0.4123481 Vali Loss: 0.9194679 Test Loss: 0.4129789
EarlyStopping counter: 18 out of 100
Updating learning rate to 8.595044557171442e-08
Epoch: 71 cost time: 29.04084086418152
Epoch: 71, Steps: 63 | Train Loss: 0.4124189 Vali Loss: 0.9195040 Test Loss: 0.4129761
EarlyStopping counter: 19 out of 100
Updating learning rate to 7.735540101454298e-08
Epoch: 72 cost time: 28.428218126296997
Epoch: 72, Steps: 63 | Train Loss: 0.4120673 Vali Loss: 0.9194457 Test Loss: 0.4129534
EarlyStopping counter: 20 out of 100
Updating learning rate to 6.961986091308869e-08
Epoch: 73 cost time: 28.568450450897217
Epoch: 73, Steps: 63 | Train Loss: 0.4124422 Vali Loss: 0.9193677 Test Loss: 0.4129402
EarlyStopping counter: 21 out of 100
Updating learning rate to 6.265787482177981e-08
Epoch: 74 cost time: 28.621631622314453
Epoch: 74, Steps: 63 | Train Loss: 0.4125586 Vali Loss: 0.9199605 Test Loss: 0.4129517
EarlyStopping counter: 22 out of 100
Updating learning rate to 5.639208733960184e-08
Epoch: 75 cost time: 28.600191831588745
Epoch: 75, Steps: 63 | Train Loss: 0.4124616 Vali Loss: 0.9199559 Test Loss: 0.4129384
EarlyStopping counter: 23 out of 100
Updating learning rate to 5.075287860564165e-08
Epoch: 76 cost time: 28.88173532485962
Epoch: 76, Steps: 63 | Train Loss: 0.4126627 Vali Loss: 0.9196032 Test Loss: 0.4130172
EarlyStopping counter: 24 out of 100
Updating learning rate to 4.567759074507749e-08
Epoch: 77 cost time: 28.847862243652344
Epoch: 77, Steps: 63 | Train Loss: 0.4126355 Vali Loss: 0.9195167 Test Loss: 0.4129412
EarlyStopping counter: 25 out of 100
Updating learning rate to 4.1109831670569744e-08
Epoch: 78 cost time: 28.421972513198853
Epoch: 78, Steps: 63 | Train Loss: 0.4124858 Vali Loss: 0.9196905 Test Loss: 0.4129711
EarlyStopping counter: 26 out of 100
Updating learning rate to 3.6998848503512764e-08
Epoch: 79 cost time: 28.60293412208557
Epoch: 79, Steps: 63 | Train Loss: 0.4120805 Vali Loss: 0.9196758 Test Loss: 0.4129699
EarlyStopping counter: 27 out of 100
Updating learning rate to 3.3298963653161496e-08
Epoch: 80 cost time: 28.608107566833496
Epoch: 80, Steps: 63 | Train Loss: 0.4126515 Vali Loss: 0.9193408 Test Loss: 0.4129391
EarlyStopping counter: 28 out of 100
Updating learning rate to 2.996906728784534e-08
Epoch: 81 cost time: 28.62564516067505
Epoch: 81, Steps: 63 | Train Loss: 0.4126132 Vali Loss: 0.9193899 Test Loss: 0.4129710
EarlyStopping counter: 29 out of 100
Updating learning rate to 2.697216055906081e-08
Epoch: 82 cost time: 28.421197652816772
Epoch: 82, Steps: 63 | Train Loss: 0.4126021 Vali Loss: 0.9194342 Test Loss: 0.4129894
EarlyStopping counter: 30 out of 100
Updating learning rate to 2.427494450315473e-08
Epoch: 83 cost time: 28.607343912124634
Epoch: 83, Steps: 63 | Train Loss: 0.4125595 Vali Loss: 0.9199343 Test Loss: 0.4129761
EarlyStopping counter: 31 out of 100
Updating learning rate to 2.1847450052839257e-08
Epoch: 84 cost time: 28.426011323928833
Epoch: 84, Steps: 63 | Train Loss: 0.4129177 Vali Loss: 0.9197419 Test Loss: 0.4130016
EarlyStopping counter: 32 out of 100
Updating learning rate to 1.9662705047555332e-08
Epoch: 85 cost time: 28.434728145599365
Epoch: 85, Steps: 63 | Train Loss: 0.4127646 Vali Loss: 0.9196607 Test Loss: 0.4130254
EarlyStopping counter: 33 out of 100
Updating learning rate to 1.7696434542799797e-08
Epoch: 86 cost time: 28.59301519393921
Epoch: 86, Steps: 63 | Train Loss: 0.4128105 Vali Loss: 0.9198114 Test Loss: 0.4129678
EarlyStopping counter: 34 out of 100
Updating learning rate to 1.5926791088519817e-08
Epoch: 87 cost time: 28.409738302230835
Epoch: 87, Steps: 63 | Train Loss: 0.4126764 Vali Loss: 0.9194968 Test Loss: 0.4129856
EarlyStopping counter: 35 out of 100
Updating learning rate to 1.4334111979667836e-08
Epoch: 88 cost time: 28.995046854019165
Epoch: 88, Steps: 63 | Train Loss: 0.4118212 Vali Loss: 0.9197469 Test Loss: 0.4129628
EarlyStopping counter: 36 out of 100
Updating learning rate to 1.2900700781701054e-08
Epoch: 89 cost time: 28.82252812385559
Epoch: 89, Steps: 63 | Train Loss: 0.4120152 Vali Loss: 0.9198872 Test Loss: 0.4129126
EarlyStopping counter: 37 out of 100
Updating learning rate to 1.161063070353095e-08
Epoch: 90 cost time: 28.81230902671814
Epoch: 90, Steps: 63 | Train Loss: 0.4124587 Vali Loss: 0.9198357 Test Loss: 0.4129658
EarlyStopping counter: 38 out of 100
Updating learning rate to 1.0449567633177854e-08
Epoch: 91 cost time: 28.862974405288696
Epoch: 91, Steps: 63 | Train Loss: 0.4128636 Vali Loss: 0.9200290 Test Loss: 0.4129288
EarlyStopping counter: 39 out of 100
Updating learning rate to 9.404610869860069e-09
Epoch: 92 cost time: 28.98039221763611
Epoch: 92, Steps: 63 | Train Loss: 0.4126825 Vali Loss: 0.9193650 Test Loss: 0.4129498
EarlyStopping counter: 40 out of 100
Updating learning rate to 8.464149782874063e-09
Epoch: 93 cost time: 28.993594646453857
Epoch: 93, Steps: 63 | Train Loss: 0.4119899 Vali Loss: 0.9197239 Test Loss: 0.4129629
EarlyStopping counter: 41 out of 100
Updating learning rate to 7.617734804586658e-09
Epoch: 94 cost time: 28.618853330612183
Epoch: 94, Steps: 63 | Train Loss: 0.4123637 Vali Loss: 0.9199235 Test Loss: 0.4129589
EarlyStopping counter: 42 out of 100
Updating learning rate to 6.855961324127991e-09
Epoch: 95 cost time: 29.043532133102417
Epoch: 95, Steps: 63 | Train Loss: 0.4122127 Vali Loss: 0.9196678 Test Loss: 0.4129448
EarlyStopping counter: 43 out of 100
Updating learning rate to 6.170365191715193e-09
Epoch: 96 cost time: 28.433765172958374
Epoch: 96, Steps: 63 | Train Loss: 0.4122688 Vali Loss: 0.9192873 Test Loss: 0.4129994
EarlyStopping counter: 44 out of 100
Updating learning rate to 5.5533286725436726e-09
Epoch: 97 cost time: 28.62751817703247
Epoch: 97, Steps: 63 | Train Loss: 0.4124227 Vali Loss: 0.9196214 Test Loss: 0.4130215
EarlyStopping counter: 45 out of 100
Updating learning rate to 4.997995805289306e-09
Epoch: 98 cost time: 28.78706645965576
Epoch: 98, Steps: 63 | Train Loss: 0.4124308 Vali Loss: 0.9195779 Test Loss: 0.4129416
EarlyStopping counter: 46 out of 100
Updating learning rate to 4.498196224760375e-09
Epoch: 99 cost time: 29.02796745300293
Epoch: 99, Steps: 63 | Train Loss: 0.4123291 Vali Loss: 0.9192675 Test Loss: 0.4129533
EarlyStopping counter: 47 out of 100
Updating learning rate to 4.048376602284338e-09
Epoch: 100 cost time: 28.817806482315063
Epoch: 100, Steps: 63 | Train Loss: 0.4117473 Vali Loss: 0.9198886 Test Loss: 0.4129150
EarlyStopping counter: 48 out of 100
Updating learning rate to 3.643538942055904e-09
>>>>>>>testing : 336_192_PatchTST_ETTh1_ftM_sl336_ll48_pl192_dm16_nh4_el3_dl1_df128_fc1_ebtimeF_dtTrue_Exp_0<<<<<<<<<<<<<<<<<<<<<<<<<<<<<<<<<
test 2689
mse:0.41304945945739746, mae:0.4212400019168854, rse:0.6103131771087646
