Random seed set as 941
Args in experiment:
Namespace(random_seed=941, is_training=1, model_id='336_96', model='PatchTST', data='ETTh1', root_path='./datasets/ETDataset/ETT-small/', data_path='ETTh1.csv', features='M', target='OT', freq='h', checkpoints='./runs/checkpoints/', seq_len=336, label_len=48, pred_len=96, fc_dropout=0.3, head_dropout=0.0, patch_len=16, stride=8, padding_patch='end', revin=1, affine=0, subtract_last=0, decomposition=0, kernel_size=25, individual=0, embed_type=0, enc_in=7, dec_in=7, c_out=7, d_model=16, n_heads=4, e_layers=3, d_layers=1, d_ff=128, moving_avg=25, factor=1, distil=True, dropout=0.3, embed='timeF', activation='gelu', output_attention=False, do_predict=False, num_workers=10, itr=1, train_epochs=100, batch_size=128, patience=100, learning_rate=0.0001, des='Exp', loss='mse', lradj='type3', pct_start=0.3, use_amp=False, use_gpu=True, gpu=0, use_multi_gpu=False, devices='0,1,2,3', test_flop=False)
Use GPU: cuda:0
>>>>>>>start training : 336_96_PatchTST_ETTh1_ftM_sl336_ll48_pl96_dm16_nh4_el3_dl1_df128_fc1_ebtimeF_dtTrue_Exp_0>>>>>>>>>>>>>>>>>>>>>>>>>>
train 8209
val 2785
test 2785
Epoch: 1 cost time: 28.120586156845093
Epoch: 1, Steps: 64 | Train Loss: 0.7228420 Vali Loss: 1.4596708 Test Loss: 0.7849659
Validation loss decreased (inf --> 1.459671).  Saving model ...
Updating learning rate to 0.0001
Epoch: 2 cost time: 31.60614323616028
Epoch: 2, Steps: 64 | Train Loss: 0.5611603 Vali Loss: 0.8694200 Test Loss: 0.5059523
Validation loss decreased (1.459671 --> 0.869420).  Saving model ...
Updating learning rate to 0.0001
Epoch: 3 cost time: 28.01960015296936
Epoch: 3, Steps: 64 | Train Loss: 0.4539572 Vali Loss: 0.7515292 Test Loss: 0.4489076
Validation loss decreased (0.869420 --> 0.751529).  Saving model ...
Updating learning rate to 0.0001
Epoch: 4 cost time: 28.0074143409729
Epoch: 4, Steps: 64 | Train Loss: 0.4155715 Vali Loss: 0.7186059 Test Loss: 0.4194386
Validation loss decreased (0.751529 --> 0.718606).  Saving model ...
Updating learning rate to 9e-05
Epoch: 5 cost time: 27.84430480003357
Epoch: 5, Steps: 64 | Train Loss: 0.3971612 Vali Loss: 0.7040122 Test Loss: 0.4061050
Validation loss decreased (0.718606 --> 0.704012).  Saving model ...
Updating learning rate to 8.1e-05
Epoch: 6 cost time: 27.816105842590332
Epoch: 6, Steps: 64 | Train Loss: 0.3876405 Vali Loss: 0.6985751 Test Loss: 0.3987775
Validation loss decreased (0.704012 --> 0.698575).  Saving model ...
Updating learning rate to 7.290000000000001e-05
Epoch: 7 cost time: 28.022554636001587
Epoch: 7, Steps: 64 | Train Loss: 0.3810984 Vali Loss: 0.6896044 Test Loss: 0.3945553
Validation loss decreased (0.698575 --> 0.689604).  Saving model ...
Updating learning rate to 6.561e-05
Epoch: 8 cost time: 27.80978775024414
Epoch: 8, Steps: 64 | Train Loss: 0.3775401 Vali Loss: 0.6876113 Test Loss: 0.3912666
Validation loss decreased (0.689604 --> 0.687611).  Saving model ...
Updating learning rate to 5.904900000000001e-05
Epoch: 9 cost time: 27.816752910614014
Epoch: 9, Steps: 64 | Train Loss: 0.3740180 Vali Loss: 0.6852283 Test Loss: 0.3888039
Validation loss decreased (0.687611 --> 0.685228).  Saving model ...
Updating learning rate to 5.3144100000000005e-05
Epoch: 10 cost time: 28.017367362976074
Epoch: 10, Steps: 64 | Train Loss: 0.3716048 Vali Loss: 0.6846743 Test Loss: 0.3869866
Validation loss decreased (0.685228 --> 0.684674).  Saving model ...
Updating learning rate to 4.782969000000001e-05
Epoch: 11 cost time: 28.244584321975708
Epoch: 11, Steps: 64 | Train Loss: 0.3700264 Vali Loss: 0.6863114 Test Loss: 0.3853964
EarlyStopping counter: 1 out of 100
Updating learning rate to 4.304672100000001e-05
Epoch: 12 cost time: 28.234140157699585
Epoch: 12, Steps: 64 | Train Loss: 0.3683227 Vali Loss: 0.6836225 Test Loss: 0.3841982
Validation loss decreased (0.684674 --> 0.683622).  Saving model ...
Updating learning rate to 3.874204890000001e-05
Epoch: 13 cost time: 28.016844987869263
Epoch: 13, Steps: 64 | Train Loss: 0.3672885 Vali Loss: 0.6826006 Test Loss: 0.3831862
Validation loss decreased (0.683622 --> 0.682601).  Saving model ...
Updating learning rate to 3.486784401000001e-05
Epoch: 14 cost time: 28.195970058441162
Epoch: 14, Steps: 64 | Train Loss: 0.3657259 Vali Loss: 0.6792126 Test Loss: 0.3823429
Validation loss decreased (0.682601 --> 0.679213).  Saving model ...
Updating learning rate to 3.138105960900001e-05
Epoch: 15 cost time: 27.984711170196533
Epoch: 15, Steps: 64 | Train Loss: 0.3650356 Vali Loss: 0.6771796 Test Loss: 0.3816033
Validation loss decreased (0.679213 --> 0.677180).  Saving model ...
Updating learning rate to 2.824295364810001e-05
Epoch: 16 cost time: 28.20822548866272
Epoch: 16, Steps: 64 | Train Loss: 0.3644054 Vali Loss: 0.6752287 Test Loss: 0.3808948
Validation loss decreased (0.677180 --> 0.675229).  Saving model ...
Updating learning rate to 2.541865828329001e-05
Epoch: 17 cost time: 27.817017316818237
Epoch: 17, Steps: 64 | Train Loss: 0.3632935 Vali Loss: 0.6746888 Test Loss: 0.3804673
Validation loss decreased (0.675229 --> 0.674689).  Saving model ...
Updating learning rate to 2.287679245496101e-05
Epoch: 18 cost time: 27.834333419799805
Epoch: 18, Steps: 64 | Train Loss: 0.3630032 Vali Loss: 0.6840691 Test Loss: 0.3799908
EarlyStopping counter: 1 out of 100
Updating learning rate to 2.0589113209464907e-05
Epoch: 19 cost time: 27.811793565750122
Epoch: 19, Steps: 64 | Train Loss: 0.3617942 Vali Loss: 0.6765121 Test Loss: 0.3796964
EarlyStopping counter: 2 out of 100
Updating learning rate to 1.8530201888518416e-05
Epoch: 20 cost time: 28.018474102020264
Epoch: 20, Steps: 64 | Train Loss: 0.3616903 Vali Loss: 0.6781855 Test Loss: 0.3792984
EarlyStopping counter: 3 out of 100
Updating learning rate to 1.6677181699666577e-05
Epoch: 21 cost time: 27.837847471237183
Epoch: 21, Steps: 64 | Train Loss: 0.3616790 Vali Loss: 0.6785085 Test Loss: 0.3790894
EarlyStopping counter: 4 out of 100
Updating learning rate to 1.5009463529699919e-05
Epoch: 22 cost time: 27.635462760925293
Epoch: 22, Steps: 64 | Train Loss: 0.3605068 Vali Loss: 0.6772019 Test Loss: 0.3788790
EarlyStopping counter: 5 out of 100
Updating learning rate to 1.3508517176729929e-05
Epoch: 23 cost time: 27.61657452583313
Epoch: 23, Steps: 64 | Train Loss: 0.3606980 Vali Loss: 0.6767183 Test Loss: 0.3785885
EarlyStopping counter: 6 out of 100
Updating learning rate to 1.2157665459056936e-05
Epoch: 24 cost time: 27.810656785964966
Epoch: 24, Steps: 64 | Train Loss: 0.3607760 Vali Loss: 0.6756429 Test Loss: 0.3783680
EarlyStopping counter: 7 out of 100
Updating learning rate to 1.0941898913151242e-05
Epoch: 25 cost time: 28.033674240112305
Epoch: 25, Steps: 64 | Train Loss: 0.3606358 Vali Loss: 0.6749528 Test Loss: 0.3782430
EarlyStopping counter: 8 out of 100
Updating learning rate to 9.847709021836118e-06
Epoch: 26 cost time: 27.81973171234131
Epoch: 26, Steps: 64 | Train Loss: 0.3601679 Vali Loss: 0.6746507 Test Loss: 0.3780015
Validation loss decreased (0.674689 --> 0.674651).  Saving model ...
Updating learning rate to 8.862938119652508e-06
Epoch: 27 cost time: 27.450137615203857
Epoch: 27, Steps: 64 | Train Loss: 0.3594016 Vali Loss: 0.6756562 Test Loss: 0.3779396
EarlyStopping counter: 1 out of 100
Updating learning rate to 7.976644307687255e-06
Epoch: 28 cost time: 27.826356410980225
Epoch: 28, Steps: 64 | Train Loss: 0.3597924 Vali Loss: 0.6747113 Test Loss: 0.3778026
EarlyStopping counter: 2 out of 100
Updating learning rate to 7.178979876918531e-06
Epoch: 29 cost time: 28.028727531433105
Epoch: 29, Steps: 64 | Train Loss: 0.3597631 Vali Loss: 0.6771033 Test Loss: 0.3777173
EarlyStopping counter: 3 out of 100
Updating learning rate to 6.4610818892266776e-06
Epoch: 30 cost time: 27.832228422164917
Epoch: 30, Steps: 64 | Train Loss: 0.3595822 Vali Loss: 0.6753882 Test Loss: 0.3776333
EarlyStopping counter: 4 out of 100
Updating learning rate to 5.8149737003040096e-06
Epoch: 31 cost time: 28.055331468582153
Epoch: 31, Steps: 64 | Train Loss: 0.3592005 Vali Loss: 0.6721096 Test Loss: 0.3775546
Validation loss decreased (0.674651 --> 0.672110).  Saving model ...
Updating learning rate to 5.23347633027361e-06
Epoch: 32 cost time: 28.451698064804077
Epoch: 32, Steps: 64 | Train Loss: 0.3591454 Vali Loss: 0.6751991 Test Loss: 0.3775443
EarlyStopping counter: 1 out of 100
Updating learning rate to 4.710128697246249e-06
Epoch: 33 cost time: 28.216678619384766
Epoch: 33, Steps: 64 | Train Loss: 0.3591360 Vali Loss: 0.6712492 Test Loss: 0.3773924
Validation loss decreased (0.672110 --> 0.671249).  Saving model ...
Updating learning rate to 4.239115827521624e-06
Epoch: 34 cost time: 28.41094946861267
Epoch: 34, Steps: 64 | Train Loss: 0.3589670 Vali Loss: 0.6759245 Test Loss: 0.3773952
EarlyStopping counter: 1 out of 100
Updating learning rate to 3.815204244769462e-06
Epoch: 35 cost time: 28.232792377471924
Epoch: 35, Steps: 64 | Train Loss: 0.3587745 Vali Loss: 0.6717126 Test Loss: 0.3773284
EarlyStopping counter: 2 out of 100
Updating learning rate to 3.4336838202925152e-06
Epoch: 36 cost time: 27.831976890563965
Epoch: 36, Steps: 64 | Train Loss: 0.3587166 Vali Loss: 0.6718720 Test Loss: 0.3772429
EarlyStopping counter: 3 out of 100
Updating learning rate to 3.090315438263264e-06
Epoch: 37 cost time: 27.82383394241333
Epoch: 37, Steps: 64 | Train Loss: 0.3585296 Vali Loss: 0.6739597 Test Loss: 0.3772093
EarlyStopping counter: 4 out of 100
Updating learning rate to 2.7812838944369375e-06
Epoch: 38 cost time: 28.018948078155518
Epoch: 38, Steps: 64 | Train Loss: 0.3589781 Vali Loss: 0.6733896 Test Loss: 0.3771777
EarlyStopping counter: 5 out of 100
Updating learning rate to 2.503155504993244e-06
Epoch: 39 cost time: 28.04765748977661
Epoch: 39, Steps: 64 | Train Loss: 0.3586662 Vali Loss: 0.6713055 Test Loss: 0.3771383
EarlyStopping counter: 6 out of 100
Updating learning rate to 2.2528399544939195e-06
Epoch: 40 cost time: 27.833887577056885
Epoch: 40, Steps: 64 | Train Loss: 0.3583821 Vali Loss: 0.6768890 Test Loss: 0.3770496
EarlyStopping counter: 7 out of 100
Updating learning rate to 2.0275559590445276e-06
Epoch: 41 cost time: 28.257794618606567
Epoch: 41, Steps: 64 | Train Loss: 0.3585890 Vali Loss: 0.6740039 Test Loss: 0.3770027
EarlyStopping counter: 8 out of 100
Updating learning rate to 1.8248003631400751e-06
Epoch: 42 cost time: 27.820070028305054
Epoch: 42, Steps: 64 | Train Loss: 0.3589788 Vali Loss: 0.6786916 Test Loss: 0.3770365
EarlyStopping counter: 9 out of 100
Updating learning rate to 1.6423203268260676e-06
Epoch: 43 cost time: 27.814655303955078
Epoch: 43, Steps: 64 | Train Loss: 0.3584564 Vali Loss: 0.6759396 Test Loss: 0.3769753
EarlyStopping counter: 10 out of 100
Updating learning rate to 1.4780882941434609e-06
Epoch: 44 cost time: 27.80025625228882
Epoch: 44, Steps: 64 | Train Loss: 0.3588230 Vali Loss: 0.6709998 Test Loss: 0.3769731
Validation loss decreased (0.671249 --> 0.671000).  Saving model ...
Updating learning rate to 1.3302794647291146e-06
Epoch: 45 cost time: 27.828185081481934
Epoch: 45, Steps: 64 | Train Loss: 0.3585783 Vali Loss: 0.6769959 Test Loss: 0.3769873
EarlyStopping counter: 1 out of 100
Updating learning rate to 1.1972515182562034e-06
Epoch: 46 cost time: 28.218265056610107
Epoch: 46, Steps: 64 | Train Loss: 0.3583946 Vali Loss: 0.6739268 Test Loss: 0.3769202
EarlyStopping counter: 2 out of 100
Updating learning rate to 1.077526366430583e-06
Epoch: 47 cost time: 28.233591556549072
Epoch: 47, Steps: 64 | Train Loss: 0.3583178 Vali Loss: 0.6709561 Test Loss: 0.3769772
Validation loss decreased (0.671000 --> 0.670956).  Saving model ...
Updating learning rate to 9.697737297875248e-07
Epoch: 48 cost time: 28.217859983444214
Epoch: 48, Steps: 64 | Train Loss: 0.3580408 Vali Loss: 0.6758574 Test Loss: 0.3769887
EarlyStopping counter: 1 out of 100
Updating learning rate to 8.727963568087723e-07
Epoch: 49 cost time: 28.210804224014282
Epoch: 49, Steps: 64 | Train Loss: 0.3582276 Vali Loss: 0.6717606 Test Loss: 0.3769153
EarlyStopping counter: 2 out of 100
Updating learning rate to 7.855167211278951e-07
Epoch: 50 cost time: 28.236271142959595
Epoch: 50, Steps: 64 | Train Loss: 0.3581377 Vali Loss: 0.6730309 Test Loss: 0.3769496
EarlyStopping counter: 3 out of 100
Updating learning rate to 7.069650490151056e-07
Epoch: 51 cost time: 28.030805110931396
Epoch: 51, Steps: 64 | Train Loss: 0.3580600 Vali Loss: 0.6753697 Test Loss: 0.3768619
EarlyStopping counter: 4 out of 100
Updating learning rate to 6.36268544113595e-07
Epoch: 52 cost time: 27.830309629440308
Epoch: 52, Steps: 64 | Train Loss: 0.3584552 Vali Loss: 0.6783463 Test Loss: 0.3768544
EarlyStopping counter: 5 out of 100
Updating learning rate to 5.726416897022355e-07
Epoch: 53 cost time: 28.033108949661255
Epoch: 53, Steps: 64 | Train Loss: 0.3583175 Vali Loss: 0.6719867 Test Loss: 0.3769147
EarlyStopping counter: 6 out of 100
Updating learning rate to 5.15377520732012e-07
Epoch: 54 cost time: 27.81714367866516
Epoch: 54, Steps: 64 | Train Loss: 0.3584281 Vali Loss: 0.6748946 Test Loss: 0.3768674
EarlyStopping counter: 7 out of 100
Updating learning rate to 4.6383976865881085e-07
Epoch: 55 cost time: 28.01896595954895
Epoch: 55, Steps: 64 | Train Loss: 0.3583398 Vali Loss: 0.6743087 Test Loss: 0.3769283
EarlyStopping counter: 8 out of 100
Updating learning rate to 4.174557917929298e-07
Epoch: 56 cost time: 27.847626447677612
Epoch: 56, Steps: 64 | Train Loss: 0.3584488 Vali Loss: 0.6723516 Test Loss: 0.3768698
EarlyStopping counter: 9 out of 100
Updating learning rate to 3.7571021261363677e-07
Epoch: 57 cost time: 28.000152349472046
Epoch: 57, Steps: 64 | Train Loss: 0.3580184 Vali Loss: 0.6752291 Test Loss: 0.3768533
EarlyStopping counter: 10 out of 100
Updating learning rate to 3.381391913522731e-07
Epoch: 58 cost time: 28.010542392730713
Epoch: 58, Steps: 64 | Train Loss: 0.3581883 Vali Loss: 0.6777298 Test Loss: 0.3768952
EarlyStopping counter: 11 out of 100
Updating learning rate to 3.043252722170458e-07
Epoch: 59 cost time: 28.018229246139526
Epoch: 59, Steps: 64 | Train Loss: 0.3581988 Vali Loss: 0.6754941 Test Loss: 0.3768912
EarlyStopping counter: 12 out of 100
Updating learning rate to 2.7389274499534124e-07
Epoch: 60 cost time: 28.236684322357178
Epoch: 60, Steps: 64 | Train Loss: 0.3583800 Vali Loss: 0.6737093 Test Loss: 0.3768629
EarlyStopping counter: 13 out of 100
Updating learning rate to 2.465034704958071e-07
Epoch: 61 cost time: 28.048415422439575
Epoch: 61, Steps: 64 | Train Loss: 0.3583237 Vali Loss: 0.6739644 Test Loss: 0.3767940
EarlyStopping counter: 14 out of 100
Updating learning rate to 2.218531234462264e-07
Epoch: 62 cost time: 27.83516764640808
Epoch: 62, Steps: 64 | Train Loss: 0.3579659 Vali Loss: 0.6721816 Test Loss: 0.3768103
EarlyStopping counter: 15 out of 100
Updating learning rate to 1.9966781110160376e-07
Epoch: 63 cost time: 28.027426719665527
Epoch: 63, Steps: 64 | Train Loss: 0.3582120 Vali Loss: 0.6760352 Test Loss: 0.3768550
EarlyStopping counter: 16 out of 100
Updating learning rate to 1.797010299914434e-07
Epoch: 64 cost time: 27.996395587921143
Epoch: 64, Steps: 64 | Train Loss: 0.3581192 Vali Loss: 0.6731524 Test Loss: 0.3768370
EarlyStopping counter: 17 out of 100
Updating learning rate to 1.6173092699229907e-07
Epoch: 65 cost time: 28.44012451171875
Epoch: 65, Steps: 64 | Train Loss: 0.3580212 Vali Loss: 0.6772312 Test Loss: 0.3768393
EarlyStopping counter: 18 out of 100
Updating learning rate to 1.4555783429306916e-07
Epoch: 66 cost time: 28.219598054885864
Epoch: 66, Steps: 64 | Train Loss: 0.3582773 Vali Loss: 0.6777993 Test Loss: 0.3768172
EarlyStopping counter: 19 out of 100
Updating learning rate to 1.3100205086376224e-07
Epoch: 67 cost time: 28.053604125976562
Epoch: 67, Steps: 64 | Train Loss: 0.3582589 Vali Loss: 0.6733561 Test Loss: 0.3768018
EarlyStopping counter: 20 out of 100
Updating learning rate to 1.1790184577738603e-07
Epoch: 68 cost time: 28.20116424560547
Epoch: 68, Steps: 64 | Train Loss: 0.3581952 Vali Loss: 0.6756070 Test Loss: 0.3768419
EarlyStopping counter: 21 out of 100
Updating learning rate to 1.0611166119964742e-07
Epoch: 69 cost time: 28.234711408615112
Epoch: 69, Steps: 64 | Train Loss: 0.3586425 Vali Loss: 0.6710707 Test Loss: 0.3768526
EarlyStopping counter: 22 out of 100
Updating learning rate to 9.550049507968268e-08
Epoch: 70 cost time: 28.03159761428833
Epoch: 70, Steps: 64 | Train Loss: 0.3580954 Vali Loss: 0.6749286 Test Loss: 0.3767862
EarlyStopping counter: 23 out of 100
Updating learning rate to 8.595044557171442e-08
Epoch: 71 cost time: 28.241219520568848
Epoch: 71, Steps: 64 | Train Loss: 0.3578112 Vali Loss: 0.6705022 Test Loss: 0.3768652
Validation loss decreased (0.670956 --> 0.670502).  Saving model ...
Updating learning rate to 7.735540101454298e-08
Epoch: 72 cost time: 28.001489639282227
Epoch: 72, Steps: 64 | Train Loss: 0.3584675 Vali Loss: 0.6738893 Test Loss: 0.3768271
EarlyStopping counter: 1 out of 100
Updating learning rate to 6.961986091308869e-08
Epoch: 73 cost time: 27.802461862564087
Epoch: 73, Steps: 64 | Train Loss: 0.3582940 Vali Loss: 0.6754413 Test Loss: 0.3768494
EarlyStopping counter: 2 out of 100
Updating learning rate to 6.265787482177981e-08
Epoch: 74 cost time: 27.634451866149902
Epoch: 74, Steps: 64 | Train Loss: 0.3580338 Vali Loss: 0.6698527 Test Loss: 0.3767875
Validation loss decreased (0.670502 --> 0.669853).  Saving model ...
Updating learning rate to 5.639208733960184e-08
Epoch: 75 cost time: 27.816264390945435
Epoch: 75, Steps: 64 | Train Loss: 0.3583191 Vali Loss: 0.6747966 Test Loss: 0.3768460
EarlyStopping counter: 1 out of 100
Updating learning rate to 5.075287860564165e-08
Epoch: 76 cost time: 27.83486557006836
Epoch: 76, Steps: 64 | Train Loss: 0.3583381 Vali Loss: 0.6713986 Test Loss: 0.3768709
EarlyStopping counter: 2 out of 100
Updating learning rate to 4.567759074507749e-08
Epoch: 77 cost time: 28.030437707901
Epoch: 77, Steps: 64 | Train Loss: 0.3580126 Vali Loss: 0.6747695 Test Loss: 0.3768011
EarlyStopping counter: 3 out of 100
Updating learning rate to 4.1109831670569744e-08
Epoch: 78 cost time: 28.233469486236572
Epoch: 78, Steps: 64 | Train Loss: 0.3578532 Vali Loss: 0.6751838 Test Loss: 0.3767858
EarlyStopping counter: 4 out of 100
Updating learning rate to 3.6998848503512764e-08
Epoch: 79 cost time: 28.020745038986206
Epoch: 79, Steps: 64 | Train Loss: 0.3584446 Vali Loss: 0.6765267 Test Loss: 0.3768266
EarlyStopping counter: 5 out of 100
Updating learning rate to 3.3298963653161496e-08
Epoch: 80 cost time: 28.016730070114136
Epoch: 80, Steps: 64 | Train Loss: 0.3587606 Vali Loss: 0.6780983 Test Loss: 0.3768228
EarlyStopping counter: 6 out of 100
Updating learning rate to 2.996906728784534e-08
Epoch: 81 cost time: 27.83345055580139
Epoch: 81, Steps: 64 | Train Loss: 0.3582958 Vali Loss: 0.6729668 Test Loss: 0.3767966
EarlyStopping counter: 7 out of 100
Updating learning rate to 2.697216055906081e-08
Epoch: 82 cost time: 28.028151750564575
Epoch: 82, Steps: 64 | Train Loss: 0.3578389 Vali Loss: 0.6764113 Test Loss: 0.3767643
EarlyStopping counter: 8 out of 100
Updating learning rate to 2.427494450315473e-08
Epoch: 83 cost time: 27.83615469932556
Epoch: 83, Steps: 64 | Train Loss: 0.3583309 Vali Loss: 0.6714079 Test Loss: 0.3767836
EarlyStopping counter: 9 out of 100
Updating learning rate to 2.1847450052839257e-08
Epoch: 84 cost time: 28.02217388153076
Epoch: 84, Steps: 64 | Train Loss: 0.3580732 Vali Loss: 0.6762863 Test Loss: 0.3767750
EarlyStopping counter: 10 out of 100
Updating learning rate to 1.9662705047555332e-08
Epoch: 85 cost time: 28.033490657806396
Epoch: 85, Steps: 64 | Train Loss: 0.3585702 Vali Loss: 0.6746530 Test Loss: 0.3768252
EarlyStopping counter: 11 out of 100
Updating learning rate to 1.7696434542799797e-08
Epoch: 86 cost time: 28.052905082702637
Epoch: 86, Steps: 64 | Train Loss: 0.3576849 Vali Loss: 0.6725466 Test Loss: 0.3767858
EarlyStopping counter: 12 out of 100
Updating learning rate to 1.5926791088519817e-08
Epoch: 87 cost time: 28.036192417144775
Epoch: 87, Steps: 64 | Train Loss: 0.3580231 Vali Loss: 0.6765610 Test Loss: 0.3768110
EarlyStopping counter: 13 out of 100
Updating learning rate to 1.4334111979667836e-08
Epoch: 88 cost time: 27.83253026008606
Epoch: 88, Steps: 64 | Train Loss: 0.3581339 Vali Loss: 0.6738391 Test Loss: 0.3768612
EarlyStopping counter: 14 out of 100
Updating learning rate to 1.2900700781701054e-08
Epoch: 89 cost time: 27.796814441680908
Epoch: 89, Steps: 64 | Train Loss: 0.3580956 Vali Loss: 0.6766049 Test Loss: 0.3767919
EarlyStopping counter: 15 out of 100
Updating learning rate to 1.161063070353095e-08
Epoch: 90 cost time: 28.026038885116577
Epoch: 90, Steps: 64 | Train Loss: 0.3582652 Vali Loss: 0.6774971 Test Loss: 0.3768345
EarlyStopping counter: 16 out of 100
Updating learning rate to 1.0449567633177854e-08
Epoch: 91 cost time: 27.839033365249634
Epoch: 91, Steps: 64 | Train Loss: 0.3585323 Vali Loss: 0.6741658 Test Loss: 0.3768459
EarlyStopping counter: 17 out of 100
Updating learning rate to 9.404610869860069e-09
Epoch: 92 cost time: 28.002686977386475
Epoch: 92, Steps: 64 | Train Loss: 0.3576474 Vali Loss: 0.6729124 Test Loss: 0.3768303
EarlyStopping counter: 18 out of 100
Updating learning rate to 8.464149782874063e-09
Epoch: 93 cost time: 28.016077995300293
Epoch: 93, Steps: 64 | Train Loss: 0.3581635 Vali Loss: 0.6748399 Test Loss: 0.3767836
EarlyStopping counter: 19 out of 100
Updating learning rate to 7.617734804586658e-09
Epoch: 94 cost time: 27.995765209197998
Epoch: 94, Steps: 64 | Train Loss: 0.3582538 Vali Loss: 0.6729485 Test Loss: 0.3768172
EarlyStopping counter: 20 out of 100
Updating learning rate to 6.855961324127991e-09
Epoch: 95 cost time: 27.831533432006836
Epoch: 95, Steps: 64 | Train Loss: 0.3581337 Vali Loss: 0.6759311 Test Loss: 0.3768117
EarlyStopping counter: 21 out of 100
Updating learning rate to 6.170365191715193e-09
Epoch: 96 cost time: 28.05042576789856
Epoch: 96, Steps: 64 | Train Loss: 0.3579898 Vali Loss: 0.6763688 Test Loss: 0.3768017
EarlyStopping counter: 22 out of 100
Updating learning rate to 5.5533286725436726e-09
Epoch: 97 cost time: 28.020643949508667
Epoch: 97, Steps: 64 | Train Loss: 0.3581083 Vali Loss: 0.6732144 Test Loss: 0.3768145
EarlyStopping counter: 23 out of 100
Updating learning rate to 4.997995805289306e-09
Epoch: 98 cost time: 28.201337337493896
Epoch: 98, Steps: 64 | Train Loss: 0.3584544 Vali Loss: 0.6737405 Test Loss: 0.3768395
EarlyStopping counter: 24 out of 100
Updating learning rate to 4.498196224760375e-09
Epoch: 99 cost time: 27.836206436157227
Epoch: 99, Steps: 64 | Train Loss: 0.3583736 Vali Loss: 0.6759016 Test Loss: 0.3768324
EarlyStopping counter: 25 out of 100
Updating learning rate to 4.048376602284338e-09
Epoch: 100 cost time: 27.845261812210083
Epoch: 100, Steps: 64 | Train Loss: 0.3586619 Vali Loss: 0.6742343 Test Loss: 0.3768264
EarlyStopping counter: 26 out of 100
Updating learning rate to 3.643538942055904e-09
>>>>>>>testing : 336_96_PatchTST_ETTh1_ftM_sl336_ll48_pl96_dm16_nh4_el3_dl1_df128_fc1_ebtimeF_dtTrue_Exp_0<<<<<<<<<<<<<<<<<<<<<<<<<<<<<<<<<
test 2785
mse:0.3767874538898468, mae:0.40132975578308105, rse:0.5820544958114624
