Random seed set as 941
Args in experiment:
Namespace(random_seed=941, is_training=1, model_id='336_720', model='PatchTST', data='ETTh1', root_path='./datasets/ETDataset/ETT-small/', data_path='ETTh1.csv', features='M', target='OT', freq='h', checkpoints='./runs/checkpoints/', seq_len=336, label_len=48, pred_len=720, fc_dropout=0.3, head_dropout=0.0, patch_len=16, stride=8, padding_patch='end', revin=1, affine=0, subtract_last=0, decomposition=0, kernel_size=25, individual=0, embed_type=0, enc_in=7, dec_in=7, c_out=7, d_model=16, n_heads=4, e_layers=3, d_layers=1, d_ff=128, moving_avg=25, factor=1, distil=True, dropout=0.3, embed='timeF', activation='gelu', output_attention=False, do_predict=False, num_workers=10, itr=1, train_epochs=100, batch_size=128, patience=100, learning_rate=0.0001, des='Exp', loss='mse', lradj='type3', pct_start=0.3, use_amp=False, use_gpu=True, gpu=0, use_multi_gpu=False, devices='0,1,2,3', test_flop=False)
Use GPU: cuda:0
>>>>>>>start training : 336_720_PatchTST_ETTh1_ftM_sl336_ll48_pl720_dm16_nh4_el3_dl1_df128_fc1_ebtimeF_dtTrue_Exp_0>>>>>>>>>>>>>>>>>>>>>>>>>>
train 7585
val 2161
test 2161
Epoch: 1 cost time: 29.247145414352417
Epoch: 1, Steps: 59 | Train Loss: 0.8956087 Vali Loss: 2.0028253 Test Loss: 0.7836101
Validation loss decreased (inf --> 2.002825).  Saving model ...
Updating learning rate to 0.0001
Epoch: 2 cost time: 29.032423734664917
Epoch: 2, Steps: 59 | Train Loss: 0.7592173 Vali Loss: 1.5699818 Test Loss: 0.5318298
Validation loss decreased (2.002825 --> 1.569982).  Saving model ...
Updating learning rate to 0.0001
Epoch: 3 cost time: 29.234063863754272
Epoch: 3, Steps: 59 | Train Loss: 0.6689667 Vali Loss: 1.4911411 Test Loss: 0.4839639
Validation loss decreased (1.569982 --> 1.491141).  Saving model ...
Updating learning rate to 0.0001
Epoch: 4 cost time: 29.017948389053345
Epoch: 4, Steps: 59 | Train Loss: 0.6346888 Vali Loss: 1.4645745 Test Loss: 0.4607849
Validation loss decreased (1.491141 --> 1.464574).  Saving model ...
Updating learning rate to 9e-05
Epoch: 5 cost time: 29.21213722229004
Epoch: 5, Steps: 59 | Train Loss: 0.6167992 Vali Loss: 1.4529083 Test Loss: 0.4550497
Validation loss decreased (1.464574 --> 1.452908).  Saving model ...
Updating learning rate to 8.1e-05
Epoch: 6 cost time: 29.458062171936035
Epoch: 6, Steps: 59 | Train Loss: 0.6056145 Vali Loss: 1.4632311 Test Loss: 0.4584744
EarlyStopping counter: 1 out of 100
Updating learning rate to 7.290000000000001e-05
Epoch: 7 cost time: 29.44924569129944
Epoch: 7, Steps: 59 | Train Loss: 0.5976127 Vali Loss: 1.4628834 Test Loss: 0.4676108
EarlyStopping counter: 2 out of 100
Updating learning rate to 6.561e-05
Epoch: 8 cost time: 29.4158718585968
Epoch: 8, Steps: 59 | Train Loss: 0.5926159 Vali Loss: 1.4735266 Test Loss: 0.4728134
EarlyStopping counter: 3 out of 100
Updating learning rate to 5.904900000000001e-05
Epoch: 9 cost time: 29.626043558120728
Epoch: 9, Steps: 59 | Train Loss: 0.5887233 Vali Loss: 1.4724026 Test Loss: 0.4755943
EarlyStopping counter: 4 out of 100
Updating learning rate to 5.3144100000000005e-05
Epoch: 10 cost time: 29.234236001968384
Epoch: 10, Steps: 59 | Train Loss: 0.5860098 Vali Loss: 1.4695318 Test Loss: 0.4745150
EarlyStopping counter: 5 out of 100
Updating learning rate to 4.782969000000001e-05
Epoch: 11 cost time: 29.236711025238037
Epoch: 11, Steps: 59 | Train Loss: 0.5839126 Vali Loss: 1.4767003 Test Loss: 0.4759488
EarlyStopping counter: 6 out of 100
Updating learning rate to 4.304672100000001e-05
Epoch: 12 cost time: 29.550086736679077
Epoch: 12, Steps: 59 | Train Loss: 0.5823124 Vali Loss: 1.4719117 Test Loss: 0.4749128
EarlyStopping counter: 7 out of 100
Updating learning rate to 3.874204890000001e-05
Epoch: 13 cost time: 29.446935892105103
Epoch: 13, Steps: 59 | Train Loss: 0.5811211 Vali Loss: 1.4740002 Test Loss: 0.4753315
EarlyStopping counter: 8 out of 100
Updating learning rate to 3.486784401000001e-05
Epoch: 14 cost time: 29.205965280532837
Epoch: 14, Steps: 59 | Train Loss: 0.5797741 Vali Loss: 1.4703434 Test Loss: 0.4734939
EarlyStopping counter: 9 out of 100
Updating learning rate to 3.138105960900001e-05
Epoch: 15 cost time: 29.186991930007935
Epoch: 15, Steps: 59 | Train Loss: 0.5794526 Vali Loss: 1.4688504 Test Loss: 0.4744011
EarlyStopping counter: 10 out of 100
Updating learning rate to 2.824295364810001e-05
Epoch: 16 cost time: 29.417876720428467
Epoch: 16, Steps: 59 | Train Loss: 0.5778678 Vali Loss: 1.4642795 Test Loss: 0.4734139
EarlyStopping counter: 11 out of 100
Updating learning rate to 2.541865828329001e-05
Epoch: 17 cost time: 29.044569730758667
Epoch: 17, Steps: 59 | Train Loss: 0.5770242 Vali Loss: 1.4684834 Test Loss: 0.4739606
EarlyStopping counter: 12 out of 100
Updating learning rate to 2.287679245496101e-05
Epoch: 18 cost time: 29.079707860946655
Epoch: 18, Steps: 59 | Train Loss: 0.5774750 Vali Loss: 1.4671988 Test Loss: 0.4728596
EarlyStopping counter: 13 out of 100
Updating learning rate to 2.0589113209464907e-05
Epoch: 19 cost time: 29.047988653182983
Epoch: 19, Steps: 59 | Train Loss: 0.5759985 Vali Loss: 1.4641874 Test Loss: 0.4721331
EarlyStopping counter: 14 out of 100
Updating learning rate to 1.8530201888518416e-05
Epoch: 20 cost time: 29.00813102722168
Epoch: 20, Steps: 59 | Train Loss: 0.5757322 Vali Loss: 1.4638357 Test Loss: 0.4715762
EarlyStopping counter: 15 out of 100
Updating learning rate to 1.6677181699666577e-05
Epoch: 21 cost time: 29.41645622253418
Epoch: 21, Steps: 59 | Train Loss: 0.5751233 Vali Loss: 1.4668311 Test Loss: 0.4722474
EarlyStopping counter: 16 out of 100
Updating learning rate to 1.5009463529699919e-05
Epoch: 22 cost time: 29.204467296600342
Epoch: 22, Steps: 59 | Train Loss: 0.5753661 Vali Loss: 1.4687920 Test Loss: 0.4720276
EarlyStopping counter: 17 out of 100
Updating learning rate to 1.3508517176729929e-05
Epoch: 23 cost time: 29.223771572113037
Epoch: 23, Steps: 59 | Train Loss: 0.5743002 Vali Loss: 1.4698364 Test Loss: 0.4709341
EarlyStopping counter: 18 out of 100
Updating learning rate to 1.2157665459056936e-05
Epoch: 24 cost time: 29.233020544052124
Epoch: 24, Steps: 59 | Train Loss: 0.5743139 Vali Loss: 1.4664221 Test Loss: 0.4715680
EarlyStopping counter: 19 out of 100
Updating learning rate to 1.0941898913151242e-05
Epoch: 25 cost time: 29.0151584148407
Epoch: 25, Steps: 59 | Train Loss: 0.5737252 Vali Loss: 1.4664466 Test Loss: 0.4717349
EarlyStopping counter: 20 out of 100
Updating learning rate to 9.847709021836118e-06
Epoch: 26 cost time: 28.85006880760193
Epoch: 26, Steps: 59 | Train Loss: 0.5734162 Vali Loss: 1.4674569 Test Loss: 0.4717160
EarlyStopping counter: 21 out of 100
Updating learning rate to 8.862938119652508e-06
Epoch: 27 cost time: 29.04903244972229
Epoch: 27, Steps: 59 | Train Loss: 0.5737782 Vali Loss: 1.4665260 Test Loss: 0.4714259
EarlyStopping counter: 22 out of 100
Updating learning rate to 7.976644307687255e-06
Epoch: 28 cost time: 28.83499050140381
Epoch: 28, Steps: 59 | Train Loss: 0.5734417 Vali Loss: 1.4631805 Test Loss: 0.4719591
EarlyStopping counter: 23 out of 100
Updating learning rate to 7.178979876918531e-06
Epoch: 29 cost time: 28.643001079559326
Epoch: 29, Steps: 59 | Train Loss: 0.5732676 Vali Loss: 1.4666770 Test Loss: 0.4712259
EarlyStopping counter: 24 out of 100
Updating learning rate to 6.4610818892266776e-06
Epoch: 30 cost time: 28.803708791732788
Epoch: 30, Steps: 59 | Train Loss: 0.5730069 Vali Loss: 1.4700607 Test Loss: 0.4708424
EarlyStopping counter: 25 out of 100
Updating learning rate to 5.8149737003040096e-06
Epoch: 31 cost time: 29.032590627670288
Epoch: 31, Steps: 59 | Train Loss: 0.5725902 Vali Loss: 1.4682423 Test Loss: 0.4709471
EarlyStopping counter: 26 out of 100
Updating learning rate to 5.23347633027361e-06
Epoch: 32 cost time: 29.053470611572266
Epoch: 32, Steps: 59 | Train Loss: 0.5730777 Vali Loss: 1.4645615 Test Loss: 0.4711936
EarlyStopping counter: 27 out of 100
Updating learning rate to 4.710128697246249e-06
Epoch: 33 cost time: 28.995465755462646
Epoch: 33, Steps: 59 | Train Loss: 0.5723087 Vali Loss: 1.4667630 Test Loss: 0.4725320
EarlyStopping counter: 28 out of 100
Updating learning rate to 4.239115827521624e-06
Epoch: 34 cost time: 28.847321271896362
Epoch: 34, Steps: 59 | Train Loss: 0.5725569 Vali Loss: 1.4679046 Test Loss: 0.4709519
EarlyStopping counter: 29 out of 100
Updating learning rate to 3.815204244769462e-06
Epoch: 35 cost time: 29.02364420890808
Epoch: 35, Steps: 59 | Train Loss: 0.5721387 Vali Loss: 1.4726369 Test Loss: 0.4712699
EarlyStopping counter: 30 out of 100
Updating learning rate to 3.4336838202925152e-06
Epoch: 36 cost time: 29.01404070854187
Epoch: 36, Steps: 59 | Train Loss: 0.5723314 Vali Loss: 1.4675908 Test Loss: 0.4709671
EarlyStopping counter: 31 out of 100
Updating learning rate to 3.090315438263264e-06
Epoch: 37 cost time: 28.84562039375305
Epoch: 37, Steps: 59 | Train Loss: 0.5722743 Vali Loss: 1.4676230 Test Loss: 0.4709848
EarlyStopping counter: 32 out of 100
Updating learning rate to 2.7812838944369375e-06
Epoch: 38 cost time: 29.273576974868774
Epoch: 38, Steps: 59 | Train Loss: 0.5728426 Vali Loss: 1.4682118 Test Loss: 0.4710899
EarlyStopping counter: 33 out of 100
Updating learning rate to 2.503155504993244e-06
Epoch: 39 cost time: 29.026001930236816
Epoch: 39, Steps: 59 | Train Loss: 0.5719137 Vali Loss: 1.4661244 Test Loss: 0.4708378
EarlyStopping counter: 34 out of 100
Updating learning rate to 2.2528399544939195e-06
Epoch: 40 cost time: 29.0462167263031
Epoch: 40, Steps: 59 | Train Loss: 0.5722155 Vali Loss: 1.4669443 Test Loss: 0.4716328
EarlyStopping counter: 35 out of 100
Updating learning rate to 2.0275559590445276e-06
Epoch: 41 cost time: 28.820292472839355
Epoch: 41, Steps: 59 | Train Loss: 0.5715527 Vali Loss: 1.4658749 Test Loss: 0.4703857
EarlyStopping counter: 36 out of 100
Updating learning rate to 1.8248003631400751e-06
Epoch: 42 cost time: 28.818434238433838
Epoch: 42, Steps: 59 | Train Loss: 0.5721332 Vali Loss: 1.4688379 Test Loss: 0.4701723
EarlyStopping counter: 37 out of 100
Updating learning rate to 1.6423203268260676e-06
Epoch: 43 cost time: 28.828641653060913
Epoch: 43, Steps: 59 | Train Loss: 0.5721060 Vali Loss: 1.4659271 Test Loss: 0.4704098
EarlyStopping counter: 38 out of 100
Updating learning rate to 1.4780882941434609e-06
Epoch: 44 cost time: 28.63405466079712
Epoch: 44, Steps: 59 | Train Loss: 0.5722718 Vali Loss: 1.4658980 Test Loss: 0.4706945
EarlyStopping counter: 39 out of 100
Updating learning rate to 1.3302794647291146e-06
Epoch: 45 cost time: 28.841480255126953
Epoch: 45, Steps: 59 | Train Loss: 0.5721830 Vali Loss: 1.4680598 Test Loss: 0.4708573
EarlyStopping counter: 40 out of 100
Updating learning rate to 1.1972515182562034e-06
Epoch: 46 cost time: 28.83009934425354
Epoch: 46, Steps: 59 | Train Loss: 0.5722255 Vali Loss: 1.4638398 Test Loss: 0.4705862
EarlyStopping counter: 41 out of 100
Updating learning rate to 1.077526366430583e-06
Epoch: 47 cost time: 28.632548332214355
Epoch: 47, Steps: 59 | Train Loss: 0.5721767 Vali Loss: 1.4633443 Test Loss: 0.4707313
EarlyStopping counter: 42 out of 100
Updating learning rate to 9.697737297875248e-07
Epoch: 48 cost time: 29.033522367477417
Epoch: 48, Steps: 59 | Train Loss: 0.5721634 Vali Loss: 1.4672747 Test Loss: 0.4706062
EarlyStopping counter: 43 out of 100
Updating learning rate to 8.727963568087723e-07
Epoch: 49 cost time: 28.658631324768066
Epoch: 49, Steps: 59 | Train Loss: 0.5710605 Vali Loss: 1.4672701 Test Loss: 0.4711600
EarlyStopping counter: 44 out of 100
Updating learning rate to 7.855167211278951e-07
Epoch: 50 cost time: 28.63288903236389
Epoch: 50, Steps: 59 | Train Loss: 0.5712666 Vali Loss: 1.4628551 Test Loss: 0.4710989
EarlyStopping counter: 45 out of 100
Updating learning rate to 7.069650490151056e-07
Epoch: 51 cost time: 28.83315920829773
Epoch: 51, Steps: 59 | Train Loss: 0.5719618 Vali Loss: 1.4623837 Test Loss: 0.4707103
EarlyStopping counter: 46 out of 100
Updating learning rate to 6.36268544113595e-07
Epoch: 52 cost time: 28.820465087890625
Epoch: 52, Steps: 59 | Train Loss: 0.5715594 Vali Loss: 1.4635891 Test Loss: 0.4708835
EarlyStopping counter: 47 out of 100
Updating learning rate to 5.726416897022355e-07
Epoch: 53 cost time: 29.037689447402954
Epoch: 53, Steps: 59 | Train Loss: 0.5720928 Vali Loss: 1.4666300 Test Loss: 0.4712993
EarlyStopping counter: 48 out of 100
Updating learning rate to 5.15377520732012e-07
Epoch: 54 cost time: 28.65094232559204
Epoch: 54, Steps: 59 | Train Loss: 0.5714252 Vali Loss: 1.4680700 Test Loss: 0.4704970
EarlyStopping counter: 49 out of 100
Updating learning rate to 4.6383976865881085e-07
Epoch: 55 cost time: 29.02411675453186
Epoch: 55, Steps: 59 | Train Loss: 0.5717832 Vali Loss: 1.4672575 Test Loss: 0.4702514
EarlyStopping counter: 50 out of 100
Updating learning rate to 4.174557917929298e-07
Epoch: 56 cost time: 29.23301076889038
Epoch: 56, Steps: 59 | Train Loss: 0.5715946 Vali Loss: 1.4644905 Test Loss: 0.4711034
EarlyStopping counter: 51 out of 100
Updating learning rate to 3.7571021261363677e-07
Epoch: 57 cost time: 29.616822481155396
Epoch: 57, Steps: 59 | Train Loss: 0.5714426 Vali Loss: 1.4662573 Test Loss: 0.4705315
EarlyStopping counter: 52 out of 100
Updating learning rate to 3.381391913522731e-07
Epoch: 58 cost time: 29.22536039352417
Epoch: 58, Steps: 59 | Train Loss: 0.5716174 Vali Loss: 1.4700654 Test Loss: 0.4704385
EarlyStopping counter: 53 out of 100
Updating learning rate to 3.043252722170458e-07
Epoch: 59 cost time: 29.426522254943848
Epoch: 59, Steps: 59 | Train Loss: 0.5714875 Vali Loss: 1.4621959 Test Loss: 0.4709243
EarlyStopping counter: 54 out of 100
Updating learning rate to 2.7389274499534124e-07
Epoch: 60 cost time: 29.222533464431763
Epoch: 60, Steps: 59 | Train Loss: 0.5718697 Vali Loss: 1.4699514 Test Loss: 0.4707038
EarlyStopping counter: 55 out of 100
Updating learning rate to 2.465034704958071e-07
Epoch: 61 cost time: 29.24442481994629
Epoch: 61, Steps: 59 | Train Loss: 0.5720933 Vali Loss: 1.4635229 Test Loss: 0.4716191
EarlyStopping counter: 56 out of 100
Updating learning rate to 2.218531234462264e-07
Epoch: 62 cost time: 29.598755359649658
Epoch: 62, Steps: 59 | Train Loss: 0.5717111 Vali Loss: 1.4641699 Test Loss: 0.4708145
EarlyStopping counter: 57 out of 100
Updating learning rate to 1.9966781110160376e-07
Epoch: 63 cost time: 29.250629901885986
Epoch: 63, Steps: 59 | Train Loss: 0.5717531 Vali Loss: 1.4668409 Test Loss: 0.4706856
EarlyStopping counter: 58 out of 100
Updating learning rate to 1.797010299914434e-07
Epoch: 64 cost time: 29.22060990333557
Epoch: 64, Steps: 59 | Train Loss: 0.5715473 Vali Loss: 1.4672842 Test Loss: 0.4713080
EarlyStopping counter: 59 out of 100
Updating learning rate to 1.6173092699229907e-07
Epoch: 65 cost time: 29.232985734939575
Epoch: 65, Steps: 59 | Train Loss: 0.5718151 Vali Loss: 1.4635038 Test Loss: 0.4702792
EarlyStopping counter: 60 out of 100
Updating learning rate to 1.4555783429306916e-07
Epoch: 66 cost time: 29.203452110290527
Epoch: 66, Steps: 59 | Train Loss: 0.5720753 Vali Loss: 1.4691410 Test Loss: 0.4713418
EarlyStopping counter: 61 out of 100
Updating learning rate to 1.3100205086376224e-07
Epoch: 67 cost time: 29.0171856880188
Epoch: 67, Steps: 59 | Train Loss: 0.5715205 Vali Loss: 1.4663832 Test Loss: 0.4705661
EarlyStopping counter: 62 out of 100
Updating learning rate to 1.1790184577738603e-07
Epoch: 68 cost time: 29.23254919052124
Epoch: 68, Steps: 59 | Train Loss: 0.5714672 Vali Loss: 1.4665897 Test Loss: 0.4704843
EarlyStopping counter: 63 out of 100
Updating learning rate to 1.0611166119964742e-07
Epoch: 69 cost time: 29.235309600830078
Epoch: 69, Steps: 59 | Train Loss: 0.5719249 Vali Loss: 1.4629519 Test Loss: 0.4707710
EarlyStopping counter: 64 out of 100
Updating learning rate to 9.550049507968268e-08
Epoch: 70 cost time: 29.079742431640625
Epoch: 70, Steps: 59 | Train Loss: 0.5713067 Vali Loss: 1.4703282 Test Loss: 0.4708985
EarlyStopping counter: 65 out of 100
Updating learning rate to 8.595044557171442e-08
Epoch: 71 cost time: 29.267366647720337
Epoch: 71, Steps: 59 | Train Loss: 0.5713863 Vali Loss: 1.4702260 Test Loss: 0.4712898
EarlyStopping counter: 66 out of 100
Updating learning rate to 7.735540101454298e-08
Epoch: 72 cost time: 29.222567558288574
Epoch: 72, Steps: 59 | Train Loss: 0.5718845 Vali Loss: 1.4666275 Test Loss: 0.4708389
EarlyStopping counter: 67 out of 100
Updating learning rate to 6.961986091308869e-08
Epoch: 73 cost time: 29.416911602020264
Epoch: 73, Steps: 59 | Train Loss: 0.5716105 Vali Loss: 1.4577870 Test Loss: 0.4713458
EarlyStopping counter: 68 out of 100
Updating learning rate to 6.265787482177981e-08
Epoch: 74 cost time: 29.00812792778015
Epoch: 74, Steps: 59 | Train Loss: 0.5715020 Vali Loss: 1.4690249 Test Loss: 0.4706367
EarlyStopping counter: 69 out of 100
Updating learning rate to 5.639208733960184e-08
Epoch: 75 cost time: 29.23985981941223
Epoch: 75, Steps: 59 | Train Loss: 0.5718084 Vali Loss: 1.4610460 Test Loss: 0.4711518
EarlyStopping counter: 70 out of 100
Updating learning rate to 5.075287860564165e-08
Epoch: 76 cost time: 29.226139068603516
Epoch: 76, Steps: 59 | Train Loss: 0.5712974 Vali Loss: 1.4667923 Test Loss: 0.4709792
EarlyStopping counter: 71 out of 100
Updating learning rate to 4.567759074507749e-08
Epoch: 77 cost time: 28.820284366607666
Epoch: 77, Steps: 59 | Train Loss: 0.5712027 Vali Loss: 1.4682810 Test Loss: 0.4716136
EarlyStopping counter: 72 out of 100
Updating learning rate to 4.1109831670569744e-08
Epoch: 78 cost time: 29.267404794692993
Epoch: 78, Steps: 59 | Train Loss: 0.5712876 Vali Loss: 1.4631336 Test Loss: 0.4705710
EarlyStopping counter: 73 out of 100
Updating learning rate to 3.6998848503512764e-08
Epoch: 79 cost time: 29.445635557174683
Epoch: 79, Steps: 59 | Train Loss: 0.5709798 Vali Loss: 1.4679010 Test Loss: 0.4711524
EarlyStopping counter: 74 out of 100
Updating learning rate to 3.3298963653161496e-08
Epoch: 80 cost time: 29.017104625701904
Epoch: 80, Steps: 59 | Train Loss: 0.5711848 Vali Loss: 1.4635711 Test Loss: 0.4714253
EarlyStopping counter: 75 out of 100
Updating learning rate to 2.996906728784534e-08
Epoch: 81 cost time: 28.446460723876953
Epoch: 81, Steps: 59 | Train Loss: 0.5716179 Vali Loss: 1.4724338 Test Loss: 0.4706545
EarlyStopping counter: 76 out of 100
Updating learning rate to 2.697216055906081e-08
Epoch: 82 cost time: 28.819371700286865
Epoch: 82, Steps: 59 | Train Loss: 0.5714055 Vali Loss: 1.4684334 Test Loss: 0.4714775
EarlyStopping counter: 77 out of 100
Updating learning rate to 2.427494450315473e-08
Epoch: 83 cost time: 29.025606870651245
Epoch: 83, Steps: 59 | Train Loss: 0.5716082 Vali Loss: 1.4644184 Test Loss: 0.4707796
EarlyStopping counter: 78 out of 100
Updating learning rate to 2.1847450052839257e-08
Epoch: 84 cost time: 29.22502088546753
Epoch: 84, Steps: 59 | Train Loss: 0.5717303 Vali Loss: 1.4654572 Test Loss: 0.4711105
EarlyStopping counter: 79 out of 100
Updating learning rate to 1.9662705047555332e-08
Epoch: 85 cost time: 29.051178455352783
Epoch: 85, Steps: 59 | Train Loss: 0.5722602 Vali Loss: 1.4714324 Test Loss: 0.4711308
EarlyStopping counter: 80 out of 100
Updating learning rate to 1.7696434542799797e-08
Epoch: 86 cost time: 28.45661187171936
Epoch: 86, Steps: 59 | Train Loss: 0.5716491 Vali Loss: 1.4644363 Test Loss: 0.4710482
EarlyStopping counter: 81 out of 100
Updating learning rate to 1.5926791088519817e-08
Epoch: 87 cost time: 28.608653783798218
Epoch: 87, Steps: 59 | Train Loss: 0.5714331 Vali Loss: 1.4693227 Test Loss: 0.4704359
EarlyStopping counter: 82 out of 100
Updating learning rate to 1.4334111979667836e-08
Epoch: 88 cost time: 28.83149528503418
Epoch: 88, Steps: 59 | Train Loss: 0.5713977 Vali Loss: 1.4710174 Test Loss: 0.4701684
EarlyStopping counter: 83 out of 100
Updating learning rate to 1.2900700781701054e-08
Epoch: 89 cost time: 28.852224588394165
Epoch: 89, Steps: 59 | Train Loss: 0.5714621 Vali Loss: 1.4680438 Test Loss: 0.4697065
EarlyStopping counter: 84 out of 100
Updating learning rate to 1.161063070353095e-08
Epoch: 90 cost time: 29.213030576705933
Epoch: 90, Steps: 59 | Train Loss: 0.5715990 Vali Loss: 1.4681050 Test Loss: 0.4705107
EarlyStopping counter: 85 out of 100
Updating learning rate to 1.0449567633177854e-08
Epoch: 91 cost time: 29.63951826095581
Epoch: 91, Steps: 59 | Train Loss: 0.5713276 Vali Loss: 1.4709935 Test Loss: 0.4705966
EarlyStopping counter: 86 out of 100
Updating learning rate to 9.404610869860069e-09
Epoch: 92 cost time: 28.604334831237793
Epoch: 92, Steps: 59 | Train Loss: 0.5721079 Vali Loss: 1.4631610 Test Loss: 0.4704752
EarlyStopping counter: 87 out of 100
Updating learning rate to 8.464149782874063e-09
Epoch: 93 cost time: 28.181225776672363
Epoch: 93, Steps: 59 | Train Loss: 0.5715697 Vali Loss: 1.4686768 Test Loss: 0.4710639
EarlyStopping counter: 88 out of 100
Updating learning rate to 7.617734804586658e-09
Epoch: 94 cost time: 28.221513032913208
Epoch: 94, Steps: 59 | Train Loss: 0.5717073 Vali Loss: 1.4652659 Test Loss: 0.4704621
EarlyStopping counter: 89 out of 100
Updating learning rate to 6.855961324127991e-09
Epoch: 95 cost time: 28.416864156723022
Epoch: 95, Steps: 59 | Train Loss: 0.5719982 Vali Loss: 1.4636109 Test Loss: 0.4707120
EarlyStopping counter: 90 out of 100
Updating learning rate to 6.170365191715193e-09
Epoch: 96 cost time: 28.224169731140137
Epoch: 96, Steps: 59 | Train Loss: 0.5712226 Vali Loss: 1.4685515 Test Loss: 0.4704001
EarlyStopping counter: 91 out of 100
Updating learning rate to 5.5533286725436726e-09
Epoch: 97 cost time: 28.212055206298828
Epoch: 97, Steps: 59 | Train Loss: 0.5717609 Vali Loss: 1.4671433 Test Loss: 0.4711272
EarlyStopping counter: 92 out of 100
Updating learning rate to 4.997995805289306e-09
Epoch: 98 cost time: 28.22016215324402
Epoch: 98, Steps: 59 | Train Loss: 0.5716792 Vali Loss: 1.4625702 Test Loss: 0.4703266
EarlyStopping counter: 93 out of 100
Updating learning rate to 4.498196224760375e-09
Epoch: 99 cost time: 28.273669004440308
Epoch: 99, Steps: 59 | Train Loss: 0.5715285 Vali Loss: 1.4742965 Test Loss: 0.4707333
EarlyStopping counter: 94 out of 100
Updating learning rate to 4.048376602284338e-09
Epoch: 100 cost time: 28.22122359275818
Epoch: 100, Steps: 59 | Train Loss: 0.5716627 Vali Loss: 1.4677030 Test Loss: 0.4713304
EarlyStopping counter: 95 out of 100
Updating learning rate to 3.643538942055904e-09
>>>>>>>testing : 336_720_PatchTST_ETTh1_ftM_sl336_ll48_pl720_dm16_nh4_el3_dl1_df128_fc1_ebtimeF_dtTrue_Exp_0<<<<<<<<<<<<<<<<<<<<<<<<<<<<<<<<<
test 2161
mse:0.45504945516586304, mae:0.4708322286605835, rse:0.6479095220565796
