Random seed set as 941
Args in experiment:
Namespace(random_seed=941, is_training=1, model_id='336_336', model='PatchTST', data='ETTh1', root_path='./datasets/ETDataset/ETT-small/', data_path='ETTh1.csv', features='M', target='OT', freq='h', checkpoints='./runs/checkpoints/', seq_len=336, label_len=48, pred_len=336, fc_dropout=0.3, head_dropout=0.0, patch_len=16, stride=8, padding_patch='end', revin=1, affine=0, subtract_last=0, decomposition=0, kernel_size=25, individual=0, embed_type=0, enc_in=7, dec_in=7, c_out=7, d_model=16, n_heads=4, e_layers=3, d_layers=1, d_ff=128, moving_avg=25, factor=1, distil=True, dropout=0.3, embed='timeF', activation='gelu', output_attention=False, do_predict=False, num_workers=10, itr=1, train_epochs=100, batch_size=128, patience=100, learning_rate=0.0001, des='Exp', loss='mse', lradj='type3', pct_start=0.3, use_amp=False, use_gpu=True, gpu=0, use_multi_gpu=False, devices='0,1,2,3', test_flop=False)
Use GPU: cuda:0
>>>>>>>start training : 336_336_PatchTST_ETTh1_ftM_sl336_ll48_pl336_dm16_nh4_el3_dl1_df128_fc1_ebtimeF_dtTrue_Exp_0>>>>>>>>>>>>>>>>>>>>>>>>>>
train 7969
val 2545
test 2545
Epoch: 1 cost time: 28.743726015090942
Epoch: 1, Steps: 62 | Train Loss: 0.8031294 Vali Loss: 1.7538540 Test Loss: 0.7711907
Validation loss decreased (inf --> 1.753854).  Saving model ...
Updating learning rate to 0.0001
Epoch: 2 cost time: 29.683231353759766
Epoch: 2, Steps: 62 | Train Loss: 0.6533221 Vali Loss: 1.3078667 Test Loss: 0.5266640
Validation loss decreased (1.753854 --> 1.307867).  Saving model ...
Updating learning rate to 0.0001
Epoch: 3 cost time: 28.673044204711914
Epoch: 3, Steps: 62 | Train Loss: 0.5563998 Vali Loss: 1.2199951 Test Loss: 0.4769645
Validation loss decreased (1.307867 --> 1.219995).  Saving model ...
Updating learning rate to 0.0001
Epoch: 4 cost time: 28.62502956390381
Epoch: 4, Steps: 62 | Train Loss: 0.5215809 Vali Loss: 1.1962435 Test Loss: 0.4523542
Validation loss decreased (1.219995 --> 1.196244).  Saving model ...
Updating learning rate to 9e-05
Epoch: 5 cost time: 28.874934673309326
Epoch: 5, Steps: 62 | Train Loss: 0.5050735 Vali Loss: 1.1743243 Test Loss: 0.4412811
Validation loss decreased (1.196244 --> 1.174324).  Saving model ...
Updating learning rate to 8.1e-05
Epoch: 6 cost time: 28.84735631942749
Epoch: 6, Steps: 62 | Train Loss: 0.4954820 Vali Loss: 1.1717255 Test Loss: 0.4363212
Validation loss decreased (1.174324 --> 1.171726).  Saving model ...
Updating learning rate to 7.290000000000001e-05
Epoch: 7 cost time: 28.86903476715088
Epoch: 7, Steps: 62 | Train Loss: 0.4903966 Vali Loss: 1.1708666 Test Loss: 0.4339148
Validation loss decreased (1.171726 --> 1.170867).  Saving model ...
Updating learning rate to 6.561e-05
Epoch: 8 cost time: 28.826267957687378
Epoch: 8, Steps: 62 | Train Loss: 0.4864956 Vali Loss: 1.1652263 Test Loss: 0.4318720
Validation loss decreased (1.170867 --> 1.165226).  Saving model ...
Updating learning rate to 5.904900000000001e-05
Epoch: 9 cost time: 28.827352285385132
Epoch: 9, Steps: 62 | Train Loss: 0.4839078 Vali Loss: 1.1693449 Test Loss: 0.4316449
EarlyStopping counter: 1 out of 100
Updating learning rate to 5.3144100000000005e-05
Epoch: 10 cost time: 28.631964921951294
Epoch: 10, Steps: 62 | Train Loss: 0.4812873 Vali Loss: 1.1723312 Test Loss: 0.4308127
EarlyStopping counter: 2 out of 100
Updating learning rate to 4.782969000000001e-05
Epoch: 11 cost time: 28.645548343658447
Epoch: 11, Steps: 62 | Train Loss: 0.4794177 Vali Loss: 1.1674608 Test Loss: 0.4303432
EarlyStopping counter: 3 out of 100
Updating learning rate to 4.304672100000001e-05
Epoch: 12 cost time: 28.84178876876831
Epoch: 12, Steps: 62 | Train Loss: 0.4776321 Vali Loss: 1.1691914 Test Loss: 0.4306255
EarlyStopping counter: 4 out of 100
Updating learning rate to 3.874204890000001e-05
Epoch: 13 cost time: 28.5998694896698
Epoch: 13, Steps: 62 | Train Loss: 0.4766571 Vali Loss: 1.1721628 Test Loss: 0.4302258
EarlyStopping counter: 5 out of 100
Updating learning rate to 3.486784401000001e-05
Epoch: 14 cost time: 29.281559467315674
Epoch: 14, Steps: 62 | Train Loss: 0.4755547 Vali Loss: 1.1671120 Test Loss: 0.4303400
EarlyStopping counter: 6 out of 100
Updating learning rate to 3.138105960900001e-05
Epoch: 15 cost time: 28.543742179870605
Epoch: 15, Steps: 62 | Train Loss: 0.4739923 Vali Loss: 1.1713395 Test Loss: 0.4305216
EarlyStopping counter: 7 out of 100
Updating learning rate to 2.824295364810001e-05
Epoch: 16 cost time: 28.828221797943115
Epoch: 16, Steps: 62 | Train Loss: 0.4736346 Vali Loss: 1.1724190 Test Loss: 0.4307166
EarlyStopping counter: 8 out of 100
Updating learning rate to 2.541865828329001e-05
Epoch: 17 cost time: 29.03775930404663
Epoch: 17, Steps: 62 | Train Loss: 0.4726693 Vali Loss: 1.1663004 Test Loss: 0.4302331
EarlyStopping counter: 9 out of 100
Updating learning rate to 2.287679245496101e-05
Epoch: 18 cost time: 28.768583059310913
Epoch: 18, Steps: 62 | Train Loss: 0.4719460 Vali Loss: 1.1757760 Test Loss: 0.4308130
EarlyStopping counter: 10 out of 100
Updating learning rate to 2.0589113209464907e-05
Epoch: 19 cost time: 29.052700519561768
Epoch: 19, Steps: 62 | Train Loss: 0.4718573 Vali Loss: 1.1696582 Test Loss: 0.4306635
EarlyStopping counter: 11 out of 100
Updating learning rate to 1.8530201888518416e-05
Epoch: 20 cost time: 28.883909940719604
Epoch: 20, Steps: 62 | Train Loss: 0.4710481 Vali Loss: 1.1782279 Test Loss: 0.4307019
EarlyStopping counter: 12 out of 100
Updating learning rate to 1.6677181699666577e-05
Epoch: 21 cost time: 29.444388389587402
Epoch: 21, Steps: 62 | Train Loss: 0.4704246 Vali Loss: 1.1745354 Test Loss: 0.4308107
EarlyStopping counter: 13 out of 100
Updating learning rate to 1.5009463529699919e-05
Epoch: 22 cost time: 29.472158432006836
Epoch: 22, Steps: 62 | Train Loss: 0.4702035 Vali Loss: 1.1759297 Test Loss: 0.4307241
EarlyStopping counter: 14 out of 100
Updating learning rate to 1.3508517176729929e-05
Epoch: 23 cost time: 29.62356686592102
Epoch: 23, Steps: 62 | Train Loss: 0.4698936 Vali Loss: 1.1721344 Test Loss: 0.4308260
EarlyStopping counter: 15 out of 100
Updating learning rate to 1.2157665459056936e-05
Epoch: 24 cost time: 28.223846435546875
Epoch: 24, Steps: 62 | Train Loss: 0.4693518 Vali Loss: 1.1744778 Test Loss: 0.4307921
EarlyStopping counter: 16 out of 100
Updating learning rate to 1.0941898913151242e-05
Epoch: 25 cost time: 28.785752534866333
Epoch: 25, Steps: 62 | Train Loss: 0.4687572 Vali Loss: 1.1724882 Test Loss: 0.4308068
EarlyStopping counter: 17 out of 100
Updating learning rate to 9.847709021836118e-06
Epoch: 26 cost time: 28.63115930557251
Epoch: 26, Steps: 62 | Train Loss: 0.4686760 Vali Loss: 1.1743429 Test Loss: 0.4306144
EarlyStopping counter: 18 out of 100
Updating learning rate to 8.862938119652508e-06
Epoch: 27 cost time: 28.446706533432007
Epoch: 27, Steps: 62 | Train Loss: 0.4686188 Vali Loss: 1.1726304 Test Loss: 0.4304813
EarlyStopping counter: 19 out of 100
Updating learning rate to 7.976644307687255e-06
Epoch: 28 cost time: 28.45266342163086
Epoch: 28, Steps: 62 | Train Loss: 0.4683799 Vali Loss: 1.1771278 Test Loss: 0.4307814
EarlyStopping counter: 20 out of 100
Updating learning rate to 7.178979876918531e-06
Epoch: 29 cost time: 28.382288455963135
Epoch: 29, Steps: 62 | Train Loss: 0.4681021 Vali Loss: 1.1756488 Test Loss: 0.4308687
EarlyStopping counter: 21 out of 100
Updating learning rate to 6.4610818892266776e-06
Epoch: 30 cost time: 28.28264021873474
Epoch: 30, Steps: 62 | Train Loss: 0.4678667 Vali Loss: 1.1720756 Test Loss: 0.4304578
EarlyStopping counter: 22 out of 100
Updating learning rate to 5.8149737003040096e-06
Epoch: 31 cost time: 28.353150844573975
Epoch: 31, Steps: 62 | Train Loss: 0.4684095 Vali Loss: 1.1797298 Test Loss: 0.4306364
EarlyStopping counter: 23 out of 100
Updating learning rate to 5.23347633027361e-06
Epoch: 32 cost time: 28.481420040130615
Epoch: 32, Steps: 62 | Train Loss: 0.4676630 Vali Loss: 1.1715699 Test Loss: 0.4304012
EarlyStopping counter: 24 out of 100
Updating learning rate to 4.710128697246249e-06
Epoch: 33 cost time: 28.45306420326233
Epoch: 33, Steps: 62 | Train Loss: 0.4678701 Vali Loss: 1.1731163 Test Loss: 0.4305155
EarlyStopping counter: 25 out of 100
Updating learning rate to 4.239115827521624e-06
Epoch: 34 cost time: 29.902129411697388
Epoch: 34, Steps: 62 | Train Loss: 0.4677446 Vali Loss: 1.1776960 Test Loss: 0.4303638
EarlyStopping counter: 26 out of 100
Updating learning rate to 3.815204244769462e-06
Epoch: 35 cost time: 29.911638736724854
Epoch: 35, Steps: 62 | Train Loss: 0.4676567 Vali Loss: 1.1782734 Test Loss: 0.4305104
EarlyStopping counter: 27 out of 100
Updating learning rate to 3.4336838202925152e-06
Epoch: 36 cost time: 29.649208068847656
Epoch: 36, Steps: 62 | Train Loss: 0.4678049 Vali Loss: 1.1755959 Test Loss: 0.4305151
EarlyStopping counter: 28 out of 100
Updating learning rate to 3.090315438263264e-06
Epoch: 37 cost time: 29.870899438858032
Epoch: 37, Steps: 62 | Train Loss: 0.4671797 Vali Loss: 1.1694227 Test Loss: 0.4302358
EarlyStopping counter: 29 out of 100
Updating learning rate to 2.7812838944369375e-06
Epoch: 38 cost time: 29.461788177490234
Epoch: 38, Steps: 62 | Train Loss: 0.4672199 Vali Loss: 1.1725653 Test Loss: 0.4306225
EarlyStopping counter: 30 out of 100
Updating learning rate to 2.503155504993244e-06
Epoch: 39 cost time: 29.446279048919678
Epoch: 39, Steps: 62 | Train Loss: 0.4674499 Vali Loss: 1.1770389 Test Loss: 0.4306960
EarlyStopping counter: 31 out of 100
Updating learning rate to 2.2528399544939195e-06
Epoch: 40 cost time: 30.10070514678955
Epoch: 40, Steps: 62 | Train Loss: 0.4671766 Vali Loss: 1.1771727 Test Loss: 0.4305162
EarlyStopping counter: 32 out of 100
Updating learning rate to 2.0275559590445276e-06
Epoch: 41 cost time: 29.64195442199707
Epoch: 41, Steps: 62 | Train Loss: 0.4671042 Vali Loss: 1.1731122 Test Loss: 0.4306419
EarlyStopping counter: 33 out of 100
Updating learning rate to 1.8248003631400751e-06
Epoch: 42 cost time: 29.632055282592773
Epoch: 42, Steps: 62 | Train Loss: 0.4676055 Vali Loss: 1.1774061 Test Loss: 0.4302899
EarlyStopping counter: 34 out of 100
Updating learning rate to 1.6423203268260676e-06
Epoch: 43 cost time: 29.438185214996338
Epoch: 43, Steps: 62 | Train Loss: 0.4672663 Vali Loss: 1.1775159 Test Loss: 0.4304180
EarlyStopping counter: 35 out of 100
Updating learning rate to 1.4780882941434609e-06
Epoch: 44 cost time: 29.698679208755493
Epoch: 44, Steps: 62 | Train Loss: 0.4672655 Vali Loss: 1.1746420 Test Loss: 0.4305993
EarlyStopping counter: 36 out of 100
Updating learning rate to 1.3302794647291146e-06
Epoch: 45 cost time: 29.437026500701904
Epoch: 45, Steps: 62 | Train Loss: 0.4669290 Vali Loss: 1.1729801 Test Loss: 0.4305597
EarlyStopping counter: 37 out of 100
Updating learning rate to 1.1972515182562034e-06
Epoch: 46 cost time: 29.53536581993103
Epoch: 46, Steps: 62 | Train Loss: 0.4670675 Vali Loss: 1.1744586 Test Loss: 0.4305660
EarlyStopping counter: 38 out of 100
Updating learning rate to 1.077526366430583e-06
Epoch: 47 cost time: 29.912440061569214
Epoch: 47, Steps: 62 | Train Loss: 0.4666069 Vali Loss: 1.1770989 Test Loss: 0.4306039
EarlyStopping counter: 39 out of 100
Updating learning rate to 9.697737297875248e-07
Epoch: 48 cost time: 29.835294008255005
Epoch: 48, Steps: 62 | Train Loss: 0.4668104 Vali Loss: 1.1696416 Test Loss: 0.4305303
EarlyStopping counter: 40 out of 100
Updating learning rate to 8.727963568087723e-07
Epoch: 49 cost time: 29.823086261749268
Epoch: 49, Steps: 62 | Train Loss: 0.4667499 Vali Loss: 1.1722860 Test Loss: 0.4303465
EarlyStopping counter: 41 out of 100
Updating learning rate to 7.855167211278951e-07
Epoch: 50 cost time: 30.006540775299072
Epoch: 50, Steps: 62 | Train Loss: 0.4671367 Vali Loss: 1.1763339 Test Loss: 0.4303421
EarlyStopping counter: 42 out of 100
Updating learning rate to 7.069650490151056e-07
Epoch: 51 cost time: 29.627904653549194
Epoch: 51, Steps: 62 | Train Loss: 0.4671567 Vali Loss: 1.1724424 Test Loss: 0.4302522
EarlyStopping counter: 43 out of 100
Updating learning rate to 6.36268544113595e-07
Epoch: 52 cost time: 29.99433135986328
Epoch: 52, Steps: 62 | Train Loss: 0.4673381 Vali Loss: 1.1783595 Test Loss: 0.4304801
EarlyStopping counter: 44 out of 100
Updating learning rate to 5.726416897022355e-07
Epoch: 53 cost time: 29.840104341506958
Epoch: 53, Steps: 62 | Train Loss: 0.4675110 Vali Loss: 1.1771650 Test Loss: 0.4305540
EarlyStopping counter: 45 out of 100
Updating learning rate to 5.15377520732012e-07
Epoch: 54 cost time: 29.670352935791016
Epoch: 54, Steps: 62 | Train Loss: 0.4667653 Vali Loss: 1.1724175 Test Loss: 0.4303397
EarlyStopping counter: 46 out of 100
Updating learning rate to 4.6383976865881085e-07
Epoch: 55 cost time: 29.43603491783142
Epoch: 55, Steps: 62 | Train Loss: 0.4670196 Vali Loss: 1.1768757 Test Loss: 0.4304732
EarlyStopping counter: 47 out of 100
Updating learning rate to 4.174557917929298e-07
Epoch: 56 cost time: 29.604503631591797
Epoch: 56, Steps: 62 | Train Loss: 0.4667843 Vali Loss: 1.1715081 Test Loss: 0.4303668
EarlyStopping counter: 48 out of 100
Updating learning rate to 3.7571021261363677e-07
Epoch: 57 cost time: 29.49765706062317
Epoch: 57, Steps: 62 | Train Loss: 0.4669425 Vali Loss: 1.1754866 Test Loss: 0.4303959
EarlyStopping counter: 49 out of 100
Updating learning rate to 3.381391913522731e-07
Epoch: 58 cost time: 30.01616668701172
Epoch: 58, Steps: 62 | Train Loss: 0.4669116 Vali Loss: 1.1710182 Test Loss: 0.4302997
EarlyStopping counter: 50 out of 100
Updating learning rate to 3.043252722170458e-07
Epoch: 59 cost time: 29.789515733718872
Epoch: 59, Steps: 62 | Train Loss: 0.4670803 Vali Loss: 1.1758035 Test Loss: 0.4304110
EarlyStopping counter: 51 out of 100
Updating learning rate to 2.7389274499534124e-07
Epoch: 60 cost time: 29.37608528137207
Epoch: 60, Steps: 62 | Train Loss: 0.4670416 Vali Loss: 1.1753054 Test Loss: 0.4301786
EarlyStopping counter: 52 out of 100
Updating learning rate to 2.465034704958071e-07
Epoch: 61 cost time: 28.225017070770264
Epoch: 61, Steps: 62 | Train Loss: 0.4669299 Vali Loss: 1.1697049 Test Loss: 0.4306271
EarlyStopping counter: 53 out of 100
Updating learning rate to 2.218531234462264e-07
Epoch: 62 cost time: 29.86410140991211
Epoch: 62, Steps: 62 | Train Loss: 0.4660177 Vali Loss: 1.1722676 Test Loss: 0.4304446
EarlyStopping counter: 54 out of 100
Updating learning rate to 1.9966781110160376e-07
Epoch: 63 cost time: 30.279062032699585
Epoch: 63, Steps: 62 | Train Loss: 0.4667118 Vali Loss: 1.1780089 Test Loss: 0.4305820
EarlyStopping counter: 55 out of 100
Updating learning rate to 1.797010299914434e-07
Epoch: 64 cost time: 30.104188680648804
Epoch: 64, Steps: 62 | Train Loss: 0.4667460 Vali Loss: 1.1754196 Test Loss: 0.4302869
EarlyStopping counter: 56 out of 100
Updating learning rate to 1.6173092699229907e-07
Epoch: 65 cost time: 28.842066526412964
Epoch: 65, Steps: 62 | Train Loss: 0.4669801 Vali Loss: 1.1764517 Test Loss: 0.4306338
EarlyStopping counter: 57 out of 100
Updating learning rate to 1.4555783429306916e-07
Epoch: 66 cost time: 28.631201028823853
Epoch: 66, Steps: 62 | Train Loss: 0.4669487 Vali Loss: 1.1792375 Test Loss: 0.4302656
EarlyStopping counter: 58 out of 100
Updating learning rate to 1.3100205086376224e-07
Epoch: 67 cost time: 28.81352424621582
Epoch: 67, Steps: 62 | Train Loss: 0.4668585 Vali Loss: 1.1732367 Test Loss: 0.4304322
EarlyStopping counter: 59 out of 100
Updating learning rate to 1.1790184577738603e-07
Epoch: 68 cost time: 29.277534246444702
Epoch: 68, Steps: 62 | Train Loss: 0.4665447 Vali Loss: 1.1745101 Test Loss: 0.4306131
EarlyStopping counter: 60 out of 100
Updating learning rate to 1.0611166119964742e-07
Epoch: 69 cost time: 29.04441499710083
Epoch: 69, Steps: 62 | Train Loss: 0.4668383 Vali Loss: 1.1743953 Test Loss: 0.4304155
EarlyStopping counter: 61 out of 100
Updating learning rate to 9.550049507968268e-08
Epoch: 70 cost time: 28.667064666748047
Epoch: 70, Steps: 62 | Train Loss: 0.4668952 Vali Loss: 1.1787144 Test Loss: 0.4304456
EarlyStopping counter: 62 out of 100
Updating learning rate to 8.595044557171442e-08
Epoch: 71 cost time: 28.8345947265625
Epoch: 71, Steps: 62 | Train Loss: 0.4672145 Vali Loss: 1.1774641 Test Loss: 0.4304324
EarlyStopping counter: 63 out of 100
Updating learning rate to 7.735540101454298e-08
Epoch: 72 cost time: 28.820700645446777
Epoch: 72, Steps: 62 | Train Loss: 0.4667868 Vali Loss: 1.1740366 Test Loss: 0.4303001
EarlyStopping counter: 64 out of 100
Updating learning rate to 6.961986091308869e-08
Epoch: 73 cost time: 29.251142501831055
Epoch: 73, Steps: 62 | Train Loss: 0.4667956 Vali Loss: 1.1707457 Test Loss: 0.4305231
EarlyStopping counter: 65 out of 100
Updating learning rate to 6.265787482177981e-08
Epoch: 74 cost time: 28.87748646736145
Epoch: 74, Steps: 62 | Train Loss: 0.4668268 Vali Loss: 1.1751931 Test Loss: 0.4306093
EarlyStopping counter: 66 out of 100
Updating learning rate to 5.639208733960184e-08
Epoch: 75 cost time: 28.864570140838623
Epoch: 75, Steps: 62 | Train Loss: 0.4671406 Vali Loss: 1.1777093 Test Loss: 0.4305644
EarlyStopping counter: 67 out of 100
Updating learning rate to 5.075287860564165e-08
Epoch: 76 cost time: 28.851204872131348
Epoch: 76, Steps: 62 | Train Loss: 0.4665095 Vali Loss: 1.1714952 Test Loss: 0.4303840
EarlyStopping counter: 68 out of 100
Updating learning rate to 4.567759074507749e-08
Epoch: 77 cost time: 29.27242136001587
Epoch: 77, Steps: 62 | Train Loss: 0.4668609 Vali Loss: 1.1756171 Test Loss: 0.4304966
EarlyStopping counter: 69 out of 100
Updating learning rate to 4.1109831670569744e-08
Epoch: 78 cost time: 28.632203102111816
Epoch: 78, Steps: 62 | Train Loss: 0.4665259 Vali Loss: 1.1749557 Test Loss: 0.4303927
EarlyStopping counter: 70 out of 100
Updating learning rate to 3.6998848503512764e-08
Epoch: 79 cost time: 28.62745451927185
Epoch: 79, Steps: 62 | Train Loss: 0.4665428 Vali Loss: 1.1785791 Test Loss: 0.4304072
EarlyStopping counter: 71 out of 100
Updating learning rate to 3.3298963653161496e-08
Epoch: 80 cost time: 28.82888174057007
Epoch: 80, Steps: 62 | Train Loss: 0.4668764 Vali Loss: 1.1741376 Test Loss: 0.4304531
EarlyStopping counter: 72 out of 100
Updating learning rate to 2.996906728784534e-08
Epoch: 81 cost time: 29.263848304748535
Epoch: 81, Steps: 62 | Train Loss: 0.4670809 Vali Loss: 1.1732171 Test Loss: 0.4300724
EarlyStopping counter: 73 out of 100
Updating learning rate to 2.697216055906081e-08
Epoch: 82 cost time: 29.0614595413208
Epoch: 82, Steps: 62 | Train Loss: 0.4667423 Vali Loss: 1.1743890 Test Loss: 0.4301785
EarlyStopping counter: 74 out of 100
Updating learning rate to 2.427494450315473e-08
Epoch: 83 cost time: 28.854745864868164
Epoch: 83, Steps: 62 | Train Loss: 0.4667741 Vali Loss: 1.1757668 Test Loss: 0.4303914
EarlyStopping counter: 75 out of 100
Updating learning rate to 2.1847450052839257e-08
Epoch: 84 cost time: 28.837404251098633
Epoch: 84, Steps: 62 | Train Loss: 0.4670370 Vali Loss: 1.1762300 Test Loss: 0.4303376
EarlyStopping counter: 76 out of 100
Updating learning rate to 1.9662705047555332e-08
Epoch: 85 cost time: 29.062727212905884
Epoch: 85, Steps: 62 | Train Loss: 0.4669092 Vali Loss: 1.1758287 Test Loss: 0.4305552
EarlyStopping counter: 77 out of 100
Updating learning rate to 1.7696434542799797e-08
Epoch: 86 cost time: 28.630955934524536
Epoch: 86, Steps: 62 | Train Loss: 0.4662645 Vali Loss: 1.1753149 Test Loss: 0.4306022
EarlyStopping counter: 78 out of 100
Updating learning rate to 1.5926791088519817e-08
Epoch: 87 cost time: 28.654574155807495
Epoch: 87, Steps: 62 | Train Loss: 0.4670955 Vali Loss: 1.1736383 Test Loss: 0.4306118
EarlyStopping counter: 79 out of 100
Updating learning rate to 1.4334111979667836e-08
Epoch: 88 cost time: 28.440969467163086
Epoch: 88, Steps: 62 | Train Loss: 0.4671739 Vali Loss: 1.1729580 Test Loss: 0.4302970
EarlyStopping counter: 80 out of 100
Updating learning rate to 1.2900700781701054e-08
Epoch: 89 cost time: 28.647414684295654
Epoch: 89, Steps: 62 | Train Loss: 0.4667061 Vali Loss: 1.1718463 Test Loss: 0.4304067
EarlyStopping counter: 81 out of 100
Updating learning rate to 1.161063070353095e-08
Epoch: 90 cost time: 28.858150959014893
Epoch: 90, Steps: 62 | Train Loss: 0.4667408 Vali Loss: 1.1741838 Test Loss: 0.4304188
EarlyStopping counter: 82 out of 100
Updating learning rate to 1.0449567633177854e-08
Epoch: 91 cost time: 28.433205127716064
Epoch: 91, Steps: 62 | Train Loss: 0.4671108 Vali Loss: 1.1751729 Test Loss: 0.4304605
EarlyStopping counter: 83 out of 100
Updating learning rate to 9.404610869860069e-09
Epoch: 92 cost time: 28.662949323654175
Epoch: 92, Steps: 62 | Train Loss: 0.4666115 Vali Loss: 1.1707059 Test Loss: 0.4303445
EarlyStopping counter: 84 out of 100
Updating learning rate to 8.464149782874063e-09
Epoch: 93 cost time: 28.834100246429443
Epoch: 93, Steps: 62 | Train Loss: 0.4667571 Vali Loss: 1.1720561 Test Loss: 0.4305543
EarlyStopping counter: 85 out of 100
Updating learning rate to 7.617734804586658e-09
Epoch: 94 cost time: 28.435890436172485
Epoch: 94, Steps: 62 | Train Loss: 0.4666527 Vali Loss: 1.1736474 Test Loss: 0.4304738
EarlyStopping counter: 86 out of 100
Updating learning rate to 6.855961324127991e-09
Epoch: 95 cost time: 28.647482872009277
Epoch: 95, Steps: 62 | Train Loss: 0.4667868 Vali Loss: 1.1749945 Test Loss: 0.4302979
EarlyStopping counter: 87 out of 100
Updating learning rate to 6.170365191715193e-09
Epoch: 96 cost time: 28.670787811279297
Epoch: 96, Steps: 62 | Train Loss: 0.4665891 Vali Loss: 1.1748227 Test Loss: 0.4304961
EarlyStopping counter: 88 out of 100
Updating learning rate to 5.5533286725436726e-09
Epoch: 97 cost time: 29.443761825561523
Epoch: 97, Steps: 62 | Train Loss: 0.4670237 Vali Loss: 1.1730031 Test Loss: 0.4304437
EarlyStopping counter: 89 out of 100
Updating learning rate to 4.997995805289306e-09
Epoch: 98 cost time: 28.857929944992065
Epoch: 98, Steps: 62 | Train Loss: 0.4668936 Vali Loss: 1.1769022 Test Loss: 0.4304173
EarlyStopping counter: 90 out of 100
Updating learning rate to 4.498196224760375e-09
Epoch: 99 cost time: 29.395034551620483
Epoch: 99, Steps: 62 | Train Loss: 0.4672000 Vali Loss: 1.1749339 Test Loss: 0.4305777
EarlyStopping counter: 91 out of 100
Updating learning rate to 4.048376602284338e-09
Epoch: 100 cost time: 29.24539852142334
Epoch: 100, Steps: 62 | Train Loss: 0.4671715 Vali Loss: 1.1767969 Test Loss: 0.4304696
EarlyStopping counter: 92 out of 100
Updating learning rate to 3.643538942055904e-09
>>>>>>>testing : 336_336_PatchTST_ETTh1_ftM_sl336_ll48_pl336_dm16_nh4_el3_dl1_df128_fc1_ebtimeF_dtTrue_Exp_0<<<<<<<<<<<<<<<<<<<<<<<<<<<<<<<<<
test 2545
mse:0.4318719208240509, mae:0.4389026165008545, rse:0.6282088160514832
