Random seed set as 2021
Args in experiment:
Namespace(random_seed=2021, is_training=1, model_id='336_96', model='MLinear', data='ETTh1', root_path='./datasets/ETDataset/ETT-small/', data_path='ETTh1.csv', features='M', target='OT', freq='h', checkpoints='./checkpoints/', seq_len=336, label_len=48, pred_len=96, fc_dropout=0.3, head_dropout=0.0, patch_len=16, stride=8, padding_patch='end', revin=1, affine=0, subtract_last=0, decomposition=0, kernel_size=25, individual=0, embed_type=0, enc_in=7, dec_in=7, c_out=7, d_model=16, n_heads=4, e_layers=3, d_layers=1, d_ff=128, moving_avg=25, factor=1, distil=True, dropout=0.3, embed='timeF', activation='gelu', output_attention=False, do_predict=False, num_workers=10, itr=1, train_epochs=100, batch_size=128, patience=100, learning_rate=0.0001, des='Exp', loss='mse', lradj='type3', pct_start=0.3, use_amp=False, use_gpu=False, gpu=0, use_multi_gpu=False, devices='0,1,2,3', test_flop=False)
Use CPU
>>>>>>>start training : 336_96_MLinear_ETTh1_ftM_sl336_ll48_pl96_dm16_nh4_el3_dl1_df128_fc1_ebtimeF_dtTrue_Exp_0>>>>>>>>>>>>>>>>>>>>>>>>>>
train 8209
val 2785
test 2785
tensor([[[ 8.6663e-01, -1.2268e-01,  3.1207e-01,  ...,  1.2367e+00,
          -4.5613e-01, -6.9430e-01],
         [-4.4228e-01,  4.6811e-02, -1.1244e-01,  ..., -2.9485e-02,
           3.0388e-01,  1.4654e-02],
         [ 9.8899e-01, -6.4219e-02,  3.7012e-01,  ...,  1.4306e+00,
          -4.9510e-01, -8.0913e-01],
         ...,
         [-5.0968e-01, -6.4706e-01, -5.3961e-02,  ..., -5.1160e-01,
           3.0879e-02,  1.6877e-01],
         [-3.1608e-01, -2.5328e-01,  9.8929e-02,  ..., -1.0676e-01,
           1.4308e-01,  1.7498e-01],
         [ 2.3241e-01, -5.7326e-01, -5.7197e-01,  ..., -1.0505e-01,
          -9.6925e-02, -2.5655e-04]],

        [[-4.9628e-02, -1.8458e-01,  1.7443e-01,  ...,  8.3015e-01,
           5.1757e-01,  1.1071e-01],
         [-1.8864e-01,  5.4249e-01,  5.1525e-01,  ...,  9.9243e-01,
           7.5089e-01,  6.7468e-02],
         [ 7.2471e-02, -5.5878e-02,  3.5313e-01,  ...,  8.7398e-01,
           3.3629e-01,  1.4811e-01],
         ...,
         [-3.4591e-01, -8.7162e-01, -8.3623e-01,  ..., -2.2254e-01,
           8.6693e-01,  1.3993e-01],
         [-1.2077e+00,  1.0337e+00, -2.2777e-02,  ..., -4.0812e-01,
           5.2269e-01, -5.5640e-01],
         [ 5.5822e-02,  3.3973e-02, -1.6062e-01,  ..., -1.2378e-01,
          -5.6758e-02,  1.8209e-01]],

        [[ 1.7888e-01, -3.4226e-01,  2.8287e-01,  ...,  8.6104e-01,
           2.2107e-02, -3.2544e-02],
         [ 3.1270e-01, -1.8339e-01,  6.4608e-01,  ...,  1.2269e+00,
           9.0282e-02,  2.7588e-02],
         [ 1.4414e-01, -2.4944e-01,  4.0793e-01,  ...,  8.0535e-01,
          -3.7874e-02, -4.3351e-02],
         ...,
         [ 4.6273e-01, -4.1335e-01, -6.7155e-01,  ...,  2.9579e-01,
           2.3597e-01,  3.9366e-01],
         [ 2.9300e-01, -1.4005e-01, -7.2447e-02,  ...,  4.1897e-01,
           7.1473e-02,  4.2249e-01],
         [ 2.0031e-01, -3.7697e-02,  3.4376e-02,  ..., -1.5882e-02,
           2.9453e-02,  3.3660e-01]],

        ...,

        [[-8.8424e-01, -2.5319e-02, -1.0092e+00,  ..., -1.1998e+00,
          -3.0782e-01, -3.8372e-01],
         [ 4.2413e-01,  9.1304e-02, -1.6348e-01,  ..., -2.2584e-01,
          -6.4605e-02,  1.5190e-01],
         [-1.0543e+00,  1.1554e-02, -1.1032e+00,  ..., -1.2778e+00,
          -2.5795e-01, -4.3454e-01],
         ...,
         [ 4.6732e-01, -2.3211e-01,  1.3901e-01,  ...,  5.1859e-01,
          -4.0898e-01, -2.3731e-02],
         [ 5.4616e-03, -6.1774e-01, -3.1057e-01,  ..., -4.1134e-01,
          -3.4548e-01, -5.4257e-01],
         [-3.8028e-02, -3.5570e-02, -5.1173e-02,  ...,  8.8210e-02,
          -9.9603e-03,  1.3071e-01]],

        [[-2.1789e-01, -1.0933e-01,  4.7477e-01,  ..., -1.6593e-02,
          -1.0778e-01,  6.3921e-02],
         [-4.9706e-01, -2.9686e-01,  5.0400e-01,  ..., -4.2627e-01,
          -2.1651e-03,  1.4164e-01],
         [-1.0724e-01, -1.2002e-01,  3.4444e-01,  ...,  1.6375e-01,
          -3.3463e-02,  9.8503e-03],
         ...,
         [-6.2770e-01, -4.0752e-01,  5.4072e-01,  ..., -9.5105e-01,
          -3.5913e-01,  4.2677e-01],
         [-8.0348e-01, -8.7285e-01, -6.7824e-01,  ..., -1.4731e+00,
           2.4036e-01, -3.8447e-01],
         [ 2.8703e-01, -4.8530e-01, -2.0421e-01,  ..., -2.5129e-01,
           1.8324e-01,  4.3810e-01]],

        [[ 6.2457e-02,  3.0865e-01, -2.1590e-02,  ...,  1.7903e-01,
           5.8140e-01,  2.0936e-02],
         [-4.9923e-01,  6.3077e-01,  2.1487e-01,  ...,  1.0857e-01,
           9.6713e-01,  3.5632e-02],
         [ 4.3021e-02,  1.3061e-01,  1.5012e-01,  ...,  1.4061e-01,
           4.4653e-01,  6.1298e-02],
         ...,
         [ 1.5380e-01,  7.3280e-01, -1.0227e+00,  ...,  1.1985e-01,
           9.2629e-01, -4.0721e-02],
         [-3.0044e-01,  8.9407e-01,  1.0614e-01,  ..., -1.9004e-01,
           5.8007e-01,  2.4073e-01],
         [ 3.2696e-01,  2.2367e-01,  5.3331e-01,  ...,  3.5500e-02,
           6.8375e-02,  7.3574e-01]]], grad_fn=<AddBackward0>)
