Random seed set as 2021
Args in experiment:
Namespace(random_seed=2021, is_training=1, model_id='336_336', model='PatchTST', data='ETTh1', root_path='./datasets/ETDataset/ETT-small/', data_path='ETTh1.csv', features='M', target='OT', freq='h', checkpoints='./checkpoints/', seq_len=336, label_len=48, pred_len=336, fc_dropout=0.3, head_dropout=0.0, patch_len=16, stride=8, padding_patch='end', revin=1, affine=0, subtract_last=0, decomposition=0, kernel_size=25, individual=0, embed_type=0, enc_in=7, dec_in=7, c_out=7, d_model=16, n_heads=4, e_layers=3, d_layers=1, d_ff=128, moving_avg=25, factor=1, distil=True, dropout=0.3, embed='timeF', activation='gelu', output_attention=False, do_predict=False, num_workers=10, itr=1, train_epochs=100, batch_size=128, patience=100, learning_rate=0.0001, des='Exp', loss='mse', lradj='type3', pct_start=0.3, use_amp=False, use_gpu=False, gpu=0, use_multi_gpu=False, devices='0,1,2,3', test_flop=False)
Use CPU
>>>>>>>start training : 336_336_PatchTST_ETTh1_ftM_sl336_ll48_pl336_dm16_nh4_el3_dl1_df128_fc1_ebtimeF_dtTrue_Exp_0>>>>>>>>>>>>>>>>>>>>>>>>>>
train 7969
val 2545
test 2545
Epoch: 1 cost time: 9.754389524459839
Epoch: 1, Steps: 62 | Train Loss: 0.8108915 Vali Loss: 1.7450019 Test Loss: 0.7845584
Validation loss decreased (inf --> 1.745002).  Saving model ...
Updating learning rate to 0.0001
Epoch: 2 cost time: 9.98480749130249
Epoch: 2, Steps: 62 | Train Loss: 0.6636304 Vali Loss: 1.2891083 Test Loss: 0.4991644
Validation loss decreased (1.745002 --> 1.289108).  Saving model ...
Updating learning rate to 0.0001
Epoch: 3 cost time: 10.508195400238037
Epoch: 3, Steps: 62 | Train Loss: 0.5620852 Vali Loss: 1.2301048 Test Loss: 0.4609054
Validation loss decreased (1.289108 --> 1.230105).  Saving model ...
Updating learning rate to 0.0001
Epoch: 4 cost time: 9.912986040115356
Epoch: 4, Steps: 62 | Train Loss: 0.5270457 Vali Loss: 1.1948977 Test Loss: 0.4475758
Validation loss decreased (1.230105 --> 1.194898).  Saving model ...
Updating learning rate to 9e-05
Epoch: 5 cost time: 9.967083215713501
Epoch: 5, Steps: 62 | Train Loss: 0.5086945 Vali Loss: 1.1803039 Test Loss: 0.4407472
Validation loss decreased (1.194898 --> 1.180304).  Saving model ...
Updating learning rate to 8.1e-05
Epoch: 6 cost time: 10.259129047393799
Epoch: 6, Steps: 62 | Train Loss: 0.4978335 Vali Loss: 1.1754622 Test Loss: 0.4366392
Validation loss decreased (1.180304 --> 1.175462).  Saving model ...
Updating learning rate to 7.290000000000001e-05
Epoch: 7 cost time: 9.984428405761719
Epoch: 7, Steps: 62 | Train Loss: 0.4911473 Vali Loss: 1.1765660 Test Loss: 0.4342390
EarlyStopping counter: 1 out of 100
Updating learning rate to 6.561e-05
Epoch: 8 cost time: 10.201207399368286
Epoch: 8, Steps: 62 | Train Loss: 0.4863306 Vali Loss: 1.1700428 Test Loss: 0.4327845
Validation loss decreased (1.175462 --> 1.170043).  Saving model ...
Updating learning rate to 5.904900000000001e-05
Epoch: 9 cost time: 10.812139511108398
Epoch: 9, Steps: 62 | Train Loss: 0.4825472 Vali Loss: 1.1719247 Test Loss: 0.4318945
EarlyStopping counter: 1 out of 100
Updating learning rate to 5.3144100000000005e-05
Epoch: 10 cost time: 10.072453022003174
Epoch: 10, Steps: 62 | Train Loss: 0.4797775 Vali Loss: 1.1704040 Test Loss: 0.4315571
EarlyStopping counter: 2 out of 100
Updating learning rate to 4.782969000000001e-05
Epoch: 11 cost time: 10.147122383117676
Epoch: 11, Steps: 62 | Train Loss: 0.4781352 Vali Loss: 1.1757854 Test Loss: 0.4309621
EarlyStopping counter: 3 out of 100
Updating learning rate to 4.304672100000001e-05
Epoch: 12 cost time: 10.511939764022827
Epoch: 12, Steps: 62 | Train Loss: 0.4763711 Vali Loss: 1.1708734 Test Loss: 0.4311282
EarlyStopping counter: 4 out of 100
Updating learning rate to 3.874204890000001e-05
Epoch: 13 cost time: 11.277822732925415
Epoch: 13, Steps: 62 | Train Loss: 0.4749404 Vali Loss: 1.1761434 Test Loss: 0.4311851
EarlyStopping counter: 5 out of 100
Updating learning rate to 3.486784401000001e-05
Epoch: 14 cost time: 10.924991846084595
Epoch: 14, Steps: 62 | Train Loss: 0.4732280 Vali Loss: 1.1726227 Test Loss: 0.4305974
EarlyStopping counter: 6 out of 100
Updating learning rate to 3.138105960900001e-05
Epoch: 15 cost time: 10.808533430099487
Epoch: 15, Steps: 62 | Train Loss: 0.4727462 Vali Loss: 1.1780779 Test Loss: 0.4309098
EarlyStopping counter: 7 out of 100
Updating learning rate to 2.824295364810001e-05
Epoch: 16 cost time: 11.219033479690552
Epoch: 16, Steps: 62 | Train Loss: 0.4717330 Vali Loss: 1.1763417 Test Loss: 0.4305415
EarlyStopping counter: 8 out of 100
Updating learning rate to 2.541865828329001e-05
Epoch: 17 cost time: 11.138231992721558
Epoch: 17, Steps: 62 | Train Loss: 0.4710036 Vali Loss: 1.1742332 Test Loss: 0.4307655
EarlyStopping counter: 9 out of 100
Updating learning rate to 2.287679245496101e-05
Epoch: 18 cost time: 11.075040817260742
Epoch: 18, Steps: 62 | Train Loss: 0.4702210 Vali Loss: 1.1790054 Test Loss: 0.4304044
EarlyStopping counter: 10 out of 100
Updating learning rate to 2.0589113209464907e-05
Epoch: 19 cost time: 10.676958084106445
Epoch: 19, Steps: 62 | Train Loss: 0.4692319 Vali Loss: 1.1766574 Test Loss: 0.4304027
EarlyStopping counter: 11 out of 100
Updating learning rate to 1.8530201888518416e-05
Epoch: 20 cost time: 11.162605285644531
Epoch: 20, Steps: 62 | Train Loss: 0.4691054 Vali Loss: 1.1771917 Test Loss: 0.4303505
EarlyStopping counter: 12 out of 100
Updating learning rate to 1.6677181699666577e-05
Epoch: 21 cost time: 10.188346147537231
Epoch: 21, Steps: 62 | Train Loss: 0.4689522 Vali Loss: 1.1774052 Test Loss: 0.4305446
EarlyStopping counter: 13 out of 100
Updating learning rate to 1.5009463529699919e-05
Epoch: 22 cost time: 11.157037258148193
Epoch: 22, Steps: 62 | Train Loss: 0.4683833 Vali Loss: 1.1824347 Test Loss: 0.4301350
EarlyStopping counter: 14 out of 100
Updating learning rate to 1.3508517176729929e-05
Epoch: 23 cost time: 11.1621994972229
Epoch: 23, Steps: 62 | Train Loss: 0.4678189 Vali Loss: 1.1792870 Test Loss: 0.4304018
EarlyStopping counter: 15 out of 100
Updating learning rate to 1.2157665459056936e-05
Epoch: 24 cost time: 11.042742013931274
Epoch: 24, Steps: 62 | Train Loss: 0.4676255 Vali Loss: 1.1831255 Test Loss: 0.4304679
EarlyStopping counter: 16 out of 100
Updating learning rate to 1.0941898913151242e-05
Epoch: 25 cost time: 11.438056945800781
Epoch: 25, Steps: 62 | Train Loss: 0.4675890 Vali Loss: 1.1744132 Test Loss: 0.4301774
EarlyStopping counter: 17 out of 100
Updating learning rate to 9.847709021836118e-06
Epoch: 26 cost time: 11.344743728637695
Epoch: 26, Steps: 62 | Train Loss: 0.4670790 Vali Loss: 1.1787252 Test Loss: 0.4302073
EarlyStopping counter: 18 out of 100
Updating learning rate to 8.862938119652508e-06
Epoch: 27 cost time: 10.878561973571777
Epoch: 27, Steps: 62 | Train Loss: 0.4671049 Vali Loss: 1.1810632 Test Loss: 0.4303857
EarlyStopping counter: 19 out of 100
Updating learning rate to 7.976644307687255e-06
Epoch: 28 cost time: 10.360972166061401
Epoch: 28, Steps: 62 | Train Loss: 0.4671330 Vali Loss: 1.1772949 Test Loss: 0.4300666
EarlyStopping counter: 20 out of 100
Updating learning rate to 7.178979876918531e-06
Epoch: 29 cost time: 10.51979660987854
Epoch: 29, Steps: 62 | Train Loss: 0.4663691 Vali Loss: 1.1796786 Test Loss: 0.4301562
EarlyStopping counter: 21 out of 100
Updating learning rate to 6.4610818892266776e-06
Epoch: 30 cost time: 11.139339208602905
Epoch: 30, Steps: 62 | Train Loss: 0.4659765 Vali Loss: 1.1816872 Test Loss: 0.4302042
EarlyStopping counter: 22 out of 100
Updating learning rate to 5.8149737003040096e-06
Epoch: 31 cost time: 10.41817045211792
Epoch: 31, Steps: 62 | Train Loss: 0.4661494 Vali Loss: 1.1792631 Test Loss: 0.4301449
EarlyStopping counter: 23 out of 100
Updating learning rate to 5.23347633027361e-06
Epoch: 32 cost time: 10.606106281280518
Epoch: 32, Steps: 62 | Train Loss: 0.4662030 Vali Loss: 1.1869036 Test Loss: 0.4302129
EarlyStopping counter: 24 out of 100
Updating learning rate to 4.710128697246249e-06
Epoch: 33 cost time: 10.112366676330566
Epoch: 33, Steps: 62 | Train Loss: 0.4663149 Vali Loss: 1.1816887 Test Loss: 0.4303105
EarlyStopping counter: 25 out of 100
Updating learning rate to 4.239115827521624e-06
Epoch: 34 cost time: 10.132397890090942
Epoch: 34, Steps: 62 | Train Loss: 0.4661241 Vali Loss: 1.1839514 Test Loss: 0.4301941
EarlyStopping counter: 26 out of 100
Updating learning rate to 3.815204244769462e-06
Epoch: 35 cost time: 9.779758930206299
Epoch: 35, Steps: 62 | Train Loss: 0.4660079 Vali Loss: 1.1760112 Test Loss: 0.4301851
EarlyStopping counter: 27 out of 100
Updating learning rate to 3.4336838202925152e-06
Epoch: 36 cost time: 9.86416745185852
Epoch: 36, Steps: 62 | Train Loss: 0.4657908 Vali Loss: 1.1763149 Test Loss: 0.4302582
EarlyStopping counter: 28 out of 100
Updating learning rate to 3.090315438263264e-06
Epoch: 37 cost time: 10.04471230506897
Epoch: 37, Steps: 62 | Train Loss: 0.4662160 Vali Loss: 1.1847636 Test Loss: 0.4299998
EarlyStopping counter: 29 out of 100
Updating learning rate to 2.7812838944369375e-06
Epoch: 38 cost time: 10.207339525222778
Epoch: 38, Steps: 62 | Train Loss: 0.4654259 Vali Loss: 1.1793163 Test Loss: 0.4299169
EarlyStopping counter: 30 out of 100
Updating learning rate to 2.503155504993244e-06
Epoch: 39 cost time: 10.28775143623352
Epoch: 39, Steps: 62 | Train Loss: 0.4656999 Vali Loss: 1.1765426 Test Loss: 0.4302056
EarlyStopping counter: 31 out of 100
Updating learning rate to 2.2528399544939195e-06
Epoch: 40 cost time: 9.971257209777832
Epoch: 40, Steps: 62 | Train Loss: 0.4657887 Vali Loss: 1.1833988 Test Loss: 0.4301650
EarlyStopping counter: 32 out of 100
Updating learning rate to 2.0275559590445276e-06
Epoch: 41 cost time: 9.934755325317383
Epoch: 41, Steps: 62 | Train Loss: 0.4654466 Vali Loss: 1.1790339 Test Loss: 0.4301387
EarlyStopping counter: 33 out of 100
Updating learning rate to 1.8248003631400751e-06
Epoch: 42 cost time: 9.698840856552124
Epoch: 42, Steps: 62 | Train Loss: 0.4658539 Vali Loss: 1.1831869 Test Loss: 0.4302044
EarlyStopping counter: 34 out of 100
Updating learning rate to 1.6423203268260676e-06
Epoch: 43 cost time: 9.973532438278198
Epoch: 43, Steps: 62 | Train Loss: 0.4656127 Vali Loss: 1.1816294 Test Loss: 0.4300644
EarlyStopping counter: 35 out of 100
Updating learning rate to 1.4780882941434609e-06
Epoch: 44 cost time: 9.673497438430786
Epoch: 44, Steps: 62 | Train Loss: 0.4654167 Vali Loss: 1.1836755 Test Loss: 0.4301414
EarlyStopping counter: 36 out of 100
Updating learning rate to 1.3302794647291146e-06
Epoch: 45 cost time: 9.727892637252808
Epoch: 45, Steps: 62 | Train Loss: 0.4651307 Vali Loss: 1.1840087 Test Loss: 0.4300853
EarlyStopping counter: 37 out of 100
Updating learning rate to 1.1972515182562034e-06
Epoch: 46 cost time: 10.033044576644897
Epoch: 46, Steps: 62 | Train Loss: 0.4650823 Vali Loss: 1.1771193 Test Loss: 0.4301955
EarlyStopping counter: 38 out of 100
Updating learning rate to 1.077526366430583e-06
Epoch: 47 cost time: 9.953574657440186
Epoch: 47, Steps: 62 | Train Loss: 0.4661817 Vali Loss: 1.1789244 Test Loss: 0.4299056
EarlyStopping counter: 39 out of 100
Updating learning rate to 9.697737297875248e-07
Epoch: 48 cost time: 10.0715491771698
Epoch: 48, Steps: 62 | Train Loss: 0.4655558 Vali Loss: 1.1793734 Test Loss: 0.4300216
EarlyStopping counter: 40 out of 100
Updating learning rate to 8.727963568087723e-07
Epoch: 49 cost time: 10.395292520523071
Epoch: 49, Steps: 62 | Train Loss: 0.4650655 Vali Loss: 1.1858439 Test Loss: 0.4300011
EarlyStopping counter: 41 out of 100
Updating learning rate to 7.855167211278951e-07
Epoch: 50 cost time: 10.05929160118103
Epoch: 50, Steps: 62 | Train Loss: 0.4654981 Vali Loss: 1.1865600 Test Loss: 0.4299412
EarlyStopping counter: 42 out of 100
Updating learning rate to 7.069650490151056e-07
Epoch: 51 cost time: 10.071832180023193
Epoch: 51, Steps: 62 | Train Loss: 0.4650631 Vali Loss: 1.1843425 Test Loss: 0.4299938
EarlyStopping counter: 43 out of 100
Updating learning rate to 6.36268544113595e-07
Epoch: 52 cost time: 10.239287376403809
Epoch: 52, Steps: 62 | Train Loss: 0.4651905 Vali Loss: 1.1824774 Test Loss: 0.4302084
EarlyStopping counter: 44 out of 100
Updating learning rate to 5.726416897022355e-07
Epoch: 53 cost time: 10.096597909927368
Epoch: 53, Steps: 62 | Train Loss: 0.4652998 Vali Loss: 1.1779617 Test Loss: 0.4303074
EarlyStopping counter: 45 out of 100
Updating learning rate to 5.15377520732012e-07
Epoch: 54 cost time: 9.831518173217773
Epoch: 54, Steps: 62 | Train Loss: 0.4650135 Vali Loss: 1.1819514 Test Loss: 0.4301954
EarlyStopping counter: 46 out of 100
Updating learning rate to 4.6383976865881085e-07
Epoch: 55 cost time: 9.848145723342896
Epoch: 55, Steps: 62 | Train Loss: 0.4652945 Vali Loss: 1.1811548 Test Loss: 0.4301780
EarlyStopping counter: 47 out of 100
Updating learning rate to 4.174557917929298e-07
Epoch: 56 cost time: 10.096840143203735
Epoch: 56, Steps: 62 | Train Loss: 0.4652012 Vali Loss: 1.1831802 Test Loss: 0.4301982
EarlyStopping counter: 48 out of 100
Updating learning rate to 3.7571021261363677e-07
Epoch: 57 cost time: 10.217562675476074
Epoch: 57, Steps: 62 | Train Loss: 0.4646014 Vali Loss: 1.1768097 Test Loss: 0.4301089
EarlyStopping counter: 49 out of 100
Updating learning rate to 3.381391913522731e-07
Epoch: 58 cost time: 9.932784080505371
Epoch: 58, Steps: 62 | Train Loss: 0.4652068 Vali Loss: 1.1808362 Test Loss: 0.4300588
EarlyStopping counter: 50 out of 100
Updating learning rate to 3.043252722170458e-07
Epoch: 59 cost time: 9.846731424331665
Epoch: 59, Steps: 62 | Train Loss: 0.4651470 Vali Loss: 1.1827898 Test Loss: 0.4300842
EarlyStopping counter: 51 out of 100
Updating learning rate to 2.7389274499534124e-07
Epoch: 60 cost time: 10.018310070037842
Epoch: 60, Steps: 62 | Train Loss: 0.4654362 Vali Loss: 1.1796236 Test Loss: 0.4299536
EarlyStopping counter: 52 out of 100
Updating learning rate to 2.465034704958071e-07
Epoch: 61 cost time: 9.946784019470215
Epoch: 61, Steps: 62 | Train Loss: 0.4653990 Vali Loss: 1.1851414 Test Loss: 0.4302024
EarlyStopping counter: 53 out of 100
Updating learning rate to 2.218531234462264e-07
Epoch: 62 cost time: 9.927281618118286
Epoch: 62, Steps: 62 | Train Loss: 0.4647376 Vali Loss: 1.1810981 Test Loss: 0.4302239
EarlyStopping counter: 54 out of 100
Updating learning rate to 1.9966781110160376e-07
Epoch: 63 cost time: 9.943214178085327
Epoch: 63, Steps: 62 | Train Loss: 0.4651708 Vali Loss: 1.1814429 Test Loss: 0.4299408
EarlyStopping counter: 55 out of 100
Updating learning rate to 1.797010299914434e-07
Epoch: 64 cost time: 9.953033447265625
Epoch: 64, Steps: 62 | Train Loss: 0.4652030 Vali Loss: 1.1826334 Test Loss: 0.4299966
EarlyStopping counter: 56 out of 100
Updating learning rate to 1.6173092699229907e-07
Epoch: 65 cost time: 10.18756628036499
Epoch: 65, Steps: 62 | Train Loss: 0.4648307 Vali Loss: 1.1857265 Test Loss: 0.4300725
EarlyStopping counter: 57 out of 100
Updating learning rate to 1.4555783429306916e-07
Epoch: 66 cost time: 9.979862213134766
Epoch: 66, Steps: 62 | Train Loss: 0.4648052 Vali Loss: 1.1771528 Test Loss: 0.4302104
EarlyStopping counter: 58 out of 100
Updating learning rate to 1.3100205086376224e-07
Epoch: 67 cost time: 10.372473955154419
Epoch: 67, Steps: 62 | Train Loss: 0.4651784 Vali Loss: 1.1756923 Test Loss: 0.4299916
EarlyStopping counter: 59 out of 100
Updating learning rate to 1.1790184577738603e-07
Epoch: 68 cost time: 10.68756890296936
Epoch: 68, Steps: 62 | Train Loss: 0.4650542 Vali Loss: 1.1819978 Test Loss: 0.4300873
EarlyStopping counter: 60 out of 100
Updating learning rate to 1.0611166119964742e-07
Epoch: 69 cost time: 9.934728860855103
Epoch: 69, Steps: 62 | Train Loss: 0.4651336 Vali Loss: 1.1767871 Test Loss: 0.4302012
EarlyStopping counter: 61 out of 100
Updating learning rate to 9.550049507968268e-08
Epoch: 70 cost time: 9.962886571884155
Epoch: 70, Steps: 62 | Train Loss: 0.4650711 Vali Loss: 1.1799580 Test Loss: 0.4300024
EarlyStopping counter: 62 out of 100
Updating learning rate to 8.595044557171442e-08
Epoch: 71 cost time: 10.068389892578125
Epoch: 71, Steps: 62 | Train Loss: 0.4652424 Vali Loss: 1.1821209 Test Loss: 0.4299816
EarlyStopping counter: 63 out of 100
Updating learning rate to 7.735540101454298e-08
Epoch: 72 cost time: 9.891573429107666
Epoch: 72, Steps: 62 | Train Loss: 0.4654443 Vali Loss: 1.1830093 Test Loss: 0.4303858
EarlyStopping counter: 64 out of 100
Updating learning rate to 6.961986091308869e-08
Epoch: 73 cost time: 10.007623195648193
Epoch: 73, Steps: 62 | Train Loss: 0.4646306 Vali Loss: 1.1790811 Test Loss: 0.4303427
EarlyStopping counter: 65 out of 100
Updating learning rate to 6.265787482177981e-08
Epoch: 74 cost time: 9.842747211456299
Epoch: 74, Steps: 62 | Train Loss: 0.4653599 Vali Loss: 1.1817526 Test Loss: 0.4302050
EarlyStopping counter: 66 out of 100
Updating learning rate to 5.639208733960184e-08
Epoch: 75 cost time: 9.841809034347534
Epoch: 75, Steps: 62 | Train Loss: 0.4653361 Vali Loss: 1.1831155 Test Loss: 0.4302262
EarlyStopping counter: 67 out of 100
Updating learning rate to 5.075287860564165e-08
Epoch: 76 cost time: 9.88452410697937
Epoch: 76, Steps: 62 | Train Loss: 0.4649319 Vali Loss: 1.1804298 Test Loss: 0.4302013
EarlyStopping counter: 68 out of 100
Updating learning rate to 4.567759074507749e-08
Epoch: 77 cost time: 10.143771886825562
Epoch: 77, Steps: 62 | Train Loss: 0.4650088 Vali Loss: 1.1844631 Test Loss: 0.4300026
EarlyStopping counter: 69 out of 100
Updating learning rate to 4.1109831670569744e-08
Epoch: 78 cost time: 10.259960174560547
Epoch: 78, Steps: 62 | Train Loss: 0.4646206 Vali Loss: 1.1781752 Test Loss: 0.4301547
EarlyStopping counter: 70 out of 100
Updating learning rate to 3.6998848503512764e-08
Epoch: 79 cost time: 9.915212631225586
Epoch: 79, Steps: 62 | Train Loss: 0.4651995 Vali Loss: 1.1808816 Test Loss: 0.4306114
EarlyStopping counter: 71 out of 100
Updating learning rate to 3.3298963653161496e-08
Epoch: 80 cost time: 10.009424924850464
Epoch: 80, Steps: 62 | Train Loss: 0.4651099 Vali Loss: 1.1828015 Test Loss: 0.4297926
EarlyStopping counter: 72 out of 100
Updating learning rate to 2.996906728784534e-08
Epoch: 81 cost time: 10.179385662078857
Epoch: 81, Steps: 62 | Train Loss: 0.4658366 Vali Loss: 1.1830902 Test Loss: 0.4300710
EarlyStopping counter: 73 out of 100
Updating learning rate to 2.697216055906081e-08
Epoch: 82 cost time: 10.160135507583618
Epoch: 82, Steps: 62 | Train Loss: 0.4651132 Vali Loss: 1.1859030 Test Loss: 0.4301145
EarlyStopping counter: 74 out of 100
Updating learning rate to 2.427494450315473e-08
Epoch: 83 cost time: 10.245989799499512
Epoch: 83, Steps: 62 | Train Loss: 0.4655836 Vali Loss: 1.1811768 Test Loss: 0.4303243
EarlyStopping counter: 75 out of 100
Updating learning rate to 2.1847450052839257e-08
Epoch: 84 cost time: 10.409735202789307
Epoch: 84, Steps: 62 | Train Loss: 0.4647224 Vali Loss: 1.1824017 Test Loss: 0.4301990
EarlyStopping counter: 76 out of 100
Updating learning rate to 1.9662705047555332e-08
Epoch: 85 cost time: 10.251648187637329
Epoch: 85, Steps: 62 | Train Loss: 0.4649597 Vali Loss: 1.1818208 Test Loss: 0.4301722
EarlyStopping counter: 77 out of 100
Updating learning rate to 1.7696434542799797e-08
Epoch: 86 cost time: 10.370498657226562
Epoch: 86, Steps: 62 | Train Loss: 0.4650322 Vali Loss: 1.1810683 Test Loss: 0.4303188
EarlyStopping counter: 78 out of 100
Updating learning rate to 1.5926791088519817e-08
Epoch: 87 cost time: 10.100078821182251
Epoch: 87, Steps: 62 | Train Loss: 0.4647247 Vali Loss: 1.1787500 Test Loss: 0.4298564
EarlyStopping counter: 79 out of 100
Updating learning rate to 1.4334111979667836e-08
Epoch: 88 cost time: 10.771393537521362
Epoch: 88, Steps: 62 | Train Loss: 0.4651776 Vali Loss: 1.1839129 Test Loss: 0.4298482
EarlyStopping counter: 80 out of 100
Updating learning rate to 1.2900700781701054e-08
Epoch: 89 cost time: 9.841573238372803
Epoch: 89, Steps: 62 | Train Loss: 0.4650784 Vali Loss: 1.1838937 Test Loss: 0.4303967
EarlyStopping counter: 81 out of 100
Updating learning rate to 1.161063070353095e-08
Epoch: 90 cost time: 9.858164072036743
Epoch: 90, Steps: 62 | Train Loss: 0.4652466 Vali Loss: 1.1814742 Test Loss: 0.4303130
EarlyStopping counter: 82 out of 100
Updating learning rate to 1.0449567633177854e-08
Epoch: 91 cost time: 9.831000089645386
Epoch: 91, Steps: 62 | Train Loss: 0.4648610 Vali Loss: 1.1865734 Test Loss: 0.4299660
EarlyStopping counter: 83 out of 100
Updating learning rate to 9.404610869860069e-09
Epoch: 92 cost time: 10.140684127807617
Epoch: 92, Steps: 62 | Train Loss: 0.4651920 Vali Loss: 1.1806729 Test Loss: 0.4300258
EarlyStopping counter: 84 out of 100
Updating learning rate to 8.464149782874063e-09
Epoch: 93 cost time: 9.809354305267334
Epoch: 93, Steps: 62 | Train Loss: 0.4649457 Vali Loss: 1.1835052 Test Loss: 0.4301704
EarlyStopping counter: 85 out of 100
Updating learning rate to 7.617734804586658e-09
Epoch: 94 cost time: 9.94652771949768
Epoch: 94, Steps: 62 | Train Loss: 0.4651498 Vali Loss: 1.1810100 Test Loss: 0.4302881
EarlyStopping counter: 86 out of 100
Updating learning rate to 6.855961324127991e-09
Epoch: 95 cost time: 10.116862297058105
Epoch: 95, Steps: 62 | Train Loss: 0.4653239 Vali Loss: 1.1808469 Test Loss: 0.4301648
EarlyStopping counter: 87 out of 100
Updating learning rate to 6.170365191715193e-09
Epoch: 96 cost time: 11.439093112945557
Epoch: 96, Steps: 62 | Train Loss: 0.4647336 Vali Loss: 1.1847805 Test Loss: 0.4299124
EarlyStopping counter: 88 out of 100
Updating learning rate to 5.5533286725436726e-09
Epoch: 97 cost time: 11.0174241065979
Epoch: 97, Steps: 62 | Train Loss: 0.4651603 Vali Loss: 1.1814200 Test Loss: 0.4297261
EarlyStopping counter: 89 out of 100
Updating learning rate to 4.997995805289306e-09
Epoch: 98 cost time: 10.537535905838013
Epoch: 98, Steps: 62 | Train Loss: 0.4649804 Vali Loss: 1.1822886 Test Loss: 0.4300985
EarlyStopping counter: 90 out of 100
Updating learning rate to 4.498196224760375e-09
Epoch: 99 cost time: 10.761183500289917
Epoch: 99, Steps: 62 | Train Loss: 0.4649960 Vali Loss: 1.1791607 Test Loss: 0.4302121
EarlyStopping counter: 91 out of 100
Updating learning rate to 4.048376602284338e-09
Epoch: 100 cost time: 11.468608617782593
Epoch: 100, Steps: 62 | Train Loss: 0.4648198 Vali Loss: 1.1813034 Test Loss: 0.4300633
EarlyStopping counter: 92 out of 100
Updating learning rate to 3.643538942055904e-09
>>>>>>>testing : 336_336_PatchTST_ETTh1_ftM_sl336_ll48_pl336_dm16_nh4_el3_dl1_df128_fc1_ebtimeF_dtTrue_Exp_0<<<<<<<<<<<<<<<<<<<<<<<<<<<<<<<<<
test 2545
mse:0.43278440833091736, mae:0.4372234642505646, rse:0.6288720965385437
