Random seed set as 2021
Args in experiment:
Namespace(random_seed=2021, is_training=1, model_id='336_720', model='PatchTST', data='ETTh1', root_path='./datasets/ETDataset/ETT-small/', data_path='ETTh1.csv', features='M', target='OT', freq='h', checkpoints='./checkpoints/', seq_len=336, label_len=48, pred_len=720, fc_dropout=0.3, head_dropout=0.0, patch_len=16, stride=8, padding_patch='end', revin=1, affine=0, subtract_last=0, decomposition=0, kernel_size=25, individual=0, embed_type=0, enc_in=7, dec_in=7, c_out=7, d_model=16, n_heads=4, e_layers=3, d_layers=1, d_ff=128, moving_avg=25, factor=1, distil=True, dropout=0.3, embed='timeF', activation='gelu', output_attention=False, do_predict=False, num_workers=10, itr=1, train_epochs=100, batch_size=128, patience=100, learning_rate=0.0001, des='Exp', loss='mse', lradj='type3', pct_start=0.3, use_amp=False, use_gpu=False, gpu=0, use_multi_gpu=False, devices='0,1,2,3', test_flop=False)
Use CPU
>>>>>>>start training : 336_720_PatchTST_ETTh1_ftM_sl336_ll48_pl720_dm16_nh4_el3_dl1_df128_fc1_ebtimeF_dtTrue_Exp_0>>>>>>>>>>>>>>>>>>>>>>>>>>
train 7585
val 2161
test 2161
Epoch: 1 cost time: 9.730620861053467
Epoch: 1, Steps: 59 | Train Loss: 0.9000123 Vali Loss: 1.9818071 Test Loss: 0.7928895
Validation loss decreased (inf --> 1.981807).  Saving model ...
Updating learning rate to 0.0001
Epoch: 2 cost time: 10.757349967956543
Epoch: 2, Steps: 59 | Train Loss: 0.7682655 Vali Loss: 1.5471396 Test Loss: 0.5066750
Validation loss decreased (1.981807 --> 1.547140).  Saving model ...
Updating learning rate to 0.0001
Epoch: 3 cost time: 9.594870805740356
Epoch: 3, Steps: 59 | Train Loss: 0.6730028 Vali Loss: 1.4933425 Test Loss: 0.4624184
Validation loss decreased (1.547140 --> 1.493343).  Saving model ...
Updating learning rate to 0.0001
Epoch: 4 cost time: 9.664583683013916
Epoch: 4, Steps: 59 | Train Loss: 0.6384348 Vali Loss: 1.4617232 Test Loss: 0.4524900
Validation loss decreased (1.493343 --> 1.461723).  Saving model ...
Updating learning rate to 9e-05
Epoch: 5 cost time: 9.518860578536987
Epoch: 5, Steps: 59 | Train Loss: 0.6197424 Vali Loss: 1.4516957 Test Loss: 0.4489098
Validation loss decreased (1.461723 --> 1.451696).  Saving model ...
Updating learning rate to 8.1e-05
Epoch: 6 cost time: 9.59113335609436
Epoch: 6, Steps: 59 | Train Loss: 0.6078191 Vali Loss: 1.4439025 Test Loss: 0.4500691
Validation loss decreased (1.451696 --> 1.443902).  Saving model ...
Updating learning rate to 7.290000000000001e-05
Epoch: 7 cost time: 9.719290018081665
Epoch: 7, Steps: 59 | Train Loss: 0.5998441 Vali Loss: 1.4451919 Test Loss: 0.4545494
EarlyStopping counter: 1 out of 100
Updating learning rate to 6.561e-05
Epoch: 8 cost time: 9.425712823867798
Epoch: 8, Steps: 59 | Train Loss: 0.5938710 Vali Loss: 1.4568617 Test Loss: 0.4601034
EarlyStopping counter: 2 out of 100
Updating learning rate to 5.904900000000001e-05
Epoch: 9 cost time: 9.490036010742188
Epoch: 9, Steps: 59 | Train Loss: 0.5888966 Vali Loss: 1.4646258 Test Loss: 0.4647573
EarlyStopping counter: 3 out of 100
Updating learning rate to 5.3144100000000005e-05
Epoch: 10 cost time: 10.572514533996582
Epoch: 10, Steps: 59 | Train Loss: 0.5858115 Vali Loss: 1.4556260 Test Loss: 0.4670081
EarlyStopping counter: 4 out of 100
Updating learning rate to 4.782969000000001e-05
Epoch: 11 cost time: 9.920040369033813
Epoch: 11, Steps: 59 | Train Loss: 0.5832091 Vali Loss: 1.4699000 Test Loss: 0.4662702
EarlyStopping counter: 5 out of 100
Updating learning rate to 4.304672100000001e-05
Epoch: 12 cost time: 10.079649925231934
Epoch: 12, Steps: 59 | Train Loss: 0.5815267 Vali Loss: 1.4712243 Test Loss: 0.4664350
EarlyStopping counter: 6 out of 100
Updating learning rate to 3.874204890000001e-05
Epoch: 13 cost time: 9.93032193183899
Epoch: 13, Steps: 59 | Train Loss: 0.5799252 Vali Loss: 1.4682770 Test Loss: 0.4671561
EarlyStopping counter: 7 out of 100
Updating learning rate to 3.486784401000001e-05
Epoch: 14 cost time: 9.55836033821106
Epoch: 14, Steps: 59 | Train Loss: 0.5779192 Vali Loss: 1.4756670 Test Loss: 0.4664031
EarlyStopping counter: 8 out of 100
Updating learning rate to 3.138105960900001e-05
Epoch: 15 cost time: 9.636335611343384
Epoch: 15, Steps: 59 | Train Loss: 0.5770010 Vali Loss: 1.4751569 Test Loss: 0.4660675
EarlyStopping counter: 9 out of 100
Updating learning rate to 2.824295364810001e-05
Epoch: 16 cost time: 9.572298049926758
Epoch: 16, Steps: 59 | Train Loss: 0.5761155 Vali Loss: 1.4776347 Test Loss: 0.4653707
EarlyStopping counter: 10 out of 100
Updating learning rate to 2.541865828329001e-05
Epoch: 17 cost time: 9.719764232635498
Epoch: 17, Steps: 59 | Train Loss: 0.5749583 Vali Loss: 1.4769919 Test Loss: 0.4649311
EarlyStopping counter: 11 out of 100
Updating learning rate to 2.287679245496101e-05
Epoch: 18 cost time: 9.84555721282959
Epoch: 18, Steps: 59 | Train Loss: 0.5737493 Vali Loss: 1.4802842 Test Loss: 0.4649325
EarlyStopping counter: 12 out of 100
Updating learning rate to 2.0589113209464907e-05
Epoch: 19 cost time: 9.756513118743896
Epoch: 19, Steps: 59 | Train Loss: 0.5720887 Vali Loss: 1.4838104 Test Loss: 0.4651886
EarlyStopping counter: 13 out of 100
Updating learning rate to 1.8530201888518416e-05
Epoch: 20 cost time: 10.01535415649414
Epoch: 20, Steps: 59 | Train Loss: 0.5718275 Vali Loss: 1.4819826 Test Loss: 0.4661517
EarlyStopping counter: 14 out of 100
Updating learning rate to 1.6677181699666577e-05
Epoch: 21 cost time: 9.887220859527588
Epoch: 21, Steps: 59 | Train Loss: 0.5712599 Vali Loss: 1.4794843 Test Loss: 0.4657212
EarlyStopping counter: 15 out of 100
Updating learning rate to 1.5009463529699919e-05
Epoch: 22 cost time: 10.394487142562866
Epoch: 22, Steps: 59 | Train Loss: 0.5708274 Vali Loss: 1.4836073 Test Loss: 0.4656115
EarlyStopping counter: 16 out of 100
Updating learning rate to 1.3508517176729929e-05
Epoch: 23 cost time: 10.975738048553467
Epoch: 23, Steps: 59 | Train Loss: 0.5697689 Vali Loss: 1.4838021 Test Loss: 0.4666797
EarlyStopping counter: 17 out of 100
Updating learning rate to 1.2157665459056936e-05
Epoch: 24 cost time: 10.974851369857788
Epoch: 24, Steps: 59 | Train Loss: 0.5696403 Vali Loss: 1.4916475 Test Loss: 0.4662911
EarlyStopping counter: 18 out of 100
Updating learning rate to 1.0941898913151242e-05
Epoch: 25 cost time: 10.963621139526367
Epoch: 25, Steps: 59 | Train Loss: 0.5684541 Vali Loss: 1.4823754 Test Loss: 0.4659773
EarlyStopping counter: 19 out of 100
Updating learning rate to 9.847709021836118e-06
Epoch: 26 cost time: 10.944814205169678
Epoch: 26, Steps: 59 | Train Loss: 0.5682813 Vali Loss: 1.4916983 Test Loss: 0.4673618
EarlyStopping counter: 20 out of 100
Updating learning rate to 8.862938119652508e-06
Epoch: 27 cost time: 10.793713092803955
Epoch: 27, Steps: 59 | Train Loss: 0.5682019 Vali Loss: 1.4848733 Test Loss: 0.4676097
EarlyStopping counter: 21 out of 100
Updating learning rate to 7.976644307687255e-06
Epoch: 28 cost time: 10.826295852661133
Epoch: 28, Steps: 59 | Train Loss: 0.5677165 Vali Loss: 1.4901550 Test Loss: 0.4684033
EarlyStopping counter: 22 out of 100
Updating learning rate to 7.178979876918531e-06
Epoch: 29 cost time: 10.840370416641235
Epoch: 29, Steps: 59 | Train Loss: 0.5675096 Vali Loss: 1.4952438 Test Loss: 0.4670069
EarlyStopping counter: 23 out of 100
Updating learning rate to 6.4610818892266776e-06
Epoch: 30 cost time: 9.882595300674438
Epoch: 30, Steps: 59 | Train Loss: 0.5676375 Vali Loss: 1.4880352 Test Loss: 0.4687480
EarlyStopping counter: 24 out of 100
Updating learning rate to 5.8149737003040096e-06
Epoch: 31 cost time: 10.071277618408203
Epoch: 31, Steps: 59 | Train Loss: 0.5665147 Vali Loss: 1.4891679 Test Loss: 0.4676735
EarlyStopping counter: 25 out of 100
Updating learning rate to 5.23347633027361e-06
Epoch: 32 cost time: 10.516064643859863
Epoch: 32, Steps: 59 | Train Loss: 0.5664437 Vali Loss: 1.4865217 Test Loss: 0.4691954
EarlyStopping counter: 26 out of 100
Updating learning rate to 4.710128697246249e-06
Epoch: 33 cost time: 10.096658706665039
Epoch: 33, Steps: 59 | Train Loss: 0.5664140 Vali Loss: 1.4907604 Test Loss: 0.4686370
EarlyStopping counter: 27 out of 100
Updating learning rate to 4.239115827521624e-06
Epoch: 34 cost time: 9.617840051651001
Epoch: 34, Steps: 59 | Train Loss: 0.5665111 Vali Loss: 1.4907322 Test Loss: 0.4689541
EarlyStopping counter: 28 out of 100
Updating learning rate to 3.815204244769462e-06
Epoch: 35 cost time: 9.548297882080078
Epoch: 35, Steps: 59 | Train Loss: 0.5653568 Vali Loss: 1.4866097 Test Loss: 0.4693659
EarlyStopping counter: 29 out of 100
Updating learning rate to 3.4336838202925152e-06
Epoch: 36 cost time: 9.846092700958252
Epoch: 36, Steps: 59 | Train Loss: 0.5651314 Vali Loss: 1.4913452 Test Loss: 0.4693378
EarlyStopping counter: 30 out of 100
Updating learning rate to 3.090315438263264e-06
Epoch: 37 cost time: 10.009636878967285
Epoch: 37, Steps: 59 | Train Loss: 0.5651750 Vali Loss: 1.4911797 Test Loss: 0.4697900
EarlyStopping counter: 31 out of 100
Updating learning rate to 2.7812838944369375e-06
Epoch: 38 cost time: 9.646528720855713
Epoch: 38, Steps: 59 | Train Loss: 0.5652308 Vali Loss: 1.4921182 Test Loss: 0.4690005
EarlyStopping counter: 32 out of 100
Updating learning rate to 2.503155504993244e-06
Epoch: 39 cost time: 9.489818811416626
Epoch: 39, Steps: 59 | Train Loss: 0.5649302 Vali Loss: 1.4903064 Test Loss: 0.4690470
EarlyStopping counter: 33 out of 100
Updating learning rate to 2.2528399544939195e-06
Epoch: 40 cost time: 9.559778928756714
Epoch: 40, Steps: 59 | Train Loss: 0.5651624 Vali Loss: 1.4894834 Test Loss: 0.4703194
EarlyStopping counter: 34 out of 100
Updating learning rate to 2.0275559590445276e-06
Epoch: 41 cost time: 9.741594076156616
Epoch: 41, Steps: 59 | Train Loss: 0.5652298 Vali Loss: 1.4882501 Test Loss: 0.4695138
EarlyStopping counter: 35 out of 100
Updating learning rate to 1.8248003631400751e-06
Epoch: 42 cost time: 9.898390769958496
Epoch: 42, Steps: 59 | Train Loss: 0.5640724 Vali Loss: 1.4931817 Test Loss: 0.4699267
EarlyStopping counter: 36 out of 100
Updating learning rate to 1.6423203268260676e-06
Epoch: 43 cost time: 10.0331289768219
Epoch: 43, Steps: 59 | Train Loss: 0.5646091 Vali Loss: 1.4896812 Test Loss: 0.4707773
EarlyStopping counter: 37 out of 100
Updating learning rate to 1.4780882941434609e-06
Epoch: 44 cost time: 9.846390962600708
Epoch: 44, Steps: 59 | Train Loss: 0.5641645 Vali Loss: 1.4884956 Test Loss: 0.4714139
EarlyStopping counter: 38 out of 100
Updating learning rate to 1.3302794647291146e-06
Epoch: 45 cost time: 9.900552749633789
Epoch: 45, Steps: 59 | Train Loss: 0.5649399 Vali Loss: 1.4925447 Test Loss: 0.4703488
EarlyStopping counter: 39 out of 100
Updating learning rate to 1.1972515182562034e-06
Epoch: 46 cost time: 9.756630659103394
Epoch: 46, Steps: 59 | Train Loss: 0.5650579 Vali Loss: 1.4944794 Test Loss: 0.4702719
EarlyStopping counter: 40 out of 100
Updating learning rate to 1.077526366430583e-06
Epoch: 47 cost time: 9.70644998550415
Epoch: 47, Steps: 59 | Train Loss: 0.5644727 Vali Loss: 1.4954182 Test Loss: 0.4709030
EarlyStopping counter: 41 out of 100
Updating learning rate to 9.697737297875248e-07
Epoch: 48 cost time: 9.95802903175354
Epoch: 48, Steps: 59 | Train Loss: 0.5642896 Vali Loss: 1.4878191 Test Loss: 0.4707883
EarlyStopping counter: 42 out of 100
Updating learning rate to 8.727963568087723e-07
Epoch: 49 cost time: 10.321229457855225
Epoch: 49, Steps: 59 | Train Loss: 0.5645580 Vali Loss: 1.4898922 Test Loss: 0.4714862
EarlyStopping counter: 43 out of 100
Updating learning rate to 7.855167211278951e-07
Epoch: 50 cost time: 9.741445302963257
Epoch: 50, Steps: 59 | Train Loss: 0.5645586 Vali Loss: 1.4922590 Test Loss: 0.4705146
EarlyStopping counter: 44 out of 100
Updating learning rate to 7.069650490151056e-07
Epoch: 51 cost time: 9.769073724746704
Epoch: 51, Steps: 59 | Train Loss: 0.5648485 Vali Loss: 1.4908007 Test Loss: 0.4720036
EarlyStopping counter: 45 out of 100
Updating learning rate to 6.36268544113595e-07
Epoch: 52 cost time: 9.921414136886597
Epoch: 52, Steps: 59 | Train Loss: 0.5646723 Vali Loss: 1.4919266 Test Loss: 0.4705344
EarlyStopping counter: 46 out of 100
Updating learning rate to 5.726416897022355e-07
Epoch: 53 cost time: 9.907846450805664
Epoch: 53, Steps: 59 | Train Loss: 0.5640627 Vali Loss: 1.4958123 Test Loss: 0.4706537
EarlyStopping counter: 47 out of 100
Updating learning rate to 5.15377520732012e-07
Epoch: 54 cost time: 9.750558137893677
Epoch: 54, Steps: 59 | Train Loss: 0.5639836 Vali Loss: 1.4894564 Test Loss: 0.4709768
EarlyStopping counter: 48 out of 100
Updating learning rate to 4.6383976865881085e-07
Epoch: 55 cost time: 9.864109754562378
Epoch: 55, Steps: 59 | Train Loss: 0.5644861 Vali Loss: 1.4983046 Test Loss: 0.4697047
EarlyStopping counter: 49 out of 100
Updating learning rate to 4.174557917929298e-07
Epoch: 56 cost time: 10.293098449707031
Epoch: 56, Steps: 59 | Train Loss: 0.5645671 Vali Loss: 1.4918344 Test Loss: 0.4707210
EarlyStopping counter: 50 out of 100
Updating learning rate to 3.7571021261363677e-07
Epoch: 57 cost time: 9.956203937530518
Epoch: 57, Steps: 59 | Train Loss: 0.5641490 Vali Loss: 1.4921358 Test Loss: 0.4706342
EarlyStopping counter: 51 out of 100
Updating learning rate to 3.381391913522731e-07
Epoch: 58 cost time: 9.84787392616272
Epoch: 58, Steps: 59 | Train Loss: 0.5641340 Vali Loss: 1.4941039 Test Loss: 0.4705466
EarlyStopping counter: 52 out of 100
Updating learning rate to 3.043252722170458e-07
Epoch: 59 cost time: 9.767205476760864
Epoch: 59, Steps: 59 | Train Loss: 0.5643696 Vali Loss: 1.4920367 Test Loss: 0.4707544
EarlyStopping counter: 53 out of 100
Updating learning rate to 2.7389274499534124e-07
Epoch: 60 cost time: 9.664679765701294
Epoch: 60, Steps: 59 | Train Loss: 0.5643697 Vali Loss: 1.4880192 Test Loss: 0.4714553
EarlyStopping counter: 54 out of 100
Updating learning rate to 2.465034704958071e-07
Epoch: 61 cost time: 9.570470809936523
Epoch: 61, Steps: 59 | Train Loss: 0.5644563 Vali Loss: 1.4895313 Test Loss: 0.4708663
EarlyStopping counter: 55 out of 100
Updating learning rate to 2.218531234462264e-07
Epoch: 62 cost time: 9.71396517753601
Epoch: 62, Steps: 59 | Train Loss: 0.5647917 Vali Loss: 1.4924468 Test Loss: 0.4702950
EarlyStopping counter: 56 out of 100
Updating learning rate to 1.9966781110160376e-07
Epoch: 63 cost time: 9.760327816009521
Epoch: 63, Steps: 59 | Train Loss: 0.5642448 Vali Loss: 1.4949148 Test Loss: 0.4712559
EarlyStopping counter: 57 out of 100
Updating learning rate to 1.797010299914434e-07
Epoch: 64 cost time: 9.762058973312378
Epoch: 64, Steps: 59 | Train Loss: 0.5645779 Vali Loss: 1.4903007 Test Loss: 0.4709481
EarlyStopping counter: 58 out of 100
Updating learning rate to 1.6173092699229907e-07
Epoch: 65 cost time: 9.749672889709473
Epoch: 65, Steps: 59 | Train Loss: 0.5641000 Vali Loss: 1.4896905 Test Loss: 0.4726015
EarlyStopping counter: 59 out of 100
Updating learning rate to 1.4555783429306916e-07
Epoch: 66 cost time: 10.077426671981812
Epoch: 66, Steps: 59 | Train Loss: 0.5643097 Vali Loss: 1.4937973 Test Loss: 0.4716398
EarlyStopping counter: 60 out of 100
Updating learning rate to 1.3100205086376224e-07
Epoch: 67 cost time: 10.238559484481812
Epoch: 67, Steps: 59 | Train Loss: 0.5640325 Vali Loss: 1.4901364 Test Loss: 0.4710840
EarlyStopping counter: 61 out of 100
Updating learning rate to 1.1790184577738603e-07
Epoch: 68 cost time: 10.314654111862183
Epoch: 68, Steps: 59 | Train Loss: 0.5643156 Vali Loss: 1.4920630 Test Loss: 0.4711897
EarlyStopping counter: 62 out of 100
Updating learning rate to 1.0611166119964742e-07
Epoch: 69 cost time: 9.690695524215698
Epoch: 69, Steps: 59 | Train Loss: 0.5636668 Vali Loss: 1.4980606 Test Loss: 0.4702108
EarlyStopping counter: 63 out of 100
Updating learning rate to 9.550049507968268e-08
Epoch: 70 cost time: 9.633383750915527
Epoch: 70, Steps: 59 | Train Loss: 0.5644891 Vali Loss: 1.4929689 Test Loss: 0.4712690
EarlyStopping counter: 64 out of 100
Updating learning rate to 8.595044557171442e-08
Epoch: 71 cost time: 9.588799238204956
Epoch: 71, Steps: 59 | Train Loss: 0.5638449 Vali Loss: 1.4870136 Test Loss: 0.4716168
EarlyStopping counter: 65 out of 100
Updating learning rate to 7.735540101454298e-08
Epoch: 72 cost time: 9.48701286315918
Epoch: 72, Steps: 59 | Train Loss: 0.5635945 Vali Loss: 1.4915847 Test Loss: 0.4713375
EarlyStopping counter: 66 out of 100
Updating learning rate to 6.961986091308869e-08
Epoch: 73 cost time: 10.174850702285767
Epoch: 73, Steps: 59 | Train Loss: 0.5646305 Vali Loss: 1.4937510 Test Loss: 0.4714149
EarlyStopping counter: 67 out of 100
Updating learning rate to 6.265787482177981e-08
Epoch: 74 cost time: 9.787113428115845
Epoch: 74, Steps: 59 | Train Loss: 0.5639024 Vali Loss: 1.4879735 Test Loss: 0.4716316
EarlyStopping counter: 68 out of 100
Updating learning rate to 5.639208733960184e-08
Epoch: 75 cost time: 10.079373836517334
Epoch: 75, Steps: 59 | Train Loss: 0.5636868 Vali Loss: 1.4878948 Test Loss: 0.4710750
EarlyStopping counter: 69 out of 100
Updating learning rate to 5.075287860564165e-08
Epoch: 76 cost time: 9.990770101547241
Epoch: 76, Steps: 59 | Train Loss: 0.5646982 Vali Loss: 1.4915068 Test Loss: 0.4706235
EarlyStopping counter: 70 out of 100
Updating learning rate to 4.567759074507749e-08
Epoch: 77 cost time: 9.868674755096436
Epoch: 77, Steps: 59 | Train Loss: 0.5640900 Vali Loss: 1.4942615 Test Loss: 0.4713904
EarlyStopping counter: 71 out of 100
Updating learning rate to 4.1109831670569744e-08
Epoch: 78 cost time: 9.962149858474731
Epoch: 78, Steps: 59 | Train Loss: 0.5641980 Vali Loss: 1.4887161 Test Loss: 0.4711953
EarlyStopping counter: 72 out of 100
Updating learning rate to 3.6998848503512764e-08
Epoch: 79 cost time: 9.632161855697632
Epoch: 79, Steps: 59 | Train Loss: 0.5642517 Vali Loss: 1.4924140 Test Loss: 0.4718049
EarlyStopping counter: 73 out of 100
Updating learning rate to 3.3298963653161496e-08
Epoch: 80 cost time: 9.762897729873657
Epoch: 80, Steps: 59 | Train Loss: 0.5639013 Vali Loss: 1.4933257 Test Loss: 0.4716822
EarlyStopping counter: 74 out of 100
Updating learning rate to 2.996906728784534e-08
Epoch: 81 cost time: 9.854649543762207
Epoch: 81, Steps: 59 | Train Loss: 0.5642157 Vali Loss: 1.4933639 Test Loss: 0.4701219
EarlyStopping counter: 75 out of 100
Updating learning rate to 2.697216055906081e-08
Epoch: 82 cost time: 9.837688684463501
Epoch: 82, Steps: 59 | Train Loss: 0.5634590 Vali Loss: 1.4891782 Test Loss: 0.4713520
EarlyStopping counter: 76 out of 100
Updating learning rate to 2.427494450315473e-08
Epoch: 83 cost time: 9.741414785385132
Epoch: 83, Steps: 59 | Train Loss: 0.5639190 Vali Loss: 1.4924731 Test Loss: 0.4716296
EarlyStopping counter: 77 out of 100
Updating learning rate to 2.1847450052839257e-08
Epoch: 84 cost time: 9.856340169906616
Epoch: 84, Steps: 59 | Train Loss: 0.5638857 Vali Loss: 1.4902574 Test Loss: 0.4717807
EarlyStopping counter: 78 out of 100
Updating learning rate to 1.9662705047555332e-08
Epoch: 85 cost time: 9.873865842819214
Epoch: 85, Steps: 59 | Train Loss: 0.5637726 Vali Loss: 1.4898469 Test Loss: 0.4709160
EarlyStopping counter: 79 out of 100
Updating learning rate to 1.7696434542799797e-08
Epoch: 86 cost time: 9.76772665977478
Epoch: 86, Steps: 59 | Train Loss: 0.5637342 Vali Loss: 1.4934473 Test Loss: 0.4716847
EarlyStopping counter: 80 out of 100
Updating learning rate to 1.5926791088519817e-08
Epoch: 87 cost time: 9.745809316635132
Epoch: 87, Steps: 59 | Train Loss: 0.5641426 Vali Loss: 1.4981309 Test Loss: 0.4708144
EarlyStopping counter: 81 out of 100
Updating learning rate to 1.4334111979667836e-08
Epoch: 88 cost time: 9.697442054748535
Epoch: 88, Steps: 59 | Train Loss: 0.5639296 Vali Loss: 1.4930832 Test Loss: 0.4708291
EarlyStopping counter: 82 out of 100
Updating learning rate to 1.2900700781701054e-08
Epoch: 89 cost time: 9.89171314239502
Epoch: 89, Steps: 59 | Train Loss: 0.5638635 Vali Loss: 1.4931211 Test Loss: 0.4710126
EarlyStopping counter: 83 out of 100
Updating learning rate to 1.161063070353095e-08
Epoch: 90 cost time: 9.829558610916138
Epoch: 90, Steps: 59 | Train Loss: 0.5645096 Vali Loss: 1.4865813 Test Loss: 0.4723361
EarlyStopping counter: 84 out of 100
Updating learning rate to 1.0449567633177854e-08
Epoch: 91 cost time: 9.746563196182251
Epoch: 91, Steps: 59 | Train Loss: 0.5643813 Vali Loss: 1.4897653 Test Loss: 0.4702957
EarlyStopping counter: 85 out of 100
Updating learning rate to 9.404610869860069e-09
Epoch: 92 cost time: 10.197926044464111
Epoch: 92, Steps: 59 | Train Loss: 0.5644573 Vali Loss: 1.4941155 Test Loss: 0.4713017
EarlyStopping counter: 86 out of 100
Updating learning rate to 8.464149782874063e-09
Epoch: 93 cost time: 9.828803062438965
Epoch: 93, Steps: 59 | Train Loss: 0.5635142 Vali Loss: 1.4917125 Test Loss: 0.4717487
EarlyStopping counter: 87 out of 100
Updating learning rate to 7.617734804586658e-09
Epoch: 94 cost time: 9.99237585067749
Epoch: 94, Steps: 59 | Train Loss: 0.5642689 Vali Loss: 1.4941412 Test Loss: 0.4713606
EarlyStopping counter: 88 out of 100
Updating learning rate to 6.855961324127991e-09
Epoch: 95 cost time: 9.645004987716675
Epoch: 95, Steps: 59 | Train Loss: 0.5644389 Vali Loss: 1.4966302 Test Loss: 0.4713385
EarlyStopping counter: 89 out of 100
Updating learning rate to 6.170365191715193e-09
Epoch: 96 cost time: 9.4636869430542
Epoch: 96, Steps: 59 | Train Loss: 0.5643851 Vali Loss: 1.4906368 Test Loss: 0.4716433
EarlyStopping counter: 90 out of 100
Updating learning rate to 5.5533286725436726e-09
Epoch: 97 cost time: 9.766537427902222
Epoch: 97, Steps: 59 | Train Loss: 0.5639990 Vali Loss: 1.4935249 Test Loss: 0.4719227
EarlyStopping counter: 91 out of 100
Updating learning rate to 4.997995805289306e-09
Epoch: 98 cost time: 9.647690296173096
Epoch: 98, Steps: 59 | Train Loss: 0.5639077 Vali Loss: 1.4897971 Test Loss: 0.4716981
EarlyStopping counter: 92 out of 100
Updating learning rate to 4.498196224760375e-09
Epoch: 99 cost time: 9.679358005523682
Epoch: 99, Steps: 59 | Train Loss: 0.5636674 Vali Loss: 1.4941423 Test Loss: 0.4716952
EarlyStopping counter: 93 out of 100
Updating learning rate to 4.048376602284338e-09
Epoch: 100 cost time: 9.637228727340698
Epoch: 100, Steps: 59 | Train Loss: 0.5643425 Vali Loss: 1.4895004 Test Loss: 0.4704775
EarlyStopping counter: 94 out of 100
Updating learning rate to 3.643538942055904e-09
>>>>>>>testing : 336_720_PatchTST_ETTh1_ftM_sl336_ll48_pl720_dm16_nh4_el3_dl1_df128_fc1_ebtimeF_dtTrue_Exp_0<<<<<<<<<<<<<<<<<<<<<<<<<<<<<<<<<
test 2161
mse:0.4500688314437866, mae:0.46605122089385986, rse:0.644353985786438
