Random seed set as 2021
Args in experiment:
Namespace(random_seed=2021, is_training=1, model_id='336_96', model='PatchTST', data='ETTh1', root_path='./datasets/ETDataset/ETT-small/', data_path='ETTh1.csv', features='M', target='OT', freq='h', checkpoints='./checkpoints/', seq_len=336, label_len=48, pred_len=96, fc_dropout=0.3, head_dropout=0.0, patch_len=16, stride=8, padding_patch='end', revin=1, affine=0, subtract_last=0, decomposition=0, kernel_size=25, individual=0, embed_type=0, enc_in=7, dec_in=7, c_out=7, d_model=16, n_heads=4, e_layers=3, d_layers=1, d_ff=128, moving_avg=25, factor=1, distil=True, dropout=0.3, embed='timeF', activation='gelu', output_attention=False, do_predict=False, num_workers=10, itr=1, train_epochs=100, batch_size=128, patience=100, learning_rate=0.0001, des='Exp', loss='mse', lradj='type3', pct_start=0.3, use_amp=False, use_gpu=False, gpu=0, use_multi_gpu=False, devices='0,1,2,3', test_flop=False)
Use CPU
>>>>>>>start training : 336_96_PatchTST_ETTh1_ftM_sl336_ll48_pl96_dm16_nh4_el3_dl1_df128_fc1_ebtimeF_dtTrue_Exp_0>>>>>>>>>>>>>>>>>>>>>>>>>>
train 8209
val 2785
test 2785
Epoch: 1 cost time: 8.326765298843384
Epoch: 1, Steps: 64 | Train Loss: 0.7411896 Vali Loss: 1.4697628 Test Loss: 0.8136996
Validation loss decreased (inf --> 1.469763).  Saving model ...
Updating learning rate to 0.0001
Epoch: 2 cost time: 8.829781770706177
Epoch: 2, Steps: 64 | Train Loss: 0.5743368 Vali Loss: 0.8956823 Test Loss: 0.4751725
Validation loss decreased (1.469763 --> 0.895682).  Saving model ...
Updating learning rate to 0.0001
Epoch: 3 cost time: 8.657596826553345
Epoch: 3, Steps: 64 | Train Loss: 0.4591893 Vali Loss: 0.7710598 Test Loss: 0.4293946
Validation loss decreased (0.895682 --> 0.771060).  Saving model ...
Updating learning rate to 0.0001
Epoch: 4 cost time: 9.020388841629028
Epoch: 4, Steps: 64 | Train Loss: 0.4209437 Vali Loss: 0.7243009 Test Loss: 0.4126066
Validation loss decreased (0.771060 --> 0.724301).  Saving model ...
Updating learning rate to 9e-05
Epoch: 5 cost time: 8.958686113357544
Epoch: 5, Steps: 64 | Train Loss: 0.4007326 Vali Loss: 0.7075810 Test Loss: 0.4026544
Validation loss decreased (0.724301 --> 0.707581).  Saving model ...
Updating learning rate to 8.1e-05
Epoch: 6 cost time: 9.20155954360962
Epoch: 6, Steps: 64 | Train Loss: 0.3899815 Vali Loss: 0.7001730 Test Loss: 0.3962578
Validation loss decreased (0.707581 --> 0.700173).  Saving model ...
Updating learning rate to 7.290000000000001e-05
Epoch: 7 cost time: 9.017920017242432
Epoch: 7, Steps: 64 | Train Loss: 0.3834428 Vali Loss: 0.6917978 Test Loss: 0.3918182
Validation loss decreased (0.700173 --> 0.691798).  Saving model ...
Updating learning rate to 6.561e-05
Epoch: 8 cost time: 9.042113304138184
Epoch: 8, Steps: 64 | Train Loss: 0.3777785 Vali Loss: 0.6906555 Test Loss: 0.3884407
Validation loss decreased (0.691798 --> 0.690655).  Saving model ...
Updating learning rate to 5.904900000000001e-05
Epoch: 9 cost time: 9.136106491088867
Epoch: 9, Steps: 64 | Train Loss: 0.3747973 Vali Loss: 0.6889024 Test Loss: 0.3862055
Validation loss decreased (0.690655 --> 0.688902).  Saving model ...
Updating learning rate to 5.3144100000000005e-05
Epoch: 10 cost time: 9.240231990814209
Epoch: 10, Steps: 64 | Train Loss: 0.3722529 Vali Loss: 0.6887250 Test Loss: 0.3842243
Validation loss decreased (0.688902 --> 0.688725).  Saving model ...
Updating learning rate to 4.782969000000001e-05
Epoch: 11 cost time: 9.30847978591919
Epoch: 11, Steps: 64 | Train Loss: 0.3702910 Vali Loss: 0.6885281 Test Loss: 0.3826498
Validation loss decreased (0.688725 --> 0.688528).  Saving model ...
Updating learning rate to 4.304672100000001e-05
Epoch: 12 cost time: 9.343604326248169
Epoch: 12, Steps: 64 | Train Loss: 0.3684502 Vali Loss: 0.6840746 Test Loss: 0.3815024
Validation loss decreased (0.688528 --> 0.684075).  Saving model ...
Updating learning rate to 3.874204890000001e-05
Epoch: 13 cost time: 9.412675619125366
Epoch: 13, Steps: 64 | Train Loss: 0.3669391 Vali Loss: 0.6861969 Test Loss: 0.3805919
EarlyStopping counter: 1 out of 100
Updating learning rate to 3.486784401000001e-05
Epoch: 14 cost time: 9.471747875213623
Epoch: 14, Steps: 64 | Train Loss: 0.3660353 Vali Loss: 0.6841189 Test Loss: 0.3799758
EarlyStopping counter: 2 out of 100
Updating learning rate to 3.138105960900001e-05
Epoch: 15 cost time: 9.4421968460083
Epoch: 15, Steps: 64 | Train Loss: 0.3650211 Vali Loss: 0.6810380 Test Loss: 0.3791299
Validation loss decreased (0.684075 --> 0.681038).  Saving model ...
Updating learning rate to 2.824295364810001e-05
Epoch: 16 cost time: 9.496012926101685
Epoch: 16, Steps: 64 | Train Loss: 0.3643215 Vali Loss: 0.6832359 Test Loss: 0.3786594
EarlyStopping counter: 1 out of 100
Updating learning rate to 2.541865828329001e-05
Epoch: 17 cost time: 9.40378999710083
Epoch: 17, Steps: 64 | Train Loss: 0.3638911 Vali Loss: 0.6835405 Test Loss: 0.3781404
EarlyStopping counter: 2 out of 100
Updating learning rate to 2.287679245496101e-05
Epoch: 18 cost time: 9.299879550933838
Epoch: 18, Steps: 64 | Train Loss: 0.3634794 Vali Loss: 0.6795401 Test Loss: 0.3777441
Validation loss decreased (0.681038 --> 0.679540).  Saving model ...
Updating learning rate to 2.0589113209464907e-05
Epoch: 19 cost time: 9.461869239807129
Epoch: 19, Steps: 64 | Train Loss: 0.3626374 Vali Loss: 0.6841827 Test Loss: 0.3774239
EarlyStopping counter: 1 out of 100
Updating learning rate to 1.8530201888518416e-05
Epoch: 20 cost time: 9.40272569656372
Epoch: 20, Steps: 64 | Train Loss: 0.3618107 Vali Loss: 0.6814370 Test Loss: 0.3771656
EarlyStopping counter: 2 out of 100
Updating learning rate to 1.6677181699666577e-05
Epoch: 21 cost time: 9.919636249542236
Epoch: 21, Steps: 64 | Train Loss: 0.3619545 Vali Loss: 0.6813924 Test Loss: 0.3769403
EarlyStopping counter: 3 out of 100
Updating learning rate to 1.5009463529699919e-05
Epoch: 22 cost time: 9.447712898254395
Epoch: 22, Steps: 64 | Train Loss: 0.3614561 Vali Loss: 0.6843500 Test Loss: 0.3766334
EarlyStopping counter: 4 out of 100
Updating learning rate to 1.3508517176729929e-05
Epoch: 23 cost time: 9.48902153968811
Epoch: 23, Steps: 64 | Train Loss: 0.3609360 Vali Loss: 0.6830443 Test Loss: 0.3764489
EarlyStopping counter: 5 out of 100
Updating learning rate to 1.2157665459056936e-05
Epoch: 24 cost time: 10.36993932723999
Epoch: 24, Steps: 64 | Train Loss: 0.3608940 Vali Loss: 0.6808018 Test Loss: 0.3763104
EarlyStopping counter: 6 out of 100
Updating learning rate to 1.0941898913151242e-05
Epoch: 25 cost time: 11.564416885375977
Epoch: 25, Steps: 64 | Train Loss: 0.3605993 Vali Loss: 0.6774836 Test Loss: 0.3761340
Validation loss decreased (0.679540 --> 0.677484).  Saving model ...
Updating learning rate to 9.847709021836118e-06
Epoch: 26 cost time: 10.52138352394104
Epoch: 26, Steps: 64 | Train Loss: 0.3609015 Vali Loss: 0.6817676 Test Loss: 0.3761314
EarlyStopping counter: 1 out of 100
Updating learning rate to 8.862938119652508e-06
Epoch: 27 cost time: 10.288906574249268
Epoch: 27, Steps: 64 | Train Loss: 0.3602573 Vali Loss: 0.6808068 Test Loss: 0.3759366
EarlyStopping counter: 2 out of 100
Updating learning rate to 7.976644307687255e-06
Epoch: 28 cost time: 10.212755918502808
Epoch: 28, Steps: 64 | Train Loss: 0.3603289 Vali Loss: 0.6773672 Test Loss: 0.3757927
Validation loss decreased (0.677484 --> 0.677367).  Saving model ...
Updating learning rate to 7.178979876918531e-06
Epoch: 29 cost time: 9.815982818603516
Epoch: 29, Steps: 64 | Train Loss: 0.3595516 Vali Loss: 0.6771529 Test Loss: 0.3757408
Validation loss decreased (0.677367 --> 0.677153).  Saving model ...
Updating learning rate to 6.4610818892266776e-06
Epoch: 30 cost time: 10.005467176437378
Epoch: 30, Steps: 64 | Train Loss: 0.3597202 Vali Loss: 0.6788921 Test Loss: 0.3757056
EarlyStopping counter: 1 out of 100
Updating learning rate to 5.8149737003040096e-06
Epoch: 31 cost time: 10.26436996459961
Epoch: 31, Steps: 64 | Train Loss: 0.3591647 Vali Loss: 0.6809564 Test Loss: 0.3756455
EarlyStopping counter: 2 out of 100
Updating learning rate to 5.23347633027361e-06
Epoch: 32 cost time: 10.33446979522705
Epoch: 32, Steps: 64 | Train Loss: 0.3590972 Vali Loss: 0.6822668 Test Loss: 0.3755117
EarlyStopping counter: 3 out of 100
Updating learning rate to 4.710128697246249e-06
Epoch: 33 cost time: 10.55781364440918
Epoch: 33, Steps: 64 | Train Loss: 0.3592969 Vali Loss: 0.6797759 Test Loss: 0.3755144
EarlyStopping counter: 4 out of 100
Updating learning rate to 4.239115827521624e-06
Epoch: 34 cost time: 10.408321142196655
Epoch: 34, Steps: 64 | Train Loss: 0.3592298 Vali Loss: 0.6810433 Test Loss: 0.3754630
EarlyStopping counter: 5 out of 100
Updating learning rate to 3.815204244769462e-06
Epoch: 35 cost time: 10.005889177322388
Epoch: 35, Steps: 64 | Train Loss: 0.3591975 Vali Loss: 0.6778262 Test Loss: 0.3754030
EarlyStopping counter: 6 out of 100
Updating learning rate to 3.4336838202925152e-06
Epoch: 36 cost time: 10.086735963821411
Epoch: 36, Steps: 64 | Train Loss: 0.3593849 Vali Loss: 0.6805615 Test Loss: 0.3753217
EarlyStopping counter: 7 out of 100
Updating learning rate to 3.090315438263264e-06
Epoch: 37 cost time: 10.455323219299316
Epoch: 37, Steps: 64 | Train Loss: 0.3591321 Vali Loss: 0.6795917 Test Loss: 0.3752698
EarlyStopping counter: 8 out of 100
Updating learning rate to 2.7812838944369375e-06
Epoch: 38 cost time: 10.40649151802063
Epoch: 38, Steps: 64 | Train Loss: 0.3591065 Vali Loss: 0.6773536 Test Loss: 0.3753065
EarlyStopping counter: 9 out of 100
Updating learning rate to 2.503155504993244e-06
Epoch: 39 cost time: 10.030151605606079
Epoch: 39, Steps: 64 | Train Loss: 0.3591858 Vali Loss: 0.6817685 Test Loss: 0.3752352
EarlyStopping counter: 10 out of 100
Updating learning rate to 2.2528399544939195e-06
Epoch: 40 cost time: 10.684518337249756
Epoch: 40, Steps: 64 | Train Loss: 0.3590243 Vali Loss: 0.6773753 Test Loss: 0.3752383
EarlyStopping counter: 11 out of 100
Updating learning rate to 2.0275559590445276e-06
Epoch: 41 cost time: 10.352710247039795
Epoch: 41, Steps: 64 | Train Loss: 0.3588356 Vali Loss: 0.6782935 Test Loss: 0.3751481
EarlyStopping counter: 12 out of 100
Updating learning rate to 1.8248003631400751e-06
Epoch: 42 cost time: 10.219681978225708
Epoch: 42, Steps: 64 | Train Loss: 0.3586997 Vali Loss: 0.6757560 Test Loss: 0.3751735
Validation loss decreased (0.677153 --> 0.675756).  Saving model ...
Updating learning rate to 1.6423203268260676e-06
Epoch: 43 cost time: 9.819034814834595
Epoch: 43, Steps: 64 | Train Loss: 0.3583353 Vali Loss: 0.6754283 Test Loss: 0.3751256
Validation loss decreased (0.675756 --> 0.675428).  Saving model ...
Updating learning rate to 1.4780882941434609e-06
Epoch: 44 cost time: 9.89711332321167
Epoch: 44, Steps: 64 | Train Loss: 0.3586758 Vali Loss: 0.6793548 Test Loss: 0.3751566
EarlyStopping counter: 1 out of 100
Updating learning rate to 1.3302794647291146e-06
Epoch: 45 cost time: 10.745383501052856
Epoch: 45, Steps: 64 | Train Loss: 0.3586165 Vali Loss: 0.6800637 Test Loss: 0.3750916
EarlyStopping counter: 2 out of 100
Updating learning rate to 1.1972515182562034e-06
Epoch: 46 cost time: 11.012410163879395
Epoch: 46, Steps: 64 | Train Loss: 0.3584537 Vali Loss: 0.6767890 Test Loss: 0.3750998
EarlyStopping counter: 3 out of 100
Updating learning rate to 1.077526366430583e-06
Epoch: 47 cost time: 11.18413233757019
Epoch: 47, Steps: 64 | Train Loss: 0.3588306 Vali Loss: 0.6822183 Test Loss: 0.3751433
EarlyStopping counter: 4 out of 100
Updating learning rate to 9.697737297875248e-07
Epoch: 48 cost time: 10.133702278137207
Epoch: 48, Steps: 64 | Train Loss: 0.3585811 Vali Loss: 0.6801803 Test Loss: 0.3750978
EarlyStopping counter: 5 out of 100
Updating learning rate to 8.727963568087723e-07
Epoch: 49 cost time: 10.953318357467651
Epoch: 49, Steps: 64 | Train Loss: 0.3586204 Vali Loss: 0.6782746 Test Loss: 0.3751131
EarlyStopping counter: 6 out of 100
Updating learning rate to 7.855167211278951e-07
Epoch: 50 cost time: 10.619900703430176
Epoch: 50, Steps: 64 | Train Loss: 0.3585000 Vali Loss: 0.6757934 Test Loss: 0.3750190
EarlyStopping counter: 7 out of 100
Updating learning rate to 7.069650490151056e-07
Epoch: 51 cost time: 11.14983582496643
Epoch: 51, Steps: 64 | Train Loss: 0.3586938 Vali Loss: 0.6797876 Test Loss: 0.3750673
EarlyStopping counter: 8 out of 100
Updating learning rate to 6.36268544113595e-07
Epoch: 52 cost time: 10.223109006881714
Epoch: 52, Steps: 64 | Train Loss: 0.3585155 Vali Loss: 0.6826314 Test Loss: 0.3750086
EarlyStopping counter: 9 out of 100
Updating learning rate to 5.726416897022355e-07
Epoch: 53 cost time: 10.417835474014282
Epoch: 53, Steps: 64 | Train Loss: 0.3586154 Vali Loss: 0.6791231 Test Loss: 0.3750749
EarlyStopping counter: 10 out of 100
Updating learning rate to 5.15377520732012e-07
Epoch: 54 cost time: 10.406094074249268
Epoch: 54, Steps: 64 | Train Loss: 0.3586015 Vali Loss: 0.6761158 Test Loss: 0.3750249
EarlyStopping counter: 11 out of 100
Updating learning rate to 4.6383976865881085e-07
Epoch: 55 cost time: 10.420977592468262
Epoch: 55, Steps: 64 | Train Loss: 0.3585417 Vali Loss: 0.6763637 Test Loss: 0.3750285
EarlyStopping counter: 12 out of 100
Updating learning rate to 4.174557917929298e-07
Epoch: 56 cost time: 10.469067811965942
Epoch: 56, Steps: 64 | Train Loss: 0.3584551 Vali Loss: 0.6788628 Test Loss: 0.3750166
EarlyStopping counter: 13 out of 100
Updating learning rate to 3.7571021261363677e-07
Epoch: 57 cost time: 10.197848320007324
Epoch: 57, Steps: 64 | Train Loss: 0.3585800 Vali Loss: 0.6775604 Test Loss: 0.3749897
EarlyStopping counter: 14 out of 100
Updating learning rate to 3.381391913522731e-07
Epoch: 58 cost time: 10.348313570022583
Epoch: 58, Steps: 64 | Train Loss: 0.3584249 Vali Loss: 0.6830555 Test Loss: 0.3749855
EarlyStopping counter: 15 out of 100
Updating learning rate to 3.043252722170458e-07
Epoch: 59 cost time: 10.671294212341309
Epoch: 59, Steps: 64 | Train Loss: 0.3586619 Vali Loss: 0.6793243 Test Loss: 0.3749850
EarlyStopping counter: 16 out of 100
Updating learning rate to 2.7389274499534124e-07
Epoch: 60 cost time: 10.413661241531372
Epoch: 60, Steps: 64 | Train Loss: 0.3583586 Vali Loss: 0.6783012 Test Loss: 0.3749803
EarlyStopping counter: 17 out of 100
Updating learning rate to 2.465034704958071e-07
Epoch: 61 cost time: 11.298139095306396
Epoch: 61, Steps: 64 | Train Loss: 0.3582792 Vali Loss: 0.6784809 Test Loss: 0.3749916
EarlyStopping counter: 18 out of 100
Updating learning rate to 2.218531234462264e-07
Epoch: 62 cost time: 10.788352012634277
Epoch: 62, Steps: 64 | Train Loss: 0.3586394 Vali Loss: 0.6794591 Test Loss: 0.3749861
EarlyStopping counter: 19 out of 100
Updating learning rate to 1.9966781110160376e-07
Epoch: 63 cost time: 10.932685375213623
Epoch: 63, Steps: 64 | Train Loss: 0.3584464 Vali Loss: 0.6835352 Test Loss: 0.3750015
EarlyStopping counter: 20 out of 100
Updating learning rate to 1.797010299914434e-07
Epoch: 64 cost time: 10.669916152954102
Epoch: 64, Steps: 64 | Train Loss: 0.3579876 Vali Loss: 0.6771072 Test Loss: 0.3749546
EarlyStopping counter: 21 out of 100
Updating learning rate to 1.6173092699229907e-07
Epoch: 65 cost time: 10.356290102005005
Epoch: 65, Steps: 64 | Train Loss: 0.3584083 Vali Loss: 0.6789132 Test Loss: 0.3749284
EarlyStopping counter: 22 out of 100
Updating learning rate to 1.4555783429306916e-07
Epoch: 66 cost time: 10.050762414932251
Epoch: 66, Steps: 64 | Train Loss: 0.3584487 Vali Loss: 0.6775855 Test Loss: 0.3750151
EarlyStopping counter: 23 out of 100
Updating learning rate to 1.3100205086376224e-07
Epoch: 67 cost time: 10.263505935668945
Epoch: 67, Steps: 64 | Train Loss: 0.3581757 Vali Loss: 0.6792389 Test Loss: 0.3749861
EarlyStopping counter: 24 out of 100
Updating learning rate to 1.1790184577738603e-07
Epoch: 68 cost time: 9.945583820343018
Epoch: 68, Steps: 64 | Train Loss: 0.3584851 Vali Loss: 0.6792353 Test Loss: 0.3749661
EarlyStopping counter: 25 out of 100
Updating learning rate to 1.0611166119964742e-07
Epoch: 69 cost time: 10.143394470214844
Epoch: 69, Steps: 64 | Train Loss: 0.3585452 Vali Loss: 0.6807209 Test Loss: 0.3749434
EarlyStopping counter: 26 out of 100
Updating learning rate to 9.550049507968268e-08
Epoch: 70 cost time: 10.275412321090698
Epoch: 70, Steps: 64 | Train Loss: 0.3583441 Vali Loss: 0.6792428 Test Loss: 0.3749966
EarlyStopping counter: 27 out of 100
Updating learning rate to 8.595044557171442e-08
Epoch: 71 cost time: 10.017744779586792
Epoch: 71, Steps: 64 | Train Loss: 0.3586845 Vali Loss: 0.6813179 Test Loss: 0.3749840
EarlyStopping counter: 28 out of 100
Updating learning rate to 7.735540101454298e-08
Epoch: 72 cost time: 10.155812501907349
Epoch: 72, Steps: 64 | Train Loss: 0.3587617 Vali Loss: 0.6765464 Test Loss: 0.3750314
EarlyStopping counter: 29 out of 100
Updating learning rate to 6.961986091308869e-08
Epoch: 73 cost time: 10.301270723342896
Epoch: 73, Steps: 64 | Train Loss: 0.3584767 Vali Loss: 0.6817260 Test Loss: 0.3749641
EarlyStopping counter: 30 out of 100
Updating learning rate to 6.265787482177981e-08
Epoch: 74 cost time: 9.626537561416626
Epoch: 74, Steps: 64 | Train Loss: 0.3584754 Vali Loss: 0.6823459 Test Loss: 0.3749444
EarlyStopping counter: 31 out of 100
Updating learning rate to 5.639208733960184e-08
Epoch: 75 cost time: 10.220533609390259
Epoch: 75, Steps: 64 | Train Loss: 0.3583910 Vali Loss: 0.6757949 Test Loss: 0.3749636
EarlyStopping counter: 32 out of 100
Updating learning rate to 5.075287860564165e-08
Epoch: 76 cost time: 10.00107192993164
Epoch: 76, Steps: 64 | Train Loss: 0.3584161 Vali Loss: 0.6777296 Test Loss: 0.3750156
EarlyStopping counter: 33 out of 100
Updating learning rate to 4.567759074507749e-08
Epoch: 77 cost time: 9.946674823760986
Epoch: 77, Steps: 64 | Train Loss: 0.3585432 Vali Loss: 0.6816327 Test Loss: 0.3750049
EarlyStopping counter: 34 out of 100
Updating learning rate to 4.1109831670569744e-08
Epoch: 78 cost time: 9.755833148956299
Epoch: 78, Steps: 64 | Train Loss: 0.3582785 Vali Loss: 0.6804975 Test Loss: 0.3749090
EarlyStopping counter: 35 out of 100
Updating learning rate to 3.6998848503512764e-08
Epoch: 79 cost time: 9.960835933685303
Epoch: 79, Steps: 64 | Train Loss: 0.3584025 Vali Loss: 0.6803862 Test Loss: 0.3749381
EarlyStopping counter: 36 out of 100
Updating learning rate to 3.3298963653161496e-08
Epoch: 80 cost time: 9.836143016815186
Epoch: 80, Steps: 64 | Train Loss: 0.3583881 Vali Loss: 0.6796730 Test Loss: 0.3749757
EarlyStopping counter: 37 out of 100
Updating learning rate to 2.996906728784534e-08
Epoch: 81 cost time: 9.837035655975342
Epoch: 81, Steps: 64 | Train Loss: 0.3581086 Vali Loss: 0.6798194 Test Loss: 0.3749478
EarlyStopping counter: 38 out of 100
Updating learning rate to 2.697216055906081e-08
Epoch: 82 cost time: 9.67600417137146
Epoch: 82, Steps: 64 | Train Loss: 0.3583019 Vali Loss: 0.6762199 Test Loss: 0.3749687
EarlyStopping counter: 39 out of 100
Updating learning rate to 2.427494450315473e-08
Epoch: 83 cost time: 9.721951007843018
Epoch: 83, Steps: 64 | Train Loss: 0.3585319 Vali Loss: 0.6803267 Test Loss: 0.3749844
EarlyStopping counter: 40 out of 100
Updating learning rate to 2.1847450052839257e-08
Epoch: 84 cost time: 9.680136680603027
Epoch: 84, Steps: 64 | Train Loss: 0.3583911 Vali Loss: 0.6818025 Test Loss: 0.3750053
EarlyStopping counter: 41 out of 100
Updating learning rate to 1.9662705047555332e-08
Epoch: 85 cost time: 9.673229455947876
Epoch: 85, Steps: 64 | Train Loss: 0.3582295 Vali Loss: 0.6792052 Test Loss: 0.3749606
EarlyStopping counter: 42 out of 100
Updating learning rate to 1.7696434542799797e-08
Epoch: 86 cost time: 9.658709526062012
Epoch: 86, Steps: 64 | Train Loss: 0.3584492 Vali Loss: 0.6739814 Test Loss: 0.3749565
Validation loss decreased (0.675428 --> 0.673981).  Saving model ...
Updating learning rate to 1.5926791088519817e-08
Epoch: 87 cost time: 9.669260025024414
Epoch: 87, Steps: 64 | Train Loss: 0.3586306 Vali Loss: 0.6749480 Test Loss: 0.3749780
EarlyStopping counter: 1 out of 100
Updating learning rate to 1.4334111979667836e-08
Epoch: 88 cost time: 9.719430446624756
Epoch: 88, Steps: 64 | Train Loss: 0.3584756 Vali Loss: 0.6777693 Test Loss: 0.3749720
EarlyStopping counter: 2 out of 100
Updating learning rate to 1.2900700781701054e-08
Epoch: 89 cost time: 9.671600580215454
Epoch: 89, Steps: 64 | Train Loss: 0.3588075 Vali Loss: 0.6797095 Test Loss: 0.3749787
EarlyStopping counter: 3 out of 100
Updating learning rate to 1.161063070353095e-08
Epoch: 90 cost time: 9.737790584564209
Epoch: 90, Steps: 64 | Train Loss: 0.3587684 Vali Loss: 0.6811351 Test Loss: 0.3749599
EarlyStopping counter: 4 out of 100
Updating learning rate to 1.0449567633177854e-08
Epoch: 91 cost time: 10.195708513259888
Epoch: 91, Steps: 64 | Train Loss: 0.3585839 Vali Loss: 0.6778568 Test Loss: 0.3749371
EarlyStopping counter: 5 out of 100
Updating learning rate to 9.404610869860069e-09
Epoch: 92 cost time: 9.601848363876343
Epoch: 92, Steps: 64 | Train Loss: 0.3588593 Vali Loss: 0.6759859 Test Loss: 0.3749847
EarlyStopping counter: 6 out of 100
Updating learning rate to 8.464149782874063e-09
Epoch: 93 cost time: 9.588088274002075
Epoch: 93, Steps: 64 | Train Loss: 0.3584754 Vali Loss: 0.6801540 Test Loss: 0.3750171
EarlyStopping counter: 7 out of 100
Updating learning rate to 7.617734804586658e-09
Epoch: 94 cost time: 10.206145524978638
Epoch: 94, Steps: 64 | Train Loss: 0.3584308 Vali Loss: 0.6777593 Test Loss: 0.3750149
EarlyStopping counter: 8 out of 100
Updating learning rate to 6.855961324127991e-09
Epoch: 95 cost time: 10.096250057220459
Epoch: 95, Steps: 64 | Train Loss: 0.3584124 Vali Loss: 0.6771666 Test Loss: 0.3750361
EarlyStopping counter: 9 out of 100
Updating learning rate to 6.170365191715193e-09
Epoch: 96 cost time: 10.188549041748047
Epoch: 96, Steps: 64 | Train Loss: 0.3583388 Vali Loss: 0.6793512 Test Loss: 0.3750251
EarlyStopping counter: 10 out of 100
Updating learning rate to 5.5533286725436726e-09
Epoch: 97 cost time: 10.030253410339355
Epoch: 97, Steps: 64 | Train Loss: 0.3581882 Vali Loss: 0.6819812 Test Loss: 0.3749347
EarlyStopping counter: 11 out of 100
Updating learning rate to 4.997995805289306e-09
Epoch: 98 cost time: 9.698768854141235
Epoch: 98, Steps: 64 | Train Loss: 0.3586097 Vali Loss: 0.6745666 Test Loss: 0.3750227
EarlyStopping counter: 12 out of 100
Updating learning rate to 4.498196224760375e-09
Epoch: 99 cost time: 9.717889547348022
Epoch: 99, Steps: 64 | Train Loss: 0.3583601 Vali Loss: 0.6783851 Test Loss: 0.3749866
EarlyStopping counter: 13 out of 100
Updating learning rate to 4.048376602284338e-09
Epoch: 100 cost time: 9.795764207839966
Epoch: 100, Steps: 64 | Train Loss: 0.3581978 Vali Loss: 0.6771212 Test Loss: 0.3749581
EarlyStopping counter: 14 out of 100
Updating learning rate to 3.643538942055904e-09
>>>>>>>testing : 336_96_PatchTST_ETTh1_ftM_sl336_ll48_pl96_dm16_nh4_el3_dl1_df128_fc1_ebtimeF_dtTrue_Exp_0<<<<<<<<<<<<<<<<<<<<<<<<<<<<<<<<<
test 2785
mse:0.3749564588069916, mae:0.39932700991630554, rse:0.5806385278701782
