Random seed set as 2021
Args in experiment:
Namespace(random_seed=2021, is_training=1, model_id='336_192', model='PatchTST', data='ETTh1', root_path='./datasets/ETDataset/ETT-small/', data_path='ETTh1.csv', features='M', target='OT', freq='h', checkpoints='./checkpoints/', seq_len=336, label_len=48, pred_len=192, fc_dropout=0.3, head_dropout=0.0, patch_len=16, stride=8, padding_patch='end', revin=1, affine=0, subtract_last=0, decomposition=0, kernel_size=25, individual=0, embed_type=0, enc_in=7, dec_in=7, c_out=7, d_model=16, n_heads=4, e_layers=3, d_layers=1, d_ff=128, moving_avg=25, factor=1, distil=True, dropout=0.3, embed='timeF', activation='gelu', output_attention=False, do_predict=False, num_workers=10, itr=1, train_epochs=100, batch_size=128, patience=100, learning_rate=0.0001, des='Exp', loss='mse', lradj='type3', pct_start=0.3, use_amp=False, use_gpu=False, gpu=0, use_multi_gpu=False, devices='0,1,2,3', test_flop=False)
Use CPU
>>>>>>>start training : 336_192_PatchTST_ETTh1_ftM_sl336_ll48_pl192_dm16_nh4_el3_dl1_df128_fc1_ebtimeF_dtTrue_Exp_0>>>>>>>>>>>>>>>>>>>>>>>>>>
train 8113
val 2689
test 2689
Epoch: 1 cost time: 9.378062009811401
Epoch: 1, Steps: 63 | Train Loss: 0.7655010 Vali Loss: 1.5951368 Test Loss: 0.8058918
Validation loss decreased (inf --> 1.595137).  Saving model ...
Updating learning rate to 0.0001
Epoch: 2 cost time: 9.772547006607056
Epoch: 2, Steps: 63 | Train Loss: 0.6109390 Vali Loss: 1.1034321 Test Loss: 0.5064608
Validation loss decreased (1.595137 --> 1.103432).  Saving model ...
Updating learning rate to 0.0001
Epoch: 3 cost time: 9.513598442077637
Epoch: 3, Steps: 63 | Train Loss: 0.5062467 Vali Loss: 1.0094050 Test Loss: 0.4617999
Validation loss decreased (1.103432 --> 1.009405).  Saving model ...
Updating learning rate to 0.0001
Epoch: 4 cost time: 10.092288970947266
Epoch: 4, Steps: 63 | Train Loss: 0.4702912 Vali Loss: 0.9660315 Test Loss: 0.4446113
Validation loss decreased (1.009405 --> 0.966031).  Saving model ...
Updating learning rate to 9e-05
Epoch: 5 cost time: 9.486440181732178
Epoch: 5, Steps: 63 | Train Loss: 0.4517580 Vali Loss: 0.9492099 Test Loss: 0.4353595
Validation loss decreased (0.966031 --> 0.949210).  Saving model ...
Updating learning rate to 8.1e-05
Epoch: 6 cost time: 10.259867429733276
Epoch: 6, Steps: 63 | Train Loss: 0.4407587 Vali Loss: 0.9400760 Test Loss: 0.4293287
Validation loss decreased (0.949210 --> 0.940076).  Saving model ...
Updating learning rate to 7.290000000000001e-05
Epoch: 7 cost time: 10.339720726013184
Epoch: 7, Steps: 63 | Train Loss: 0.4348300 Vali Loss: 0.9371231 Test Loss: 0.4252631
Validation loss decreased (0.940076 --> 0.937123).  Saving model ...
Updating learning rate to 6.561e-05
Epoch: 8 cost time: 10.421109437942505
Epoch: 8, Steps: 63 | Train Loss: 0.4304899 Vali Loss: 0.9349070 Test Loss: 0.4223984
Validation loss decreased (0.937123 --> 0.934907).  Saving model ...
Updating learning rate to 5.904900000000001e-05
Epoch: 9 cost time: 10.303150177001953
Epoch: 9, Steps: 63 | Train Loss: 0.4273411 Vali Loss: 0.9314120 Test Loss: 0.4207193
Validation loss decreased (0.934907 --> 0.931412).  Saving model ...
Updating learning rate to 5.3144100000000005e-05
Epoch: 10 cost time: 10.365997791290283
Epoch: 10, Steps: 63 | Train Loss: 0.4246375 Vali Loss: 0.9297709 Test Loss: 0.4193991
Validation loss decreased (0.931412 --> 0.929771).  Saving model ...
Updating learning rate to 4.782969000000001e-05
Epoch: 11 cost time: 9.72670578956604
Epoch: 11, Steps: 63 | Train Loss: 0.4231481 Vali Loss: 0.9293345 Test Loss: 0.4181921
Validation loss decreased (0.929771 --> 0.929335).  Saving model ...
Updating learning rate to 4.304672100000001e-05
Epoch: 12 cost time: 9.774135828018188
Epoch: 12, Steps: 63 | Train Loss: 0.4212482 Vali Loss: 0.9296942 Test Loss: 0.4174077
EarlyStopping counter: 1 out of 100
Updating learning rate to 3.874204890000001e-05
Epoch: 13 cost time: 10.30170750617981
Epoch: 13, Steps: 63 | Train Loss: 0.4206297 Vali Loss: 0.9278734 Test Loss: 0.4167401
Validation loss decreased (0.929335 --> 0.927873).  Saving model ...
Updating learning rate to 3.486784401000001e-05
Epoch: 14 cost time: 10.041353464126587
Epoch: 14, Steps: 63 | Train Loss: 0.4188442 Vali Loss: 0.9276081 Test Loss: 0.4161169
Validation loss decreased (0.927873 --> 0.927608).  Saving model ...
Updating learning rate to 3.138105960900001e-05
Epoch: 15 cost time: 10.495636701583862
Epoch: 15, Steps: 63 | Train Loss: 0.4181751 Vali Loss: 0.9281358 Test Loss: 0.4159501
EarlyStopping counter: 1 out of 100
Updating learning rate to 2.824295364810001e-05
Epoch: 16 cost time: 10.304871082305908
Epoch: 16, Steps: 63 | Train Loss: 0.4179562 Vali Loss: 0.9267403 Test Loss: 0.4153795
Validation loss decreased (0.927608 --> 0.926740).  Saving model ...
Updating learning rate to 2.541865828329001e-05
Epoch: 17 cost time: 9.983861207962036
Epoch: 17, Steps: 63 | Train Loss: 0.4168291 Vali Loss: 0.9260191 Test Loss: 0.4152638
Validation loss decreased (0.926740 --> 0.926019).  Saving model ...
Updating learning rate to 2.287679245496101e-05
Epoch: 18 cost time: 10.053126335144043
Epoch: 18, Steps: 63 | Train Loss: 0.4166842 Vali Loss: 0.9270142 Test Loss: 0.4149927
EarlyStopping counter: 1 out of 100
Updating learning rate to 2.0589113209464907e-05
Epoch: 19 cost time: 10.60503363609314
Epoch: 19, Steps: 63 | Train Loss: 0.4159789 Vali Loss: 0.9273030 Test Loss: 0.4148262
EarlyStopping counter: 2 out of 100
Updating learning rate to 1.8530201888518416e-05
Epoch: 20 cost time: 10.0362548828125
Epoch: 20, Steps: 63 | Train Loss: 0.4155237 Vali Loss: 0.9259269 Test Loss: 0.4145610
Validation loss decreased (0.926019 --> 0.925927).  Saving model ...
Updating learning rate to 1.6677181699666577e-05
Epoch: 21 cost time: 9.939455509185791
Epoch: 21, Steps: 63 | Train Loss: 0.4152860 Vali Loss: 0.9263071 Test Loss: 0.4144486
EarlyStopping counter: 1 out of 100
Updating learning rate to 1.5009463529699919e-05
Epoch: 22 cost time: 10.183296918869019
Epoch: 22, Steps: 63 | Train Loss: 0.4150260 Vali Loss: 0.9267712 Test Loss: 0.4143571
EarlyStopping counter: 2 out of 100
Updating learning rate to 1.3508517176729929e-05
Epoch: 23 cost time: 10.025595664978027
Epoch: 23, Steps: 63 | Train Loss: 0.4148580 Vali Loss: 0.9271461 Test Loss: 0.4143508
EarlyStopping counter: 3 out of 100
Updating learning rate to 1.2157665459056936e-05
Epoch: 24 cost time: 10.682739496231079
Epoch: 24, Steps: 63 | Train Loss: 0.4140124 Vali Loss: 0.9265231 Test Loss: 0.4141358
EarlyStopping counter: 4 out of 100
Updating learning rate to 1.0941898913151242e-05
Epoch: 25 cost time: 10.077586650848389
Epoch: 25, Steps: 63 | Train Loss: 0.4136797 Vali Loss: 0.9266356 Test Loss: 0.4141784
EarlyStopping counter: 5 out of 100
Updating learning rate to 9.847709021836118e-06
Epoch: 26 cost time: 10.109135150909424
Epoch: 26, Steps: 63 | Train Loss: 0.4134603 Vali Loss: 0.9255387 Test Loss: 0.4140004
Validation loss decreased (0.925927 --> 0.925539).  Saving model ...
Updating learning rate to 8.862938119652508e-06
Epoch: 27 cost time: 10.189592361450195
Epoch: 27, Steps: 63 | Train Loss: 0.4139054 Vali Loss: 0.9257491 Test Loss: 0.4140659
EarlyStopping counter: 1 out of 100
Updating learning rate to 7.976644307687255e-06
Epoch: 28 cost time: 10.08710503578186
Epoch: 28, Steps: 63 | Train Loss: 0.4136711 Vali Loss: 0.9261925 Test Loss: 0.4139365
EarlyStopping counter: 2 out of 100
Updating learning rate to 7.178979876918531e-06
Epoch: 29 cost time: 10.03665566444397
Epoch: 29, Steps: 63 | Train Loss: 0.4135886 Vali Loss: 0.9263469 Test Loss: 0.4139162
EarlyStopping counter: 3 out of 100
Updating learning rate to 6.4610818892266776e-06
Epoch: 30 cost time: 10.081572532653809
Epoch: 30, Steps: 63 | Train Loss: 0.4135785 Vali Loss: 0.9262352 Test Loss: 0.4139218
EarlyStopping counter: 4 out of 100
Updating learning rate to 5.8149737003040096e-06
Epoch: 31 cost time: 9.791009187698364
Epoch: 31, Steps: 63 | Train Loss: 0.4132385 Vali Loss: 0.9260018 Test Loss: 0.4138917
EarlyStopping counter: 5 out of 100
Updating learning rate to 5.23347633027361e-06
Epoch: 32 cost time: 10.022409439086914
Epoch: 32, Steps: 63 | Train Loss: 0.4128328 Vali Loss: 0.9260062 Test Loss: 0.4138511
EarlyStopping counter: 6 out of 100
Updating learning rate to 4.710128697246249e-06
Epoch: 33 cost time: 10.327649593353271
Epoch: 33, Steps: 63 | Train Loss: 0.4125816 Vali Loss: 0.9263781 Test Loss: 0.4138505
EarlyStopping counter: 7 out of 100
Updating learning rate to 4.239115827521624e-06
Epoch: 34 cost time: 10.206276655197144
Epoch: 34, Steps: 63 | Train Loss: 0.4130447 Vali Loss: 0.9262164 Test Loss: 0.4138121
EarlyStopping counter: 8 out of 100
Updating learning rate to 3.815204244769462e-06
Epoch: 35 cost time: 9.952508926391602
Epoch: 35, Steps: 63 | Train Loss: 0.4123685 Vali Loss: 0.9258717 Test Loss: 0.4137831
EarlyStopping counter: 9 out of 100
Updating learning rate to 3.4336838202925152e-06
Epoch: 36 cost time: 9.929967164993286
Epoch: 36, Steps: 63 | Train Loss: 0.4123509 Vali Loss: 0.9262300 Test Loss: 0.4138071
EarlyStopping counter: 10 out of 100
Updating learning rate to 3.090315438263264e-06
Epoch: 37 cost time: 9.89618968963623
Epoch: 37, Steps: 63 | Train Loss: 0.4127340 Vali Loss: 0.9258191 Test Loss: 0.4137419
EarlyStopping counter: 11 out of 100
Updating learning rate to 2.7812838944369375e-06
Epoch: 38 cost time: 9.697383880615234
Epoch: 38, Steps: 63 | Train Loss: 0.4124755 Vali Loss: 0.9253955 Test Loss: 0.4137100
Validation loss decreased (0.925539 --> 0.925395).  Saving model ...
Updating learning rate to 2.503155504993244e-06
Epoch: 39 cost time: 10.034139394760132
Epoch: 39, Steps: 63 | Train Loss: 0.4127118 Vali Loss: 0.9261773 Test Loss: 0.4137269
EarlyStopping counter: 1 out of 100
Updating learning rate to 2.2528399544939195e-06
Epoch: 40 cost time: 9.797680139541626
Epoch: 40, Steps: 63 | Train Loss: 0.4126434 Vali Loss: 0.9262902 Test Loss: 0.4137563
EarlyStopping counter: 2 out of 100
Updating learning rate to 2.0275559590445276e-06
Epoch: 41 cost time: 10.560389757156372
Epoch: 41, Steps: 63 | Train Loss: 0.4124626 Vali Loss: 0.9253484 Test Loss: 0.4136875
Validation loss decreased (0.925395 --> 0.925348).  Saving model ...
Updating learning rate to 1.8248003631400751e-06
Epoch: 42 cost time: 9.839570045471191
Epoch: 42, Steps: 63 | Train Loss: 0.4126648 Vali Loss: 0.9262331 Test Loss: 0.4136563
EarlyStopping counter: 1 out of 100
Updating learning rate to 1.6423203268260676e-06
Epoch: 43 cost time: 9.626511096954346
Epoch: 43, Steps: 63 | Train Loss: 0.4124544 Vali Loss: 0.9262269 Test Loss: 0.4136581
EarlyStopping counter: 2 out of 100
Updating learning rate to 1.4780882941434609e-06
Epoch: 44 cost time: 10.112802982330322
Epoch: 44, Steps: 63 | Train Loss: 0.4120305 Vali Loss: 0.9258451 Test Loss: 0.4136766
EarlyStopping counter: 3 out of 100
Updating learning rate to 1.3302794647291146e-06
Epoch: 45 cost time: 10.080577373504639
Epoch: 45, Steps: 63 | Train Loss: 0.4123180 Vali Loss: 0.9262803 Test Loss: 0.4136186
EarlyStopping counter: 4 out of 100
Updating learning rate to 1.1972515182562034e-06
Epoch: 46 cost time: 10.02774715423584
Epoch: 46, Steps: 63 | Train Loss: 0.4120132 Vali Loss: 0.9262835 Test Loss: 0.4136390
EarlyStopping counter: 5 out of 100
Updating learning rate to 1.077526366430583e-06
Epoch: 47 cost time: 10.047319889068604
Epoch: 47, Steps: 63 | Train Loss: 0.4125380 Vali Loss: 0.9262103 Test Loss: 0.4136400
EarlyStopping counter: 6 out of 100
Updating learning rate to 9.697737297875248e-07
Epoch: 48 cost time: 10.296194791793823
Epoch: 48, Steps: 63 | Train Loss: 0.4126799 Vali Loss: 0.9262918 Test Loss: 0.4136888
EarlyStopping counter: 7 out of 100
Updating learning rate to 8.727963568087723e-07
Epoch: 49 cost time: 10.416043043136597
Epoch: 49, Steps: 63 | Train Loss: 0.4124488 Vali Loss: 0.9262191 Test Loss: 0.4136466
EarlyStopping counter: 8 out of 100
Updating learning rate to 7.855167211278951e-07
Epoch: 50 cost time: 10.570884227752686
Epoch: 50, Steps: 63 | Train Loss: 0.4119275 Vali Loss: 0.9260705 Test Loss: 0.4136774
EarlyStopping counter: 9 out of 100
Updating learning rate to 7.069650490151056e-07
Epoch: 51 cost time: 10.402498006820679
Epoch: 51, Steps: 63 | Train Loss: 0.4125003 Vali Loss: 0.9261508 Test Loss: 0.4136930
EarlyStopping counter: 10 out of 100
Updating learning rate to 6.36268544113595e-07
Epoch: 52 cost time: 10.074524641036987
Epoch: 52, Steps: 63 | Train Loss: 0.4116483 Vali Loss: 0.9256984 Test Loss: 0.4136464
EarlyStopping counter: 11 out of 100
Updating learning rate to 5.726416897022355e-07
Epoch: 53 cost time: 10.374674797058105
Epoch: 53, Steps: 63 | Train Loss: 0.4122658 Vali Loss: 0.9255202 Test Loss: 0.4136347
EarlyStopping counter: 12 out of 100
Updating learning rate to 5.15377520732012e-07
Epoch: 54 cost time: 9.928357124328613
Epoch: 54, Steps: 63 | Train Loss: 0.4123029 Vali Loss: 0.9256495 Test Loss: 0.4136377
EarlyStopping counter: 13 out of 100
Updating learning rate to 4.6383976865881085e-07
Epoch: 55 cost time: 9.645278215408325
Epoch: 55, Steps: 63 | Train Loss: 0.4119808 Vali Loss: 0.9263405 Test Loss: 0.4136358
EarlyStopping counter: 14 out of 100
Updating learning rate to 4.174557917929298e-07
Epoch: 56 cost time: 9.583250045776367
Epoch: 56, Steps: 63 | Train Loss: 0.4118524 Vali Loss: 0.9262396 Test Loss: 0.4136733
EarlyStopping counter: 15 out of 100
Updating learning rate to 3.7571021261363677e-07
Epoch: 57 cost time: 9.60972285270691
Epoch: 57, Steps: 63 | Train Loss: 0.4123634 Vali Loss: 0.9256531 Test Loss: 0.4135957
EarlyStopping counter: 16 out of 100
Updating learning rate to 3.381391913522731e-07
Epoch: 58 cost time: 9.52241039276123
Epoch: 58, Steps: 63 | Train Loss: 0.4125118 Vali Loss: 0.9255763 Test Loss: 0.4136140
EarlyStopping counter: 17 out of 100
Updating learning rate to 3.043252722170458e-07
Epoch: 59 cost time: 9.743834495544434
Epoch: 59, Steps: 63 | Train Loss: 0.4124677 Vali Loss: 0.9257224 Test Loss: 0.4136488
EarlyStopping counter: 18 out of 100
Updating learning rate to 2.7389274499534124e-07
Epoch: 60 cost time: 10.4120934009552
Epoch: 60, Steps: 63 | Train Loss: 0.4122005 Vali Loss: 0.9257613 Test Loss: 0.4135968
EarlyStopping counter: 19 out of 100
Updating learning rate to 2.465034704958071e-07
Epoch: 61 cost time: 10.499789953231812
Epoch: 61, Steps: 63 | Train Loss: 0.4122280 Vali Loss: 0.9258350 Test Loss: 0.4136349
EarlyStopping counter: 20 out of 100
Updating learning rate to 2.218531234462264e-07
Epoch: 62 cost time: 10.543137550354004
Epoch: 62, Steps: 63 | Train Loss: 0.4119305 Vali Loss: 0.9258170 Test Loss: 0.4136770
EarlyStopping counter: 21 out of 100
Updating learning rate to 1.9966781110160376e-07
Epoch: 63 cost time: 9.856134414672852
Epoch: 63, Steps: 63 | Train Loss: 0.4121586 Vali Loss: 0.9261647 Test Loss: 0.4136205
EarlyStopping counter: 22 out of 100
Updating learning rate to 1.797010299914434e-07
Epoch: 64 cost time: 9.82096242904663
Epoch: 64, Steps: 63 | Train Loss: 0.4120118 Vali Loss: 0.9261035 Test Loss: 0.4136257
EarlyStopping counter: 23 out of 100
Updating learning rate to 1.6173092699229907e-07
Epoch: 65 cost time: 9.755510568618774
Epoch: 65, Steps: 63 | Train Loss: 0.4120811 Vali Loss: 0.9260885 Test Loss: 0.4136840
EarlyStopping counter: 24 out of 100
Updating learning rate to 1.4555783429306916e-07
Epoch: 66 cost time: 10.08291506767273
Epoch: 66, Steps: 63 | Train Loss: 0.4120294 Vali Loss: 0.9263047 Test Loss: 0.4136281
EarlyStopping counter: 25 out of 100
Updating learning rate to 1.3100205086376224e-07
Epoch: 67 cost time: 10.985523462295532
Epoch: 67, Steps: 63 | Train Loss: 0.4123321 Vali Loss: 0.9258680 Test Loss: 0.4136771
EarlyStopping counter: 26 out of 100
Updating learning rate to 1.1790184577738603e-07
Epoch: 68 cost time: 10.129324436187744
Epoch: 68, Steps: 63 | Train Loss: 0.4117973 Vali Loss: 0.9261343 Test Loss: 0.4136521
EarlyStopping counter: 27 out of 100
Updating learning rate to 1.0611166119964742e-07
Epoch: 69 cost time: 10.293696641921997
Epoch: 69, Steps: 63 | Train Loss: 0.4120937 Vali Loss: 0.9261018 Test Loss: 0.4136491
EarlyStopping counter: 28 out of 100
Updating learning rate to 9.550049507968268e-08
Epoch: 70 cost time: 10.286443948745728
Epoch: 70, Steps: 63 | Train Loss: 0.4122649 Vali Loss: 0.9255266 Test Loss: 0.4136814
EarlyStopping counter: 29 out of 100
Updating learning rate to 8.595044557171442e-08
Epoch: 71 cost time: 9.834386587142944
Epoch: 71, Steps: 63 | Train Loss: 0.4123830 Vali Loss: 0.9258564 Test Loss: 0.4136716
EarlyStopping counter: 30 out of 100
Updating learning rate to 7.735540101454298e-08
Epoch: 72 cost time: 10.0078444480896
Epoch: 72, Steps: 63 | Train Loss: 0.4122215 Vali Loss: 0.9261118 Test Loss: 0.4136358
EarlyStopping counter: 31 out of 100
Updating learning rate to 6.961986091308869e-08
Epoch: 73 cost time: 10.352182388305664
Epoch: 73, Steps: 63 | Train Loss: 0.4119987 Vali Loss: 0.9260660 Test Loss: 0.4136240
EarlyStopping counter: 32 out of 100
Updating learning rate to 6.265787482177981e-08
Epoch: 74 cost time: 10.316901206970215
Epoch: 74, Steps: 63 | Train Loss: 0.4119751 Vali Loss: 0.9257160 Test Loss: 0.4136140
EarlyStopping counter: 33 out of 100
Updating learning rate to 5.639208733960184e-08
Epoch: 75 cost time: 10.184016466140747
Epoch: 75, Steps: 63 | Train Loss: 0.4118545 Vali Loss: 0.9261846 Test Loss: 0.4135979
EarlyStopping counter: 34 out of 100
Updating learning rate to 5.075287860564165e-08
Epoch: 76 cost time: 10.079461812973022
Epoch: 76, Steps: 63 | Train Loss: 0.4120684 Vali Loss: 0.9260541 Test Loss: 0.4136278
EarlyStopping counter: 35 out of 100
Updating learning rate to 4.567759074507749e-08
Epoch: 77 cost time: 10.072668552398682
Epoch: 77, Steps: 63 | Train Loss: 0.4119786 Vali Loss: 0.9260103 Test Loss: 0.4136824
EarlyStopping counter: 36 out of 100
Updating learning rate to 4.1109831670569744e-08
Epoch: 78 cost time: 10.006405115127563
Epoch: 78, Steps: 63 | Train Loss: 0.4123487 Vali Loss: 0.9260268 Test Loss: 0.4135958
EarlyStopping counter: 37 out of 100
Updating learning rate to 3.6998848503512764e-08
Epoch: 79 cost time: 10.427750825881958
Epoch: 79, Steps: 63 | Train Loss: 0.4119633 Vali Loss: 0.9260365 Test Loss: 0.4136499
EarlyStopping counter: 38 out of 100
Updating learning rate to 3.3298963653161496e-08
Epoch: 80 cost time: 10.690958261489868
Epoch: 80, Steps: 63 | Train Loss: 0.4122119 Vali Loss: 0.9254887 Test Loss: 0.4135873
EarlyStopping counter: 39 out of 100
Updating learning rate to 2.996906728784534e-08
Epoch: 81 cost time: 10.682541847229004
Epoch: 81, Steps: 63 | Train Loss: 0.4122891 Vali Loss: 0.9261494 Test Loss: 0.4136444
EarlyStopping counter: 40 out of 100
Updating learning rate to 2.697216055906081e-08
Epoch: 82 cost time: 10.43677568435669
Epoch: 82, Steps: 63 | Train Loss: 0.4125128 Vali Loss: 0.9262769 Test Loss: 0.4136068
EarlyStopping counter: 41 out of 100
Updating learning rate to 2.427494450315473e-08
Epoch: 83 cost time: 10.641950845718384
Epoch: 83, Steps: 63 | Train Loss: 0.4118639 Vali Loss: 0.9261103 Test Loss: 0.4136424
EarlyStopping counter: 42 out of 100
Updating learning rate to 2.1847450052839257e-08
Epoch: 84 cost time: 10.543145179748535
Epoch: 84, Steps: 63 | Train Loss: 0.4121054 Vali Loss: 0.9258832 Test Loss: 0.4136204
EarlyStopping counter: 43 out of 100
Updating learning rate to 1.9662705047555332e-08
Epoch: 85 cost time: 9.990057706832886
Epoch: 85, Steps: 63 | Train Loss: 0.4123038 Vali Loss: 0.9258721 Test Loss: 0.4135755
EarlyStopping counter: 44 out of 100
Updating learning rate to 1.7696434542799797e-08
Epoch: 86 cost time: 10.480200052261353
Epoch: 86, Steps: 63 | Train Loss: 0.4119917 Vali Loss: 0.9260257 Test Loss: 0.4136311
EarlyStopping counter: 45 out of 100
Updating learning rate to 1.5926791088519817e-08
Epoch: 87 cost time: 10.015423059463501
Epoch: 87, Steps: 63 | Train Loss: 0.4121198 Vali Loss: 0.9260736 Test Loss: 0.4136442
EarlyStopping counter: 46 out of 100
Updating learning rate to 1.4334111979667836e-08
Epoch: 88 cost time: 10.411113023757935
Epoch: 88, Steps: 63 | Train Loss: 0.4117152 Vali Loss: 0.9261155 Test Loss: 0.4136417
EarlyStopping counter: 47 out of 100
Updating learning rate to 1.2900700781701054e-08
Epoch: 89 cost time: 10.2836012840271
Epoch: 89, Steps: 63 | Train Loss: 0.4119527 Vali Loss: 0.9260517 Test Loss: 0.4136480
EarlyStopping counter: 48 out of 100
Updating learning rate to 1.161063070353095e-08
Epoch: 90 cost time: 10.126673698425293
Epoch: 90, Steps: 63 | Train Loss: 0.4117017 Vali Loss: 0.9259125 Test Loss: 0.4136636
EarlyStopping counter: 49 out of 100
Updating learning rate to 1.0449567633177854e-08
Epoch: 91 cost time: 10.19819951057434
Epoch: 91, Steps: 63 | Train Loss: 0.4122621 Vali Loss: 0.9260719 Test Loss: 0.4136263
EarlyStopping counter: 50 out of 100
Updating learning rate to 9.404610869860069e-09
Epoch: 92 cost time: 9.689156770706177
Epoch: 92, Steps: 63 | Train Loss: 0.4123267 Vali Loss: 0.9260966 Test Loss: 0.4137093
EarlyStopping counter: 51 out of 100
Updating learning rate to 8.464149782874063e-09
Epoch: 93 cost time: 9.890420913696289
Epoch: 93, Steps: 63 | Train Loss: 0.4121102 Vali Loss: 0.9261352 Test Loss: 0.4136556
EarlyStopping counter: 52 out of 100
Updating learning rate to 7.617734804586658e-09
Epoch: 94 cost time: 10.0628023147583
Epoch: 94, Steps: 63 | Train Loss: 0.4123283 Vali Loss: 0.9260440 Test Loss: 0.4136257
EarlyStopping counter: 53 out of 100
Updating learning rate to 6.855961324127991e-09
Epoch: 95 cost time: 9.851555347442627
Epoch: 95, Steps: 63 | Train Loss: 0.4119027 Vali Loss: 0.9258150 Test Loss: 0.4136354
EarlyStopping counter: 54 out of 100
Updating learning rate to 6.170365191715193e-09
Epoch: 96 cost time: 10.269065141677856
Epoch: 96, Steps: 63 | Train Loss: 0.4120253 Vali Loss: 0.9260259 Test Loss: 0.4135958
EarlyStopping counter: 55 out of 100
Updating learning rate to 5.5533286725436726e-09
Epoch: 97 cost time: 10.053187847137451
Epoch: 97, Steps: 63 | Train Loss: 0.4120866 Vali Loss: 0.9256684 Test Loss: 0.4135734
EarlyStopping counter: 56 out of 100
Updating learning rate to 4.997995805289306e-09
Epoch: 98 cost time: 9.839478254318237
Epoch: 98, Steps: 63 | Train Loss: 0.4125014 Vali Loss: 0.9261140 Test Loss: 0.4136067
EarlyStopping counter: 57 out of 100
Updating learning rate to 4.498196224760375e-09
Epoch: 99 cost time: 10.273526668548584
Epoch: 99, Steps: 63 | Train Loss: 0.4122216 Vali Loss: 0.9258307 Test Loss: 0.4136632
EarlyStopping counter: 58 out of 100
Updating learning rate to 4.048376602284338e-09
Epoch: 100 cost time: 10.317174911499023
Epoch: 100, Steps: 63 | Train Loss: 0.4117496 Vali Loss: 0.9261598 Test Loss: 0.4135829
EarlyStopping counter: 59 out of 100
Updating learning rate to 3.643538942055904e-09
>>>>>>>testing : 336_192_PatchTST_ETTh1_ftM_sl336_ll48_pl192_dm16_nh4_el3_dl1_df128_fc1_ebtimeF_dtTrue_Exp_0<<<<<<<<<<<<<<<<<<<<<<<<<<<<<<<<<
test 2689
mse:0.41368746757507324, mae:0.42112478613853455, rse:0.6107842922210693
